compile: dmd   -c -odobj  compile//abstract_01.d 1> log.tmp 2>&1
compile//abstract_01.d:18: missing body { ... } after in or out

--------
compile: dmd   -c -odobj  compile//abstract_02.d 1> log.tmp 2>&1
compile//abstract_02.d:18: missing body { ... } after in or out

--------
compile: dmd   -c -odobj  compile//abstract_03.d 1> log.tmp 2>&1
compile//abstract_03.d:18: missing body { ... } after in or out

--------
compile: dmd   -c -odobj  compile//abstract_04.d 1> log.tmp 2>&1
compile//abstract_04.d:18: missing body { ... } after in or out

--------
compile: dmd   -c -odobj  compile//alias_08.d 1> log.tmp 2>&1

--------
compile: dmd   -c -odobj  compile//align_04.d 1> log.tmp 2>&1

--------
compile: dmd   -c -odobj  compile//bug_dsymbol_611_C.d 1> log.tmp 2>&1

--------
compile: dmd   -c -odobj  compile//bug_e2ir_1158_A.d 1> log.tmp 2>&1

--------
compile: dmd   -c -odobj  compile//const_12.d 1> log.tmp 2>&1
compile//const_12.d:5: invalid UTF-8 sequence

--------
compile: dmd   -c -odobj  compile//const_13.d 1> log.tmp 2>&1
compile//const_13.d:5: invalid UTF-8 sequence

--------
compile: dmd   -c -odobj  compile//delegate_13.d 1> log.tmp 2>&1
compile//delegate_13.d:18: function dstress.compile.delegate_13.A!(C ).A.foo (void delegate(C )d) does not match argument types (void delegate(B ))
compile//delegate_13.d:18: cannot implicitly convert expression __funclit1 of type void delegate(B ) to void delegate(C )

--------
compile: dmd   -c -odobj  compile//empty_01.d 1> log.tmp 2>&1

--------
compile: dmd   -c -odobj  compile//enum_05.d 1> log.tmp 2>&1
compile//enum_05.d:0: internal compiler error: Bus error
Please submit a full bug report,
with preprocessed source if appropriate.
See <URL:http://gcc.gnu.org/bugs.html> for instructions.

--------
compile: dmd   -c -odobj  compile//enum_12.d 1> log.tmp 2>&1
compile//enum_12.d:0: internal compiler error: Bus error
Please submit a full bug report,
with preprocessed source if appropriate.
See <URL:http://gcc.gnu.org/bugs.html> for instructions.

--------
compile: dmd   -c -odobj  compile//eol_comment_07.d 1> log.tmp 2>&1

--------
compile: dmd   -c -odobj  compile//eol_comment_08.d 1> log.tmp 2>&1

--------
compile: dmd   -c -odobj  compile//eol_comment_09.d 1> log.tmp 2>&1

--------
compile: dmd   -c -odobj  compile//extern_01.d 1> log.tmp 2>&1

--------
compile: dmd   -c -odobj  compile//extern_02.d 1> log.tmp 2>&1

--------
compile: dmd   -c -odobj  compile//extern_03.d 1> log.tmp 2>&1

--------
compile: dmd   -c -odobj  compile//extern_04.d 1> log.tmp 2>&1

--------
compile: dmd   -c -odobj  compile//extern_07.d 1> log.tmp 2>&1
compile//extern_07.d:16: basic type expected, not extern
compile//extern_07.d:16: found 'extern' when expecting ')'
compile//extern_07.d:16: found 'function' when expecting '.' following 'int'
compile//extern_07.d:16: found '(' when expecting identifier following 'int.'
compile//extern_07.d:16: C style cast deprecated, use cast(C)(0)
compile//extern_07.d:16: found ')' when expecting ';' following 'statement'
compile//extern_07.d:16: found ')' instead of statement

--------
compile: dmd   -c -odobj  compile//for_03.d 1> log.tmp 2>&1

--------
compile: dmd   -c -odobj  compile//forward_reference_01.d 1> log.tmp 2>&1

--------
compile: dmd   -c -odobj  compile//forward_reference_02.d 1> log.tmp 2>&1

--------
compile: dmd   addon/forward_reference_03_A.d addon/forward_reference_03_B.d -c -odobj  compile//forward_reference_03.d 1> log.tmp 2>&1
addon/forward_reference_03_B.d:14: class addon.forward_reference_03_B.MyClassB is forward referenced when looking for 'Foo'
addon/forward_reference_03_B.d:0: internal compiler error: Bus error
Please submit a full bug report,
with preprocessed source if appropriate.
See <URL:http://gcc.gnu.org/bugs.html> for instructions.

--------
compile: dmd   addon/forward_reference_03_B.d addon/forward_reference_03_A.d  -c -odobj  compile//forward_reference_04.d 1> log.tmp 2>&1
addon/forward_reference_03_B.d:14: class addon.forward_reference_03_B.MyClassB is forward referenced when looking for 'Foo'
addon/forward_reference_03_B.d:0: internal compiler error: Bus error
Please submit a full bug report,
with preprocessed source if appropriate.
See <URL:http://gcc.gnu.org/bugs.html> for instructions.

--------
compile: dmd   addon/forward_reference_03_A.d  -c -odobj  compile//forward_reference_05.d 1> log.tmp 2>&1

--------
compile: dmd   addon/forward_reference_03_B.d  -c -odobj  compile//forward_reference_06.d 1> log.tmp 2>&1
addon/forward_reference_03_B.d:14: class addon.forward_reference_03_B.MyClassB is forward referenced when looking for 'Foo'
addon/forward_reference_03_B.d:0: internal compiler error: Bus error
Please submit a full bug report,
with preprocessed source if appropriate.
See <URL:http://gcc.gnu.org/bugs.html> for instructions.

--------
compile: dmd   -c -odobj  compile//html_empty_01.html 1> log.tmp 2>&1

--------
compile: dmd   -c -odobj  compile//html_empty_02.html 1> log.tmp 2>&1

--------
compile: dmd   -c -odobj  compile//interface_08.d 1> log.tmp 2>&1
compile//interface_08.d:5: invalid UTF-8 sequence

--------
compile: dmd   -c -odobj  compile//interface_09.d 1> log.tmp 2>&1
compile//interface_09.d:5: invalid UTF-8 sequence

--------
compile: dmd   -c -odobj  compile//mixin_01.d 1> log.tmp 2>&1
compile//mixin_01.d:16: mixin dstress.compile.mixin_01.!() mix conflicts with dstress.compile.mixin_01.mix() at compile//mixin_01.d:12
compile//mixin_01.d:16: mixin dstress.compile.mixin_01.!() mix mixin_01 is not a template

--------
compile: dmd   -c -odobj  compile//sizeof_12.d 1> log.tmp 2>&1

--------
compile: dmd   -c -odobj  compile//struct_16.d 1> log.tmp 2>&1

--------
compile: dmd   -c -odobj  compile//struct_18.d 1> log.tmp 2>&1

--------
compile: dmd   -c -odobj  compile//struct_21.d 1> log.tmp 2>&1

--------
compile: dmd   -c -odobj  compile//struct_22.d 1> log.tmp 2>&1

--------
compile: dmd   -c -odobj  compile//template_struct_02.d 1> log.tmp 2>&1

--------
compile: dmd   -c -odobj  compile//typedef_05.d 1> log.tmp 2>&1

--------
compile: dmd   -c -odobj  compile//union_10.d 1> log.tmp 2>&1

--------
compile: dmd   -c -odobj  compile//unittest_02.d 1> log.tmp 2>&1

--------
compile: dmd   -c -odobj  compile//variadic_argument_02.d 1> log.tmp 2>&1

--------
compile: dmd   -c -odobj  compile//variadic_argument_03.d 1> log.tmp 2>&1

--------
compile: dmd   -c -odobj  compile//version_09.d 1> log.tmp 2>&1
compile//version_09.d:5: variable version_09.test conflicts with version_09.test at compile//version_09.d:2

--------
nocompile: dmd   -c -odobj  nocompile//ExpressionStatement_01.d 1> log.tmp 2>&1

--------
nocompile: dmd   -c -odobj  nocompile//ExpressionStatement_02.d 1> log.tmp 2>&1

--------
nocompile: dmd   -c -odobj  nocompile//InExpression_14.d 1> log.tmp 2>&1
nocompile//InExpression_14.d:16: rvalue of in expression must be an associative array, not int[]
nocompile//InExpression_14.d:16: cannot implicitly convert expression key in array of type int to int*

--------
nocompile: dmd   -c -odobj  nocompile//InExpression_15.d 1> log.tmp 2>&1
nocompile//InExpression_15.d:16: rvalue of in expression must be an associative array, not MyClass
nocompile//InExpression_15.d:16: cannot implicitly convert expression 99 in object of type int to void*

--------
nocompile: dmd   -c -odobj  nocompile//InExpression_16.d 1> log.tmp 2>&1
nocompile//InExpression_16.d:16: rvalue of in expression must be an associative array, not MyStruct
nocompile//InExpression_16.d:16: cannot implicitly convert expression 99 in object of type int to void*

--------
nocompile: dmd   -c -odobj  nocompile//InExpression_17.d 1> log.tmp 2>&1
nocompile//InExpression_17.d:16: rvalue of in expression must be an associative array, not MyEnum
nocompile//InExpression_17.d:16: cannot implicitly convert expression 99 in object of type int to void*

--------
nocompile: dmd   -c -odobj  nocompile//InExpression_18.d 1> log.tmp 2>&1
nocompile//InExpression_18.d:16: rvalue of in expression must be an associative array, not MyUnion
nocompile//InExpression_18.d:16: cannot implicitly convert expression 99 in object of type int to void*

--------
nocompile: dmd   -c -odobj  nocompile//abstract_05.d 1> log.tmp 2>&1

--------
nocompile: dmd   -c -odobj  nocompile//alias_05.d 1> log.tmp 2>&1
/var/tmp//ccbRWtgd.s:19:FATAL:Symbol __D7dstress9nocompile8alias_053fooFiZv already defined.

--------
nocompile: dmd   -c -odobj  nocompile//align_01.d 1> log.tmp 2>&1

--------
nocompile: dmd   -c -odobj  nocompile//align_02.d 1> log.tmp 2>&1
nocompile//align_02.d:2: integer expected, not -
nocompile//align_02.d:2: found '1' when expecting ')'
nocompile//align_02.d:2: Declaration expected, not ')'

--------
nocompile: dmd   -c -odobj  nocompile//align_03.d 1> log.tmp 2>&1

--------
nocompile: dmd   -c -odobj  nocompile//align_05.d 1> log.tmp 2>&1

--------
nocompile: dmd   -c -odobj  nocompile//argument_01.d 1> log.tmp 2>&1
nocompile//argument_01.d:9: function dstress.nocompile.argument_01.test parameter test.t is already defined

--------
nocompile: dmd   -c -odobj  nocompile//argument_02.d 1> log.tmp 2>&1
nocompile//argument_02.d:9: function dstress.nocompile.argument_02.test parameter test.t is already defined

--------
nocompile: dmd   -c -odobj  nocompile//array_initialization_04.d 1> log.tmp 2>&1
nocompile//array_initialization_04.d:17: Integer constant expression expected instead of t
nocompile//array_initialization_04.d:17: Integer constant expression expected instead of t

--------
nocompile: dmd   -c -odobj  nocompile//assert_03.d 1> log.tmp 2>&1
nocompile//assert_03.d:3: static assert  (0) is false

--------
nocompile: dmd   -c -odobj  nocompile//associative_array_01.d 1> log.tmp 2>&1
nocompile//associative_array_01.d:4: k.length is not an lvalue

--------
nocompile: dmd   -c -odobj  nocompile//associative_array_03.d 1> log.tmp 2>&1
nocompile//associative_array_03.d:11: cannot implicitly convert expression asso of type int[uint] to int[]

--------
nocompile: dmd   -c -odobj  nocompile//associative_array_04.d 1> log.tmp 2>&1
nocompile//associative_array_04.d:11: cannot implicitly convert expression array of type int[] to int[uint]

--------
nocompile: dmd   -c -odobj  nocompile//associative_array_05.d 1> log.tmp 2>&1
nocompile//associative_array_05.d:1: invalid UTF-8 sequence

--------
nocompile: dmd   -c -odobj  nocompile//associative_array_06.d 1> log.tmp 2>&1
nocompile//associative_array_06.d:10: can't have associative array key of void

--------
nocompile: dmd   -c -odobj  nocompile//bit_02.d 1> log.tmp 2>&1
nocompile//bit_02.d:4: no identifier for declarator bit
nocompile//bit_02.d:4: semicolon expected, not 'return'

--------
nocompile: dmd   -c -odobj  nocompile//bounds_checking_01.d 1> log.tmp 2>&1
nocompile//bounds_checking_01.d:3: array index [100] is outside array bounds [0 .. 5]

--------
nocompile: dmd   -c -odobj  nocompile//break_06.d 1> log.tmp 2>&1
nocompile//break_06.d:13: enclosing label 'blah' for break not found

--------
nocompile: dmd   -c -odobj  nocompile//break_07.d 1> log.tmp 2>&1
nocompile//break_07.d:8: break is not inside a loop or switch

--------
nocompile: dmd   -c -odobj  nocompile//bug_20041016_A.d 1> log.tmp 2>&1
nocompile//bug_20041016_A.d:30: internal compiler error: Bus error
Please submit a full bug report,
with preprocessed source if appropriate.
See <URL:http://gcc.gnu.org/bugs.html> for instructions.

--------
nocompile: dmd   -c -odobj  nocompile//bug_20041016_B.d 1> log.tmp 2>&1

--------
nocompile: dmd   -c -odobj  nocompile//bug_20041203_A.d 1> log.tmp 2>&1
nocompile//bug_20041203_A.d:21: undefined identifier undefined_identifier
nocompile//bug_20041203_A.d:21: Integer constant expression expected instead of undefined_identifier

--------
nocompile: dmd   -c -odobj  nocompile//bug_20041203_B.d 1> log.tmp 2>&1
nocompile//bug_20041203_B.d:21: undefined identifier undefined_identifier

--------
nocompile: dmd   -c -odobj  nocompile//bug_cgcod_1464.d 1> log.tmp 2>&1
nocompile//bug_cgcod_1464.d:14: need upper and lower bound to slice pointer

--------
nocompile: dmd   -c -odobj  nocompile//bug_cgcs_353.d 1> log.tmp 2>&1
nocompile//bug_cgcs_353.d:19: cannot append to static array ubyte[64]
nocompile//bug_cgcs_353.d:19: slice expression this.buffer[] is not a modifiable lvalue

--------
nocompile: dmd   -c -odobj  nocompile//bug_cgcs_353_B.d 1> log.tmp 2>&1

--------
nocompile: dmd   -c -odobj  nocompile//bug_cod4_352.d 1> log.tmp 2>&1
nocompile//bug_cod4_352.d:15: cannot implicitly convert expression 1 of type int to void

--------
nocompile: dmd   -c -odobj  nocompile//bug_dsymbol_611_A.d 1> log.tmp 2>&1
d/dmd/dsymbol.c:616: failed assertion `ident'
nocompile//bug_dsymbol_611_A.d:0: internal compiler error: Abort trap
Please submit a full bug report,
with preprocessed source if appropriate.
See <URL:http://gcc.gnu.org/bugs.html> for instructions.

--------
nocompile: dmd   -c -odobj  nocompile//bug_dsymbol_611_B.d 1> log.tmp 2>&1
nocompile//bug_dsymbol_611_B.d:16: class dstress.nocompile.bug_dsymbol_611_B.BasicNode interface function INode.owner isn't implemented

--------
nocompile: dmd   -c -odobj  nocompile//bug_dsymbol_611_D.d 1> log.tmp 2>&1
d/dmd/dsymbol.c:616: failed assertion `ident'
nocompile//bug_dsymbol_611_D.d:0: internal compiler error: Abort trap
Please submit a full bug report,
with preprocessed source if appropriate.
See <URL:http://gcc.gnu.org/bugs.html> for instructions.

--------
nocompile: dmd   -c -odobj  nocompile//bug_e2ir_814.d 1> log.tmp 2>&1
nocompile//bug_e2ir_814.d:20: 'this' is only allowed in non-static member functions

--------
nocompile: dmd   -c -odobj  nocompile//bug_expression_1147.d 1> log.tmp 2>&1
nocompile//bug_expression_1147.d:14: 'this' is only allowed in non-static member functions
nocompile//bug_expression_1147.d:14: no property 'bar' for type 'int'
nocompile//bug_expression_1147.d:14: function expected before (), not 'int'
nocompile//bug_expression_1147.d:13: function dstress.nocompile.bug_expression_1147.A!(char[]).A function expected to return a value of type bit
nocompile//bug_expression_1147.d:20: template instance dstress.nocompile.bug_expression_1147.A!(char[]) error instantiating
nocompile//bug_expression_1147.d:30: cannot implicitly convert expression 0 of type int to void

--------
nocompile: dmd   -c -odobj  nocompile//bug_mtype_2576_B.d 1> log.tmp 2>&1
nocompile//bug_mtype_2576_B.d:15: B is used as a type

--------
nocompile: dmd   -c -odobj  nocompile//bug_mtype_3154.d 1> log.tmp 2>&1
nocompile//bug_mtype_3154.d:30: template dstress.nocompile.bug_mtype_3154.vec!(float,1).vec.T(zvec) templates don't have properties
nocompile//bug_mtype_3154.d:49: function expected before (), not 'vec'
nocompile//bug_mtype_3154.d:49: no property 'castTo' for type 'int'
nocompile//bug_mtype_3154.d:49: function expected before (), not 'int'
nocompile//bug_mtype_3154.d:49: cannot implicitly convert expression 1() of type int to vec

--------
nocompile: dmd   -c -odobj  nocompile//bug_mtype_507_A.d 1> log.tmp 2>&1
nocompile//bug_mtype_507_A.d:0: internal compiler error: Bus error
Please submit a full bug report,
with preprocessed source if appropriate.
See <URL:http://gcc.gnu.org/bugs.html> for instructions.

--------
nocompile: dmd   -c -odobj  nocompile//bug_mtype_507_B.d 1> log.tmp 2>&1
nocompile//bug_mtype_507_B.d:19: incompatible types for ((s) == (i)): 'Struct' and 'int'

--------
nocompile: dmd   -c -odobj  nocompile//bug_mtype_507_C.d 1> log.tmp 2>&1
nocompile//bug_mtype_507_C.d:0: internal compiler error: Bus error
Please submit a full bug report,
with preprocessed source if appropriate.
See <URL:http://gcc.gnu.org/bugs.html> for instructions.

--------
nocompile: dmd   -c -odobj  nocompile//bug_mtype_507_D.d 1> log.tmp 2>&1
nocompile//bug_mtype_507_D.d:0: internal compiler error: Bus error
Please submit a full bug report,
with preprocessed source if appropriate.
See <URL:http://gcc.gnu.org/bugs.html> for instructions.

--------
nocompile: dmd   -c -odobj  nocompile//bug_mtype_507_E.d 1> log.tmp 2>&1
nocompile//bug_mtype_507_E.d:12: incompatible types for ((0) + (Exception )): 'int' and 'Exception'

--------
nocompile: dmd   -c -odobj  nocompile//bug_mtype_507_F.d 1> log.tmp 2>&1
nocompile//bug_mtype_507_F.d: In function `test':
nocompile//bug_mtype_507_F.d:12: error: TypeExp::toElem: don't know what to do (Exception )

--------
nocompile: dmd   -c -odobj  nocompile//bug_s2ir_458.d 1> log.tmp 2>&1
nocompile//bug_s2ir_458.d:14: break is not inside a loop or switch

--------
nocompile: dmd   -c -odobj  nocompile//byte_09.d 1> log.tmp 2>&1
nocompile//byte_09.d:4: .size property is deprecated, use .sizeof

--------
nocompile: dmd   -c -odobj  nocompile//byte_10.d 1> log.tmp 2>&1
nocompile//byte_10.d:4: no property 'sign' for type 'byte'

--------
nocompile: dmd   -c -odobj  nocompile//cast_03.d 1> log.tmp 2>&1
nocompile//cast_03.d:24: cannot implicitly convert expression i of type MyInterface to Object

--------
nocompile: dmd   -c -odobj  nocompile//cast_04.d 1> log.tmp 2>&1

--------
nocompile: dmd   -c -odobj  nocompile//cast_19.d 1> log.tmp 2>&1
nocompile//cast_19.d:17: cannot implicitly convert expression mc of type MyClass to void
d/dmd/statement.c:1457: failed assertion `fdx->vresult'
nocompile//cast_19.d:0: internal compiler error: Abort trap
Please submit a full bug report,
with preprocessed source if appropriate.
See <URL:http://gcc.gnu.org/bugs.html> for instructions.

--------
nocompile: dmd   -c -odobj  nocompile//char_01.d 1> log.tmp 2>&1
nocompile//char_01.d:4: .size property is deprecated, use .sizeof

--------
nocompile: dmd   -c -odobj  nocompile//char_02.d 1> log.tmp 2>&1
nocompile//char_02.d:4: no property 'sign' for type 'char'

--------
nocompile: dmd   -c -odobj  nocompile//char_04.d 1> log.tmp 2>&1
nocompile//char_04.d:3: cannot implicitly convert expression 256 of type int to char

--------
nocompile: dmd   -c -odobj  nocompile//char_05.d 1> log.tmp 2>&1
nocompile//char_05.d:3: cannot implicitly convert expression -1 of type int to char

--------
nocompile: dmd   -c -odobj  nocompile//class_04.d 1> log.tmp 2>&1
nocompile//class_04.d:18: class dstress.nocompile.class_04.C base type must be class or interface, not B

--------
nocompile: dmd   -c -odobj  nocompile//class_05.d 1> log.tmp 2>&1
nocompile//class_05.d:15: template dstress.nocompile.class_05.HashImpl(D) is used as a type
nocompile//class_05.d:15: class dstress.nocompile.class_05.Sha1 base type must be class or interface, not void

--------
nocompile: dmd   -c -odobj  nocompile//class_07.d 1> log.tmp 2>&1
nocompile//class_07.d:9: anonymous classes not allowed

--------
nocompile: dmd   -debug=1A -c -odobj  nocompile//command_line_debug_05.d 1> log.tmp 2>&1
cc1d: error: bad argument for -fdebug

--------
nocompile: dmd   -debug123 -c -odobj  nocompile//command_line_debug_06.d 1> log.tmp 2>&1
dmd: unrecognized switch '-debug123'

--------
nocompile: dmd   -debugabc -c -odobj  nocompile//command_line_debug_07.d 1> log.tmp 2>&1
dmd: unrecognized switch '-debugabc'

--------
nocompile: dmd   -debug= -c -odobj  nocompile//command_line_debug_09.d 1> log.tmp 2>&1
cc1d: error: bad argument for -fdebug

--------
nocompile: dmd   -dblah -c -odobj  nocompile//command_line_deprecated_02.d 1> log.tmp 2>&1

--------
nocompile: dmd   -version -c -odobj  nocompile//command_line_version_04.d 1> log.tmp 2>&1
dmd: unrecognized switch '-version'

--------
nocompile: dmd   -version=1A -c -odobj  nocompile//command_line_version_05.d 1> log.tmp 2>&1
cc1d: error: bad argument for -fversion

--------
nocompile: dmd   -version123 -c -odobj  nocompile//command_line_version_06.d 1> log.tmp 2>&1
dmd: unrecognized switch '-version123'

--------
nocompile: dmd   -versionabc -c -odobj  nocompile//command_line_version_07.d 1> log.tmp 2>&1
dmd: unrecognized switch '-versionabc'

--------
nocompile: dmd   -version=X86 -version=AMD64 -c -odobj  nocompile//command_line_version_08.d 1> log.tmp 2>&1
Error: version identifier 'X86' is reserved and cannot be set

--------
nocompile: dmd   -version=linux -version=Windows -c -odobj  nocompile//command_line_version_09.d 1> log.tmp 2>&1
Error: version identifier 'linux' is reserved and cannot be set

--------
nocompile: dmd   -version=none -c -odobj  nocompile//command_line_version_10.d 1> log.tmp 2>&1
Error: version identifier 'none' is reserved and cannot be set

--------
nocompile: dmd    -version=Win32 -version=Win64 -c -odobj  nocompile//command_line_version_11.d 1> log.tmp 2>&1
Error: version identifier 'Win32' is reserved and cannot be set

--------
nocompile: dmd   -version=Win32 -version=linux -c -odobj  nocompile//command_line_version_12.d 1> log.tmp 2>&1
Error: version identifier 'Win32' is reserved and cannot be set

--------
nocompile: dmd   -version=Win64 -version=linux -c -odobj  nocompile//command_line_version_13.d 1> log.tmp 2>&1
Error: version identifier 'Win64' is reserved and cannot be set

--------
nocompile: dmd   -version=LittleEndian -version=BigEndian -c -odobj  nocompile//command_line_version_14.d 1> log.tmp 2>&1
Error: version identifier 'LittleEndian' is reserved and cannot be set

--------
nocompile: dmd   -version=D_InlineAsm -c -odobj  nocompile//command_line_version_15.d 1> log.tmp 2>&1
Error: version identifier 'D_InlineAsm' is reserved and cannot be set

--------
nocompile: dmd   -version=all -c -odobj  nocompile//command_line_version_16.d 1> log.tmp 2>&1

--------
nocompile: dmd   -version=DigitalMars -c -odobj  nocompile//command_line_version_17.d 1> log.tmp 2>&1
Error: version identifier 'DigitalMars' is reserved and cannot be set

--------
nocompile: dmd   -c -odobj  nocompile//comment_07.d 1> log.tmp 2>&1
nocompile//comment_07.d:3: static assert  (0) is false

--------
nocompile: dmd   -c -odobj  nocompile//comment_08.d 1> log.tmp 2>&1
nocompile//comment_08.d:3: static assert  (0) is false

--------
nocompile: dmd   -c -odobj  nocompile//const_02.d 1> log.tmp 2>&1
nocompile//const_02.d:12: constant 9 is not an lvalue

--------
nocompile: dmd   -c -odobj  nocompile//const_03.d 1> log.tmp 2>&1
nocompile//const_03.d:12: constant i is not an lvalue

--------
nocompile: dmd   -c -odobj  nocompile//const_04.d 1> log.tmp 2>&1
nocompile//const_04.d:10: a + 1 is not an expression

--------
nocompile: dmd   -c -odobj  nocompile//const_07.d 1> log.tmp 2>&1
nocompile//const_07.d:9: non-constant expression new Object 

--------
nocompile: dmd   -c -odobj  nocompile//const_08.d 1> log.tmp 2>&1
nocompile//const_08.d:13: non-constant expression new MyStruct *

--------
nocompile: dmd   -c -odobj  nocompile//const_09.d 1> log.tmp 2>&1
nocompile//const_09.d:14: non-constant expression new MyUnion *

--------
nocompile: dmd   -c -odobj  nocompile//const_11.d 1> log.tmp 2>&1
nocompile//const_11.d:12: non-constant expression &_init_7dstress9nocompile8const_118MyStruct

--------
nocompile: dmd   -c -odobj  nocompile//constructor_05.d 1> log.tmp 2>&1
nocompile//constructor_05.d:14: constructor dstress.nocompile.constructor_05.Class.Template!().this constructors only are for class definitions
cannot implicitly convert expression this of type Class to void
nocompile//constructor_05.d:0: internal compiler error: Bus error
Please submit a full bug report,
with preprocessed source if appropriate.
See <URL:http://gcc.gnu.org/bugs.html> for instructions.

--------
nocompile: dmd   -c -odobj  nocompile//dchar_01.d 1> log.tmp 2>&1
nocompile//dchar_01.d:4: .size property is deprecated, use .sizeof

--------
nocompile: dmd   -c -odobj  nocompile//dchar_02.d 1> log.tmp 2>&1
nocompile//dchar_02.d:4: no property 'sign' for type 'dchar'

--------
nocompile: dmd   -c -odobj  nocompile//dchar_04.d 1> log.tmp 2>&1
nocompile//dchar_04.d:8: cannot implicitly convert expression 1114112 of type int to wchar

--------
nocompile: dmd   -c -odobj  nocompile//dchar_06.d 1> log.tmp 2>&1
nocompile//dchar_06.d:8: cannot implicitly convert expression -1 of type int to wchar

--------
nocompile: dmd   -c -odobj  nocompile//default_argument_05.d 1> log.tmp 2>&1
nocompile//default_argument_05.d:14: template 'Template(int L)' is not a variable
nocompile//default_argument_05.d:14: no property 'i' for type 'int'

--------
nocompile: dmd   -c -odobj  nocompile//delegate_02.d 1> log.tmp 2>&1
nocompile//delegate_02.d:15: cannot implicitly convert expression #test of type int(*)() to int delegate()

--------
nocompile: dmd   -c -odobj  nocompile//delegate_03.d 1> log.tmp 2>&1
nocompile//delegate_03.d:20: cannot implicitly convert expression #s , test of type int(*)() to int delegate()

--------
nocompile: dmd   -c -odobj  nocompile//delegate_05.d 1> log.tmp 2>&1
nocompile//delegate_05.d:20: delegates are only for non-static functions

--------
nocompile: dmd   -c -odobj  nocompile//delegate_07.d 1> log.tmp 2>&1
nocompile//delegate_07.d:17: cannot implicitly convert expression #*(#s + 0) of type int* to int delegate()

--------
nocompile: dmd   -c -odobj  nocompile//delegate_08.d 1> log.tmp 2>&1
nocompile//delegate_08.d:17: cannot implicitly convert expression #c.test of type int* to int delegate()

--------
nocompile: dmd   -c -odobj  nocompile//delegate_09.d 1> log.tmp 2>&1
nocompile//delegate_09.d:17: constant 0 is not an lvalue
nocompile//delegate_09.d:17: cannot implicitly convert expression #cast(MyEnum)0 of type MyEnum * to int delegate()

--------
nocompile: dmd   -c -odobj  nocompile//delegate_10.d 1> log.tmp 2>&1
nocompile//delegate_10.d:18: cannot implicitly convert expression #*(#u + 0) of type int* to int delegate()

--------
nocompile: dmd   -c -odobj  nocompile//delegate_11.d 1> log.tmp 2>&1
nocompile//delegate_11.d:20: cannot implicitly convert expression #u , test of type int(*)() to int delegate()

--------
nocompile: dmd   -c -odobj  nocompile//deprecated_01.d 1> log.tmp 2>&1
nocompile//deprecated_01.d:6: function test is deprecated

--------
nocompile: dmd   -c -odobj  nocompile//deprecated_02.d 1> log.tmp 2>&1

--------
nocompile: dmd   -c -odobj  nocompile//deprecated_03.d 1> log.tmp 2>&1

--------
nocompile: dmd   -c -odobj  nocompile//deprecated_04.d 1> log.tmp 2>&1

--------
nocompile: dmd   -c -odobj  nocompile//deprecated_05.d 1> log.tmp 2>&1

--------
nocompile: dmd   -c -odobj  nocompile//deprecated_11.d 1> log.tmp 2>&1

--------
nocompile: dmd   -c -odobj  nocompile//double_14.d 1> log.tmp 2>&1
nocompile//double_14.d:4: found '0' when expecting ';' following 'statement'

--------
nocompile: dmd   -c -odobj  nocompile//double_15.d 1> log.tmp 2>&1
nocompile//double_15.d:3: no property 'sign' for type 'double'

--------
nocompile: dmd   -c -odobj  nocompile//double_16.d 1> log.tmp 2>&1
nocompile//double_16.d:4: no property 'isnan' for type 'double'

--------
nocompile: dmd   -c -odobj  nocompile//double_17.d 1> log.tmp 2>&1
nocompile//double_17.d:4: no property 'isinfinite' for type 'double'

--------
nocompile: dmd   -c -odobj  nocompile//double_18.d 1> log.tmp 2>&1
nocompile//double_18.d:4: no property 'isnormal' for type 'double'

--------
nocompile: dmd   -c -odobj  nocompile//double_19.d 1> log.tmp 2>&1
nocompile//double_19.d:4: no property 'digits' for type 'double'

--------
nocompile: dmd   -c -odobj  nocompile//double_20.d 1> log.tmp 2>&1
nocompile//double_20.d:4: no property 'mantissa' for type 'double'

--------
nocompile: dmd   -c -odobj  nocompile//double_21.d 1> log.tmp 2>&1
nocompile//double_21.d:4: no property 'maxExp' for type 'double'

--------
nocompile: dmd   -c -odobj  nocompile//double_quoted_string_12.d 1> log.tmp 2>&1
nocompile//double_quoted_string_12.d:2: undefined escape sequence \A


--------
nocompile: dmd   -c -odobj  nocompile//double_quoted_string_13.d 1> log.tmp 2>&1
nocompile//double_quoted_string_13.d:2: undefined escape sequence \B


--------
nocompile: dmd   -c -odobj  nocompile//double_quoted_string_14.d 1> log.tmp 2>&1
nocompile//double_quoted_string_14.d:2: undefined escape sequence \c


--------
nocompile: dmd   -c -odobj  nocompile//double_quoted_string_15.d 1> log.tmp 2>&1
nocompile//double_quoted_string_15.d:2: undefined escape sequence \c


--------
nocompile: dmd   -c -odobj  nocompile//double_quoted_string_16.d 1> log.tmp 2>&1
nocompile//double_quoted_string_16.d:2: undefined escape sequence \!


--------
nocompile: dmd   -c -odobj  nocompile//enum_06.d 1> log.tmp 2>&1
nocompile//enum_06.d: enum dstress.nocompile.enum_06.__anonymous enum __anonymous must have at least one member

--------
nocompile: dmd   -c -odobj  nocompile//eol_comment_01.d 1> log.tmp 2>&1
nocompile//eol_comment_01.d:7: unterminated /* */ comment

--------
nocompile: dmd   -c -odobj  nocompile//eol_comment_02.d 1> log.tmp 2>&1
nocompile//eol_comment_02.d:7: unterminated /* */ comment

--------
nocompile: dmd   -c -odobj  nocompile//eol_comment_03.d 1> log.tmp 2>&1
nocompile//eol_comment_03.d:7: unterminated /* */ comment

--------
nocompile: dmd   -c -odobj  nocompile//eol_comment_04.d 1> log.tmp 2>&1
nocompile//eol_comment_04.d:7: unterminated /+ +/ comment

--------
nocompile: dmd   -c -odobj  nocompile//eol_comment_05.d 1> log.tmp 2>&1
nocompile//eol_comment_05.d:7: unterminated /+ +/ comment

--------
nocompile: dmd   -c -odobj  nocompile//eol_comment_06.d 1> log.tmp 2>&1
nocompile//eol_comment_06.d:7: unterminated /+ +/ comment

--------
nocompile: dmd   -c -odobj  nocompile//eol_string_01.d 1> log.tmp 2>&1
nocompile//eol_string_01.d:7: unterminated string constant starting at nocompile//eol_string_01.d:7
nocompile//eol_string_01.d:7: semicolon expected, not 'EOF'

--------
nocompile: dmd   -c -odobj  nocompile//eol_string_02.d 1> log.tmp 2>&1
nocompile//eol_string_02.d:7: unterminated string constant starting at nocompile//eol_string_02.d:7
nocompile//eol_string_02.d:7: semicolon expected, not 'EOF'

--------
nocompile: dmd   -c -odobj  nocompile//eol_string_03.d 1> log.tmp 2>&1
nocompile//eol_string_03.d:7: unterminated string constant starting at nocompile//eol_string_03.d:7
nocompile//eol_string_03.d:7: semicolon expected, not 'EOF'

--------
nocompile: dmd   -c -odobj  nocompile//eol_string_04.d 1> log.tmp 2>&1
nocompile//eol_string_04.d:7: unterminated string constant starting at nocompile//eol_string_04.d:7
nocompile//eol_string_04.d:7: semicolon expected, not 'EOF'

--------
nocompile: dmd   -c -odobj  nocompile//eol_string_05.d 1> log.tmp 2>&1
nocompile//eol_string_05.d:7: unterminated string constant starting at nocompile//eol_string_05.d:7
nocompile//eol_string_05.d:7: unterminated string constant starting at nocompile//eol_string_05.d:7
nocompile//eol_string_05.d:7: semicolon expected, not 'EOF'

--------
nocompile: dmd   -c -odobj  nocompile//eol_string_06.d 1> log.tmp 2>&1
nocompile//eol_string_06.d:7: unterminated string constant starting at nocompile//eol_string_06.d:7
nocompile//eol_string_06.d:7: unterminated string constant starting at nocompile//eol_string_06.d:7
nocompile//eol_string_06.d:7: semicolon expected, not 'EOF'

--------
nocompile: dmd   -c -odobj  nocompile//eol_string_07.d 1> log.tmp 2>&1
nocompile//eol_string_07.d:7: unterminated string constant starting at nocompile//eol_string_07.d:7
nocompile//eol_string_07.d:7: semicolon expected, not 'EOF'

--------
nocompile: dmd   -c -odobj  nocompile//eol_string_08.d 1> log.tmp 2>&1
nocompile//eol_string_08.d:7: unterminated string constant starting at nocompile//eol_string_08.d:7
nocompile//eol_string_08.d:7: unterminated string constant starting at nocompile//eol_string_08.d:7
nocompile//eol_string_08.d:7: semicolon expected, not 'EOF'

--------
nocompile: dmd   -c -odobj  nocompile//eol_string_09.d 1> log.tmp 2>&1
nocompile//eol_string_09.d:7: unterminated string constant starting at nocompile//eol_string_09.d:7
nocompile//eol_string_09.d:7: unterminated string constant starting at nocompile//eol_string_09.d:7
nocompile//eol_string_09.d:7: semicolon expected, not 'EOF'

--------
nocompile: dmd   -c -odobj  nocompile//eol_string_10.d 1> log.tmp 2>&1
nocompile//eol_string_10.d:7: unterminated string constant starting at nocompile//eol_string_10.d:7
nocompile//eol_string_10.d:7: unterminated string constant starting at nocompile//eol_string_10.d:7
nocompile//eol_string_10.d:7: semicolon expected, not 'EOF'

--------
nocompile: dmd   -c -odobj  nocompile//eol_string_11.d 1> log.tmp 2>&1
nocompile//eol_string_11.d:7: unterminated string constant starting at nocompile//eol_string_11.d:7
nocompile//eol_string_11.d:7: unterminated string constant starting at nocompile//eol_string_11.d:7
nocompile//eol_string_11.d:7: semicolon expected, not 'EOF'

--------
nocompile: dmd   -c -odobj  nocompile//eol_string_12.d 1> log.tmp 2>&1
nocompile//eol_string_12.d:7: ';' expected following module declaration instead of char
nocompile//eol_string_12.d:7: Declaration expected, not '['
nocompile//eol_string_12.d:7: unterminated string constant starting at nocompile//eol_string_12.d:7

--------
nocompile: dmd   -c -odobj  nocompile//escape_hex_02.d 1> log.tmp 2>&1
nocompile//escape_hex_02.d:2: escape hex sequence has 1 hex digits instead of 2

--------
nocompile: dmd   -c -odobj  nocompile//escape_hex_string_03.d 1> log.tmp 2>&1
nocompile//escape_hex_string_03.d:2: non-hex character 'G'

--------
nocompile: dmd   -c -odobj  nocompile//escape_hex_string_04.d 1> log.tmp 2>&1
nocompile//escape_hex_string_04.d:2: odd number (3) of hex characters in hex string

--------
nocompile: dmd   -c -odobj  nocompile//escape_octal_02.d 1> log.tmp 2>&1
nocompile//escape_octal_02.d:9: unterminated string constant starting at nocompile//escape_octal_02.d:6
nocompile//escape_octal_02.d:9: semicolon expected, not 'EOF'
nocompile//escape_octal_02.d:9: found 'EOF' instead of statement
nocompile//escape_octal_02.d:9: found 'EOF' instead of statement
nocompile//escape_octal_02.d:9: found 'EOF' instead of statement
nocompile//escape_octal_02.d:9: found 'EOF' instead of statement
nocompile//escape_octal_02.d:9: found 'EOF' instead of statement
nocompile//escape_octal_02.d:9: found 'EOF' instead of statement
nocompile//escape_octal_02.d:9: found 'EOF' instead of statement
nocompile//escape_octal_02.d:9: found 'EOF' instead of statement
nocompile//escape_octal_02.d:9: found 'EOF' instead of statement
nocompile//escape_octal_02.d:9: found 'EOF' instead of statement
nocompile//escape_octal_02.d:9: found 'EOF' instead of statement
nocompile//escape_octal_02.d:9: found 'EOF' instead of statement
nocompile//escape_octal_02.d:9: found 'EOF' instead of statement
nocompile//escape_octal_02.d:9: found 'EOF' instead of statement
nocompile//escape_octal_02.d:9: found 'EOF' instead of statement
nocompile//escape_octal_02.d:9: found 'EOF' instead of statement
nocompile//escape_octal_02.d:9: found 'EOF' instead of statement
nocompile//escape_octal_02.d:9: found 'EOF' instead of statement
nocompile//escape_octal_02.d:9: found 'EOF' instead of statement

--------
nocompile: dmd   -c -odobj  nocompile//escape_unicode16_03.d 1> log.tmp 2>&1
nocompile//escape_unicode16_03.d:2: escape hex sequence has 1 hex digits instead of 4

--------
nocompile: dmd   -c -odobj  nocompile//escape_unicode16_04.d 1> log.tmp 2>&1
nocompile//escape_unicode16_04.d:2: escape hex sequence has 2 hex digits instead of 4

--------
nocompile: dmd   -c -odobj  nocompile//escape_unicode16_05.d 1> log.tmp 2>&1
nocompile//escape_unicode16_05.d:2: escape hex sequence has 3 hex digits instead of 4

--------
nocompile: dmd   -c -odobj  nocompile//escape_unicode16_06.d 1> log.tmp 2>&1
nocompile//escape_unicode16_06.d:2: escape hex sequence has 1 hex digits instead of 4

--------
nocompile: dmd   -c -odobj  nocompile//escape_unicode32_04.d 1> log.tmp 2>&1
nocompile//escape_unicode32_04.d:2: escape hex sequence has 7 hex digits instead of 8

--------
nocompile: dmd   -c -odobj  nocompile//escape_unicode32_05.d 1> log.tmp 2>&1
nocompile//escape_unicode32_05.d:2: undefined escape hex sequence \"


--------
nocompile: dmd   -c -odobj  nocompile//escape_unicode32_06.d 1> log.tmp 2>&1
nocompile//escape_unicode32_06.d:2: escape hex sequence has 1 hex digits instead of 8

--------
nocompile: dmd   -c -odobj  nocompile//escape_unicode32_07.d 1> log.tmp 2>&1
nocompile//escape_unicode32_07.d:2: escape hex sequence has 2 hex digits instead of 8

--------
nocompile: dmd   -c -odobj  nocompile//escape_unicode32_08.d 1> log.tmp 2>&1
nocompile//escape_unicode32_08.d:2: escape hex sequence has 3 hex digits instead of 8

--------
nocompile: dmd   -c -odobj  nocompile//escape_unicode32_09.d 1> log.tmp 2>&1
nocompile//escape_unicode32_09.d:2: escape hex sequence has 4 hex digits instead of 8

--------
nocompile: dmd   -c -odobj  nocompile//escape_unicode32_10.d 1> log.tmp 2>&1
nocompile//escape_unicode32_10.d:2: escape hex sequence has 5 hex digits instead of 8

--------
nocompile: dmd   -c -odobj  nocompile//escape_unicode32_11.d 1> log.tmp 2>&1
nocompile//escape_unicode32_11.d:2: escape hex sequence has 6 hex digits instead of 8

--------
nocompile: dmd   -c -odobj  nocompile//escape_unicode32_12.d 1> log.tmp 2>&1
nocompile//escape_unicode32_12.d:2: escape hex sequence has 7 hex digits instead of 8

--------
nocompile: dmd   -c -odobj  nocompile//evaluation_order_01.d 1> log.tmp 2>&1

--------
nocompile: dmd   -c -odobj  nocompile//evaluation_order_02.d 1> log.tmp 2>&1

--------
nocompile: dmd   -c -odobj  nocompile//evaluation_order_03.d 1> log.tmp 2>&1

--------
nocompile: dmd   -c -odobj  nocompile//extern_05.d 1> log.tmp 2>&1

--------
nocompile: dmd   -c -odobj  nocompile//extern_06.d 1> log.tmp 2>&1
nocompile//extern_06.d:18: cannot implicitly convert expression cast(int(*)())(wglGetProcAddress("glFunctionFoo")) of type int(*)() to int(C *)()

--------
nocompile: dmd   -c -odobj  nocompile//final_01.d 1> log.tmp 2>&1
nocompile//final_01.d:7: function final_01.Child.test cannot override final function final_01.Parent.test

--------
nocompile: dmd   -c -odobj  nocompile//final_04.d 1> log.tmp 2>&1

--------
nocompile: dmd   -c -odobj  nocompile//final_07.d 1> log.tmp 2>&1

--------
nocompile: dmd   -c -odobj  nocompile//final_08.d 1> log.tmp 2>&1
nocompile//final_08.d:1: Declaration expected, not 'module'

--------
nocompile: dmd   -c -odobj  nocompile//final_09.d 1> log.tmp 2>&1

--------
nocompile: dmd   -c -odobj  nocompile//final_10.d 1> log.tmp 2>&1

--------
nocompile: dmd   -c -odobj  nocompile//final_11.d 1> log.tmp 2>&1

--------
nocompile: dmd   -c -odobj  nocompile//float_14.d 1> log.tmp 2>&1
nocompile//float_14.d:4: found '0' when expecting ';' following 'statement'

--------
nocompile: dmd   -c -odobj  nocompile//float_15.d 1> log.tmp 2>&1
nocompile//float_15.d:3: no property 'sign' for type 'float'

--------
nocompile: dmd   -c -odobj  nocompile//float_16.d 1> log.tmp 2>&1
nocompile//float_16.d:4: no property 'isnan' for type 'float'

--------
nocompile: dmd   -c -odobj  nocompile//float_17.d 1> log.tmp 2>&1
nocompile//float_17.d:4: no property 'isinfinite' for type 'float'

--------
nocompile: dmd   -c -odobj  nocompile//float_18.d 1> log.tmp 2>&1
nocompile//float_18.d:4: no property 'isnormal' for type 'float'

--------
nocompile: dmd   -c -odobj  nocompile//float_19.d 1> log.tmp 2>&1
nocompile//float_19.d:4: no property 'digits' for type 'float'

--------
nocompile: dmd   -c -odobj  nocompile//float_20.d 1> log.tmp 2>&1
nocompile//float_20.d:4: no property 'mantissa' for type 'float'

--------
nocompile: dmd   -c -odobj  nocompile//float_21.d 1> log.tmp 2>&1
nocompile//float_21.d:4: no property 'maxExp' for type 'float'

--------
nocompile: dmd   -c -odobj  nocompile//float_litaeral_dec_04.d 1> log.tmp 2>&1

--------
nocompile: dmd   -c -odobj  nocompile//float_litaeral_dec_06.d 1> log.tmp 2>&1
nocompile//float_litaeral_dec_06.d:2: semicolon expected, not 'A'

--------
nocompile: dmd   -c -odobj  nocompile//float_litaeral_dec_07.d 1> log.tmp 2>&1
nocompile//float_litaeral_dec_07.d:2: semicolon expected, not 'A2e'

--------
nocompile: dmd   -c -odobj  nocompile//float_litaeral_dec_08.d 1> log.tmp 2>&1

--------
nocompile: dmd   -c -odobj  nocompile//float_litaeral_dec_09.d 1> log.tmp 2>&1

--------
nocompile: dmd   -c -odobj  nocompile//float_litaeral_dec_12.d 1> log.tmp 2>&1

--------
nocompile: dmd   -c -odobj  nocompile//float_litaeral_dec_13.d 1> log.tmp 2>&1
nocompile//float_litaeral_dec_13.d:12: expression expected, not '..'
nocompile//float_litaeral_dec_13.d:12: semicolon expected, not '234'
nocompile//float_litaeral_dec_13.d:12: Declaration expected, not '234'

--------
nocompile: dmd   -c -odobj  nocompile//float_litaeral_dec_14.d 1> log.tmp 2>&1
nocompile//float_litaeral_dec_14.d:12: semicolon expected, not '0.0'
nocompile//float_litaeral_dec_14.d:12: Declaration expected, not '0.0'

--------
nocompile: dmd   -c -odobj  nocompile//float_litaeral_dec_15.d 1> log.tmp 2>&1
nocompile//float_litaeral_dec_15.d:12: identifier expected following '.', not ';'
nocompile//float_litaeral_dec_15.d:13: semicolon expected, not 'EOF'

--------
nocompile: dmd   -c -odobj  nocompile//float_litaeral_dec_16.d 1> log.tmp 2>&1

--------
nocompile: dmd   -c -odobj  nocompile//float_litaeral_dec_17.d 1> log.tmp 2>&1
nocompile//float_litaeral_dec_17.d:12: semicolon expected, not '..'
nocompile//float_litaeral_dec_17.d:12: Declaration expected, not '..'

--------
nocompile: dmd   -c -odobj  nocompile//foreach_14.d 1> log.tmp 2>&1
nocompile//foreach_14.d:11: no identifier for declarator char

--------
nocompile: dmd   -c -odobj  nocompile//foreach_17.d 1> log.tmp 2>&1
nocompile//foreach_17.d:11: basic type expected, not in
nocompile//foreach_17.d:11: no identifier for declarator int
nocompile//foreach_17.d:11: found 'in' when expecting ';'
nocompile//foreach_17.d:11: found 'c' when expecting '.' following 'char'
nocompile//foreach_17.d:11: found ';' when expecting identifier following 'char.'
nocompile//foreach_17.d:11: found 'string' when expecting ')'
nocompile//foreach_17.d:11: found ')' instead of statement

--------
nocompile: dmd   -c -odobj  nocompile//foreach_18.d 1> log.tmp 2>&1
nocompile//foreach_18.d:11: basic type expected, not out
nocompile//foreach_18.d:11: no identifier for declarator int
nocompile//foreach_18.d:11: found 'out' when expecting ';'
nocompile//foreach_18.d:11: found 'c' when expecting '.' following 'char'
nocompile//foreach_18.d:11: found ';' when expecting identifier following 'char.'
nocompile//foreach_18.d:11: found 'string' when expecting ')'
nocompile//foreach_18.d:11: found ')' instead of statement

--------
nocompile: dmd   -c -odobj  nocompile//foreach_19.d 1> log.tmp 2>&1
nocompile//foreach_19.d:11: foreach: key type must be int or uint, not byte

--------
nocompile: dmd   -c -odobj  nocompile//foreach_20.d 1> log.tmp 2>&1
nocompile//foreach_20.d:11: foreach: key type must be int or uint, not dchar

--------
nocompile: dmd   -c -odobj  nocompile//foreach_21.d 1> log.tmp 2>&1
d/dmd/statement.c:658: failed assertion `0'
nocompile//foreach_21.d:0: internal compiler error: Abort trap
Please submit a full bug report,
with preprocessed source if appropriate.
See <URL:http://gcc.gnu.org/bugs.html> for instructions.

--------
nocompile: dmd   -c -odobj  nocompile//foreach_22.d 1> log.tmp 2>&1
d/dmd/statement.c:658: failed assertion `0'
nocompile//foreach_22.d:0: internal compiler error: Abort trap
Please submit a full bug report,
with preprocessed source if appropriate.
See <URL:http://gcc.gnu.org/bugs.html> for instructions.

--------
nocompile: dmd   -c -odobj  nocompile//goto_04.d 1> log.tmp 2>&1
nocompile//goto_04.d:11: case 2 not found

--------
nocompile: dmd   -c -odobj  nocompile//goto_06.d 1> log.tmp 2>&1
nocompile//goto_06.d:15: case 3 not found

--------
nocompile: dmd   -c -odobj  nocompile//html_empty_entity_01.html 1> log.tmp 2>&1
nocompile//html_empty_entity_01.html:3: unterminated string constant starting at nocompile//html_empty_entity_01.html:3
nocompile//html_empty_entity_01.html:3: semicolon expected, not 'EOF'

--------
nocompile: dmd   -c -odobj  nocompile//html_empty_entity_02.html 1> log.tmp 2>&1
nocompile//html_empty_entity_02.html:3: unterminated string constant starting at nocompile//html_empty_entity_02.html:3
nocompile//html_empty_entity_02.html:3: semicolon expected, not 'EOF'

--------
nocompile: dmd   -c -odobj  nocompile//html_empty_entity_03.html 1> log.tmp 2>&1
nocompile//html_empty_entity_03.html:2: HTML Error: unrecognized character entity ""

--------
nocompile: dmd   -c -odobj  nocompile//html_entity_10.html 1> log.tmp 2>&1
nocompile//html_entity_10.html:3: HTML Error: invalid numeric character reference

--------
nocompile: dmd   -c -odobj  nocompile//html_entity_11.html 1> log.tmp 2>&1
nocompile//html_entity_11.html:3: HTML Error: invalid numeric character reference

--------
nocompile: dmd   -c -odobj  nocompile//inline_01.d 1> log.tmp 2>&1
nocompile//inline_01.d:2: no identifier for declarator inline
nocompile//inline_01.d:2: semicolon expected, not 'int'

--------
nocompile: dmd   -c -odobj  nocompile//int_05.d 1> log.tmp 2>&1
nocompile//int_05.d:4: no property 'sign' for type 'int'

--------
nocompile: dmd   -c -odobj  nocompile//int_06.d 1> log.tmp 2>&1
nocompile//int_06.d:4: .size property is deprecated, use .sizeof

--------
nocompile: dmd   -c -odobj  nocompile//integer_literal_binary_09.d 1> log.tmp 2>&1
nocompile//integer_literal_binary_09.d:2: semicolon expected, not 'h'

--------
nocompile: dmd   -c -odobj  nocompile//integer_literal_binary_10.d 1> log.tmp 2>&1
nocompile//integer_literal_binary_10.d:2: semicolon expected, not '2'

--------
nocompile: dmd   -c -odobj  nocompile//integer_literal_binary_11.d 1> log.tmp 2>&1
nocompile//integer_literal_binary_11.d:2: binary digit expected
nocompile//integer_literal_binary_11.d:3: semicolon expected, not 'return'

--------
nocompile: dmd   -c -odobj  nocompile//integer_literal_binary_12.d 1> log.tmp 2>&1
nocompile//integer_literal_binary_12.d:2: binary digit expected
nocompile//integer_literal_binary_12.d:3: semicolon expected, not 'return'

--------
nocompile: dmd   -c -odobj  nocompile//integer_literal_binary_13.d 1> log.tmp 2>&1
nocompile//integer_literal_binary_13.d:2: binary digit expected

--------
nocompile: dmd   -c -odobj  nocompile//integer_literal_binary_14.d 1> log.tmp 2>&1
nocompile//integer_literal_binary_14.d:2: binary digit expected

--------
nocompile: dmd   -c -odobj  nocompile//integer_literal_dec_01.d 1> log.tmp 2>&1
nocompile//integer_literal_dec_01.d:4: signed integer overflow

--------
nocompile: dmd   -c -odobj  nocompile//integer_literal_dec_02.d 1> log.tmp 2>&1
nocompile//integer_literal_dec_02.d:2: cannot implicitly convert expression 2147483648 of type long to int

--------
nocompile: dmd   -c -odobj  nocompile//integer_literal_dec_03.d 1> log.tmp 2>&1
nocompile//integer_literal_dec_03.d:2: cannot implicitly convert expression 2147483647 of type int to short

--------
nocompile: dmd   -c -odobj  nocompile//integer_literal_dec_04.d 1> log.tmp 2>&1
nocompile//integer_literal_dec_04.d:2: semicolon expected, not 'A34'

--------
nocompile: dmd   -c -odobj  nocompile//integer_literal_hex_09.d 1> log.tmp 2>&1
nocompile//integer_literal_hex_09.d:2: Hex digit expected, not ';'

--------
nocompile: dmd   -c -odobj  nocompile//integer_literal_hex_10.d 1> log.tmp 2>&1
nocompile//integer_literal_hex_10.d:2: Hex digit expected, not 'G'
nocompile//integer_literal_hex_10.d:2: semicolon expected, not 'G'

--------
nocompile: dmd   -c -odobj  nocompile//integer_literal_hex_11.d 1> log.tmp 2>&1
nocompile//integer_literal_hex_11.d:2: undefined identifier _0x1

--------
nocompile: dmd   -c -odobj  nocompile//integer_literal_hex_12.d 1> log.tmp 2>&1
nocompile//integer_literal_hex_12.d:2: semicolon expected, not 'h'

--------
nocompile: dmd   -c -odobj  nocompile//integer_literal_hex_13.d 1> log.tmp 2>&1
nocompile//integer_literal_hex_13.d:2: Hex digit expected, not ';'

--------
nocompile: dmd   -c -odobj  nocompile//interface_03.d 1> log.tmp 2>&1
nocompile//interface_03.d:7: class interface_03.MyClass interface function MyInterface.two isn't implemented

--------
nocompile: dmd   -c -odobj  nocompile//invalid_utf_01.d 1> log.tmp 2>&1
nocompile//invalid_utf_01.d:7: invalid UTF-8 sequence

--------
nocompile: dmd   -c -odobj  nocompile//invalid_utf_02.d 1> log.tmp 2>&1
nocompile//invalid_utf_02.d:7: invalid UTF-8 sequence

--------
nocompile: dmd   -c -odobj  nocompile//invalid_utf_03.d 1> log.tmp 2>&1
nocompile//invalid_utf_03.d:7: invalid UTF-8 sequence

--------
nocompile: dmd   -c -odobj  nocompile//invalid_utf_04.d 1> log.tmp 2>&1
nocompile//invalid_utf_04.d:7: invalid UTF-8 sequence

--------
nocompile: dmd   -c -odobj  nocompile//invalid_utf_05.d 1> log.tmp 2>&1
nocompile//invalid_utf_05.d:7: invalid UTF-8 sequence

--------
nocompile: dmd   -c -odobj  nocompile//invalid_utf_06.d 1> log.tmp 2>&1
nocompile//invalid_utf_06.d:7: invalid UTF-8 sequence

--------
nocompile: dmd   -c -odobj  nocompile//invalid_utf_07.d 1> log.tmp 2>&1
nocompile//invalid_utf_07.d:7: invalid UTF-8 sequence

--------
nocompile: dmd   -c -odobj  nocompile//invalid_utf_08.d 1> log.tmp 2>&1
nocompile//invalid_utf_08.d:7: invalid UTF-8 sequence

--------
nocompile: dmd   -c -odobj  nocompile//invalid_utf_09.d 1> log.tmp 2>&1
nocompile//invalid_utf_09.d:7: invalid UTF-8 sequence

--------
nocompile: dmd   -c -odobj  nocompile//invalid_utf_10.d 1> log.tmp 2>&1
nocompile//invalid_utf_10.d:7: invalid UTF-8 sequence

--------
nocompile: dmd   -c -odobj  nocompile//invalid_utf_11.d 1> log.tmp 2>&1
nocompile//invalid_utf_11.d:7: invalid UTF-8 sequence

--------
nocompile: dmd   -c -odobj  nocompile//invalid_utf_12.d 1> log.tmp 2>&1
nocompile//invalid_utf_12.d:7: invalid UTF-8 sequence

--------
nocompile: dmd   -c -odobj  nocompile//invalid_utf_13.d 1> log.tmp 2>&1
nocompile//invalid_utf_13.d:7: invalid UTF-8 sequence

--------
nocompile: dmd   -c -odobj  nocompile//invalid_utf_14.d 1> log.tmp 2>&1
nocompile//invalid_utf_14.d:7: invalid UTF-8 sequence

--------
nocompile: dmd   -c -odobj  nocompile//invalid_utf_15.d 1> log.tmp 2>&1
nocompile//invalid_utf_15.d:7: invalid UTF-8 sequence

--------
nocompile: dmd   -c -odobj  nocompile//invalid_utf_16.d 1> log.tmp 2>&1
nocompile//invalid_utf_16.d:7: invalid UTF-8 sequence

--------
nocompile: dmd   -c -odobj  nocompile//invalid_utf_17.d 1> log.tmp 2>&1
nocompile//invalid_utf_17.d:7: invalid UTF-8 sequence

--------
nocompile: dmd   -c -odobj  nocompile//invalid_utf_18.d 1> log.tmp 2>&1
nocompile//invalid_utf_18.d:7: invalid UTF-8 sequence

--------
nocompile: dmd   -c -odobj  nocompile//invalid_utf_19.d 1> log.tmp 2>&1
nocompile//invalid_utf_19.d:7: invalid UTF-8 sequence

--------
nocompile: dmd   -c -odobj  nocompile//invalid_utf_20.d 1> log.tmp 2>&1
nocompile//invalid_utf_20.d:7: invalid UTF-8 sequence

--------
nocompile: dmd   -c -odobj  nocompile//invalid_utf_21.d 1> log.tmp 2>&1
nocompile//invalid_utf_21.d:7: invalid UTF-8 sequence

--------
nocompile: dmd   -c -odobj  nocompile//invalid_utf_22.d 1> log.tmp 2>&1
nocompile//invalid_utf_22.d:7: invalid UTF-8 sequence

--------
nocompile: dmd   -c -odobj  nocompile//invalid_utf_23.d 1> log.tmp 2>&1
nocompile//invalid_utf_23.d:7: invalid UTF-8 sequence

--------
nocompile: dmd   -c -odobj  nocompile//invalid_utf_24.d 1> log.tmp 2>&1
nocompile//invalid_utf_24.d:7: invalid UTF-8 sequence

--------
nocompile: dmd   -c -odobj  nocompile//invalid_utf_25.d 1> log.tmp 2>&1
nocompile//invalid_utf_25.d:7: invalid UTF-8 sequence

--------
nocompile: dmd   -c -odobj  nocompile//invalid_utf_26.d 1> log.tmp 2>&1
nocompile//invalid_utf_26.d:7: invalid UTF-8 sequence

--------
nocompile: dmd   -c -odobj  nocompile//invalid_utf_27.d 1> log.tmp 2>&1
nocompile//invalid_utf_27.d:7: invalid UTF-8 sequence

--------
nocompile: dmd   -c -odobj  nocompile//invalid_utf_28.d 1> log.tmp 2>&1
nocompile//invalid_utf_28.d:7: invalid UTF-8 sequence

--------
nocompile: dmd   -c -odobj  nocompile//invalid_utf_29.d 1> log.tmp 2>&1
nocompile//invalid_utf_29.d:7: invalid UTF-8 sequence

--------
nocompile: dmd   -c -odobj  nocompile//invalid_utf_30.d 1> log.tmp 2>&1
nocompile//invalid_utf_30.d:7: invalid UTF-8 sequence

--------
nocompile: dmd   -c -odobj  nocompile//invalid_utf_31.d 1> log.tmp 2>&1
nocompile//invalid_utf_31.d:7: invalid UTF-8 sequence

--------
nocompile: dmd   -c -odobj  nocompile//invalid_utf_32.d 1> log.tmp 2>&1
nocompile//invalid_utf_32.d:7: invalid UTF-8 sequence

--------
nocompile: dmd   -c -odobj  nocompile//invalid_utf_33.d 1> log.tmp 2>&1
nocompile//invalid_utf_33.d:7: invalid UTF-8 sequence

--------
nocompile: dmd   -c -odobj  nocompile//invalid_utf_34.d 1> log.tmp 2>&1
nocompile//invalid_utf_34.d:7: invalid UTF-8 sequence

--------
nocompile: dmd   -c -odobj  nocompile//invalid_utf_35.d 1> log.tmp 2>&1
nocompile//invalid_utf_35.d:7: invalid UTF-8 sequence

--------
nocompile: dmd   -c -odobj  nocompile//invalid_utf_36.d 1> log.tmp 2>&1
nocompile//invalid_utf_36.d:7: invalid UTF-8 sequence

--------
nocompile: dmd   -c -odobj  nocompile//invalid_utf_37.d 1> log.tmp 2>&1
nocompile//invalid_utf_37.d:7: invalid UTF-8 sequence

--------
nocompile: dmd   -c -odobj  nocompile//invalid_utf_38.d 1> log.tmp 2>&1
nocompile//invalid_utf_38.d:7: invalid UTF-8 sequence

--------
nocompile: dmd   -c -odobj  nocompile//invalid_utf_39.d 1> log.tmp 2>&1
nocompile//invalid_utf_39.d:7: invalid UTF-8 sequence

--------
nocompile: dmd   -c -odobj  nocompile//invalid_utf_40.d 1> log.tmp 2>&1
nocompile//invalid_utf_40.d:7: invalid UTF-8 sequence
nocompile//invalid_utf_40.d:7: invalid UTF-8 sequence

--------
nocompile: dmd   -c -odobj  nocompile//invalid_utf_41.d 1> log.tmp 2>&1
nocompile//invalid_utf_41.d:7: invalid UTF-8 sequence
nocompile//invalid_utf_41.d:7: invalid UTF-8 sequence
nocompile//invalid_utf_41.d:7: invalid UTF-8 sequence

--------
nocompile: dmd   -c -odobj  nocompile//invalid_utf_42.d 1> log.tmp 2>&1
nocompile//invalid_utf_42.d:7: invalid UTF-8 sequence
nocompile//invalid_utf_42.d:7: invalid UTF-8 sequence
nocompile//invalid_utf_42.d:7: invalid UTF-8 sequence

--------
nocompile: dmd   -c -odobj  nocompile//invalid_utf_43.d 1> log.tmp 2>&1
nocompile//invalid_utf_43.d:7: invalid UTF-8 sequence
nocompile//invalid_utf_43.d:7: invalid UTF-8 sequence
nocompile//invalid_utf_43.d:7: invalid UTF-8 sequence

--------
nocompile: dmd   -c -odobj  nocompile//invariant_03.d 1> log.tmp 2>&1
nocompile//invariant_03.d:5: function dstress.nocompile.invariant_03.__invariant invariants only are for struct/union/class definitions

--------
nocompile: dmd   -c -odobj  nocompile//invariant_04.d 1> log.tmp 2>&1

--------
nocompile: dmd   -c -odobj  nocompile//invariant_05.d 1> log.tmp 2>&1
nocompile//invariant_05.d:5: function dstress.nocompile.invariant_05.__invariant invariants only are for struct/union/class definitions

--------
nocompile: dmd   -c -odobj  nocompile//invariant_06.d 1> log.tmp 2>&1

--------
nocompile: dmd   -c -odobj  nocompile//invariant_07.d 1> log.tmp 2>&1
nocompile//invariant_07.d:9: function dstress.nocompile.invariant_07.__invariant invariants only are for struct/union/class definitions

--------
nocompile: dmd   -c -odobj  nocompile//invariant_08.d 1> log.tmp 2>&1
nocompile//invariant_08.d:7: found 'invariant' instead of statement
nocompile//invariant_08.d:10: Declaration expected, not 'return'
nocompile//invariant_08.d:11: unrecognized declaration

--------
nocompile: dmd   -c -odobj  nocompile//invariant_09.d 1> log.tmp 2>&1
nocompile//invariant_09.d:7: found 'invariant' instead of statement
nocompile//invariant_09.d:10: Declaration expected, not 'return'
nocompile//invariant_09.d:12: unrecognized declaration

--------
nocompile: dmd   -c -odobj  nocompile//invariant_16.d 1> log.tmp 2>&1
nocompile//invariant_16.d:7: function dstress.nocompile.invariant_16.MyInterface.__invariant special function not allowed in interface MyInterface
nocompile//invariant_16.d:7: function dstress.nocompile.invariant_16.MyInterface.__invariant function body is not abstract in interface MyInterface

--------
nocompile: dmd   -c -odobj  nocompile//invariant_17.d 1> log.tmp 2>&1

--------
nocompile: dmd   -c -odobj  nocompile//length_03.d 1> log.tmp 2>&1
nocompile//length_03.d:3: array.length is not an lvalue

--------
nocompile: dmd   -c -odobj  nocompile//length_04.d 1> log.tmp 2>&1
nocompile//length_04.d:14: array is used as a type
nocompile//length_04.d:14: no property 'length' for type 'void'

--------
nocompile: dmd   -c -odobj  nocompile//line_token_05.d 1> log.tmp 2>&1
nocompile//line_token_05.d:1: #line integer ["filespec"]\n expected
nocompile//line_token_05.d:1: Declaration expected, not '2'

--------
nocompile: dmd   -c -odobj  nocompile//line_token_06.d 1> log.tmp 2>&1
nocompile//line_token_06.d:1: #line integer ["filespec"]\n expected

--------
nocompile: dmd   -c -odobj  nocompile//line_token_07.d 1> log.tmp 2>&1
filespec:1: #line integer ["filespec"]\n expected
filespec:1: Declaration expected, not '2'

--------
nocompile: dmd   -c -odobj  nocompile//line_token_08.d 1> log.tmp 2>&1
a:1: #line integer ["filespec"]\n expected
a:1: Declaration expected, not 'b'

--------
nocompile: dmd   -c -odobj  nocompile//line_token_09.d 1> log.tmp 2>&1
a:1: #line integer ["filespec"]\n expected

--------
nocompile: dmd   -c -odobj  nocompile//line_token_10.d 1> log.tmp 2>&1
nocompile//line_token_10.d:8: #line integer ["filespec"]\n expected

--------
nocompile: dmd   -c -odobj  nocompile//long_02.d 1> log.tmp 2>&1
nocompile//long_02.d:4: no property 'sign' for type 'long'

--------
nocompile: dmd   -c -odobj  nocompile//long_03.d 1> log.tmp 2>&1
nocompile//long_03.d:4: .size property is deprecated, use .sizeof

--------
nocompile: dmd   -c -odobj  nocompile//main_05.d 1> log.tmp 2>&1
nocompile//main_05.d:2: function main_05.main function expected to return a value of type int

--------
nocompile: dmd   -c -odobj  nocompile//main_06.d 1> log.tmp 2>&1
nocompile//main_06.d:3: cannot implicitly convert expression 0 of type int to void

--------
nocompile: dmd   -c -odobj  nocompile//mixin_04.d 1> log.tmp 2>&1

--------
nocompile: dmd   -c -odobj  nocompile//module_03.d 1> log.tmp 2>&1
nocompile//module_03.d:7: Declaration expected, not 'module'

--------
nocompile: dmd   -c -odobj  nocompile//offset_01.d 1> log.tmp 2>&1
nocompile//offset_01.d:17: no property 'offset' for type 'int'
nocompile//offset_01.d:18: no property 'offset' for type 'int'
nocompile//offset_01.d:19: no property 'offset' for type 'int'
nocompile//offset_01.d:19: no property 'offset' for type 'int'

--------
nocompile: dmd   -c -odobj  nocompile//offset_02.d 1> log.tmp 2>&1
nocompile//offset_02.d:15: .offset deprecated, use .offsetof
nocompile//offset_02.d:16: .offset deprecated, use .offsetof
nocompile//offset_02.d:17: .offset deprecated, use .offsetof
nocompile//offset_02.d:17: .offset deprecated, use .offsetof

--------
nocompile: dmd   -c -odobj  nocompile//offset_03.d 1> log.tmp 2>&1
nocompile//offset_03.d:17: no property 'offset' for type 'int'
nocompile//offset_03.d:18: no property 'offset' for type 'int'
nocompile//offset_03.d:19: no property 'offset' for type 'int'
nocompile//offset_03.d:19: no property 'offset' for type 'int'

--------
nocompile: dmd   -c -odobj  nocompile//offsetof_03.d 1> log.tmp 2>&1
nocompile//offsetof_03.d:15: no property 'offsetof' for type 'int'
nocompile//offsetof_03.d:16: no property 'offsetof' for type 'int'
nocompile//offsetof_03.d:17: no property 'offsetof' for type 'int'
nocompile//offsetof_03.d:17: no property 'offsetof' for type 'int'

--------
nocompile: dmd   -c -odobj  nocompile//offsetof_04.d 1> log.tmp 2>&1
nocompile//offsetof_04.d:17: no property 'offsetof' for type 'void'

--------
nocompile: dmd   -c -odobj  nocompile//offsetof_05.d 1> log.tmp 2>&1
nocompile//offsetof_05.d:19: no property 'offsetof' for type 'void'

--------
nocompile: dmd   -c -odobj  nocompile//offsetof_06.d 1> log.tmp 2>&1
nocompile//offsetof_06.d:19: no property 'offsetof' for type 'void'

--------
nocompile: dmd   -c -odobj  nocompile//offsetof_08.d 1> log.tmp 2>&1
nocompile//offsetof_08.d:15: 'this' is only allowed in non-static member functions
nocompile//offsetof_08.d:16: 'this' is only allowed in non-static member functions

--------
nocompile: dmd   -c -odobj  nocompile//opCmp_02.d 1> log.tmp 2>&1
nocompile//opCmp_02.d:18: need member function opCmp() for struct MyStruct to compare

--------
nocompile: dmd   -c -odobj  nocompile//opNeg_03.d 1> log.tmp 2>&1
nocompile//opNeg_03.d:8: 's' is not an arithmetic type

--------
nocompile: dmd   -c -odobj  nocompile//opNeg_04.d 1> log.tmp 2>&1
nocompile//opNeg_04.d:7: 'c' is not an arithmetic type

--------
nocompile: dmd   -c -odobj  nocompile//opPos_03.d 1> log.tmp 2>&1
nocompile//opPos_03.d:12: 's' is not an arithmetic type

--------
nocompile: dmd   -c -odobj  nocompile//opPos_04.d 1> log.tmp 2>&1
nocompile//opPos_04.d:12: 'c' is not an arithmetic type

--------
nocompile: dmd   -c -odobj  nocompile//operator_01.d 1> log.tmp 2>&1
nocompile//operator_01.d:20: incompatible types for ((a) + (b)): 'MyClass' and 'MyClass'

--------
nocompile: dmd   -c -odobj  nocompile//operator_02.d 1> log.tmp 2>&1
nocompile//operator_02.d:20: incompatible types for ((a) - (b)): 'MyClass' and 'MyClass'

--------
nocompile: dmd   -c -odobj  nocompile//operator_03.d 1> log.tmp 2>&1
nocompile//operator_03.d:20: 'a' is not an arithmetic type
nocompile//operator_03.d:20: 'b' is not an arithmetic type

--------
nocompile: dmd   -c -odobj  nocompile//operator_04.d 1> log.tmp 2>&1
nocompile//operator_04.d:20: 'a' is not an arithmetic type
nocompile//operator_04.d:20: 'b' is not an arithmetic type

--------
nocompile: dmd   -c -odobj  nocompile//operator_05.d 1> log.tmp 2>&1
nocompile//operator_05.d:20: 'a' is not an arithmetic type
nocompile//operator_05.d:20: 'b' is not an arithmetic type

--------
nocompile: dmd   -c -odobj  nocompile//operator_06.d 1> log.tmp 2>&1
nocompile//operator_06.d:18: 'a' is not a scalar, it is a MyClass
nocompile//operator_06.d:18: incompatible types for ((a) += (1)): 'MyClass' and 'int'
nocompile//operator_06.d:18: 'a' is not an arithmetic type

--------
nocompile: dmd   -c -odobj  nocompile//operator_07.d 1> log.tmp 2>&1
nocompile//operator_07.d:18: 'a' is not an arithmetic type

--------
nocompile: dmd   -c -odobj  nocompile//operator_08.d 1> log.tmp 2>&1
nocompile//operator_08.d:18: 'a' is not a scalar, it is a MyClass

--------
nocompile: dmd   -c -odobj  nocompile//operator_09.d 1> log.tmp 2>&1
nocompile//operator_09.d:18: 'a' is not an arithmetic type

--------
nocompile: dmd   -c -odobj  nocompile//operator_10.d 1> log.tmp 2>&1
nocompile//operator_10.d:18: 'a' is not a scalar, it is a MyClass
nocompile//operator_10.d:18: incompatible types for ((a) -= (1)): 'MyClass' and 'int'
nocompile//operator_10.d:18: 'a' is not an arithmetic type

--------
nocompile: dmd   -c -odobj  nocompile//operator_11.d 1> log.tmp 2>&1
nocompile//operator_11.d:18: 'a' is not a scalar, it is a MyClass

--------
nocompile: dmd   -c -odobj  nocompile//operator_12.d 1> log.tmp 2>&1
nocompile//operator_12.d:18: 'a' is not of integral type, it is a MyClass

--------
nocompile: dmd   -c -odobj  nocompile//operator_13.d 1> log.tmp 2>&1
nocompile//operator_13.d:20: 'a' is not of integral type, it is a MyClass
nocompile//operator_13.d:20: 'b' is not of integral type, it is a MyClass

--------
nocompile: dmd   -c -odobj  nocompile//operator_14.d 1> log.tmp 2>&1
nocompile//operator_14.d:20: 'a' is not of integral type, it is a MyClass
nocompile//operator_14.d:20: 'b' is not of integral type, it is a MyClass

--------
nocompile: dmd   -c -odobj  nocompile//operator_15.d 1> log.tmp 2>&1
nocompile//operator_15.d:20: 'a' is not of integral type, it is a MyClass
nocompile//operator_15.d:20: 'b' is not of integral type, it is a MyClass

--------
nocompile: dmd   -c -odobj  nocompile//operator_16.d 1> log.tmp 2>&1
nocompile//operator_16.d:20: 'a' is not of integral type, it is a MyClass
nocompile//operator_16.d:20: 'b' is not of integral type, it is a MyClass

--------
nocompile: dmd   -c -odobj  nocompile//overload_11.d 1> log.tmp 2>&1
nocompile//overload_11.d:28: function dstress.nocompile.overload_11.test overloads int(real a,real b) and int(real a,uint b) both match argument list for test

--------
nocompile: dmd   -c -odobj  nocompile//overload_12.d 1> log.tmp 2>&1
nocompile//overload_12.d:24: function dstress.nocompile.overload_12.B.test () does not match argument types (int)
nocompile//overload_12.d:24: Error: expected 0 arguments, not 1


--------
nocompile: dmd   -c -odobj  nocompile//override_02.d 1> log.tmp 2>&1
nocompile//override_02.d:6: function override_02.Child.check function check does not override any

--------
nocompile: dmd   -c -odobj  nocompile//override_03.d 1> log.tmp 2>&1

--------
nocompile: dmd   -c -odobj  nocompile//override_04.d 1> log.tmp 2>&1
nocompile//override_04.d:7: function override_04.Child.test function test does not override any

--------
nocompile: dmd   -c -odobj  nocompile//override_05.d 1> log.tmp 2>&1

--------
nocompile: dmd   -c -odobj  nocompile//override_06.d 1> log.tmp 2>&1

--------
nocompile: dmd   -c -odobj  nocompile//override_07.d 1> log.tmp 2>&1

--------
nocompile: dmd   -c -odobj  nocompile//override_08.d 1> log.tmp 2>&1

--------
nocompile: dmd   -c -odobj  nocompile//override_09.d 1> log.tmp 2>&1
nocompile//override_09.d:10: function dstress.nocompile.override_09.Child.test function test does not override any

--------
nocompile: dmd   -c -odobj  nocompile//pragma_03.d 1> log.tmp 2>&1
nocompile//pragma_03.d:4: string expected for pragma msg, not 'check'

--------
nocompile: dmd   -c -odobj  nocompile//pragma_04.d 1> log.tmp 2>&1
nocompile//pragma_04.d:4: string expected for pragma msg, not 'check'

--------
nocompile: dmd   -c -odobj  nocompile//precondition_01.d 1> log.tmp 2>&1
nocompile//precondition_01.d:8: missing body { ... } after in or out

--------
nocompile: dmd   -c -odobj  nocompile//private_import_01.d 1> log.tmp 2>&1

--------
nocompile: dmd   addon/private_import_A.d addon/private_import_B.d -c -odobj  nocompile//private_import_02.d 1> log.tmp 2>&1

--------
nocompile: dmd   -c -odobj  nocompile//ptr_05.d 1> log.tmp 2>&1
nocompile//ptr_05.d:10: no property 'ptr' for type 'Object [char[]]'
nocompile//ptr_05.d:10: incompatible types for ((1) is (null)): 'int' and 'void*'

--------
nocompile: dmd   -c -odobj  nocompile//ptr_06.d 1> log.tmp 2>&1
nocompile//ptr_06.d:10: no property 'ptr' for type 'Object'
nocompile//ptr_06.d:10: incompatible types for ((1) is (null)): 'int' and 'void*'

--------
nocompile: dmd   -c -odobj  nocompile//ptr_07.d 1> log.tmp 2>&1
nocompile//ptr_07.d:10: no property 'ptr' for type 'Object *'
nocompile//ptr_07.d:10: incompatible types for ((1) is (null)): 'int' and 'void*'

--------
nocompile: dmd   -c -odobj  nocompile//ptr_08.d 1> log.tmp 2>&1
nocompile//ptr_08.d:10: no property 'ptr' for type 'int'
nocompile//ptr_08.d:10: incompatible types for ((1) is (null)): 'int' and 'void*'

--------
nocompile: dmd   -c -odobj  nocompile//ptr_09.d 1> log.tmp 2>&1
nocompile//ptr_09.d:10: no property 'ptr' for type 'int'
nocompile//ptr_09.d:10: incompatible types for ((1) is (null)): 'int' and 'void*'

--------
nocompile: dmd   -c -odobj  nocompile//real_14.d 1> log.tmp 2>&1
nocompile//real_14.d:4: found '0' when expecting ';' following 'statement'

--------
nocompile: dmd   -c -odobj  nocompile//real_15.d 1> log.tmp 2>&1
nocompile//real_15.d:3: no property 'sign' for type 'real'

--------
nocompile: dmd   -c -odobj  nocompile//real_16.d 1> log.tmp 2>&1
nocompile//real_16.d:4: no property 'isnan' for type 'real'

--------
nocompile: dmd   -c -odobj  nocompile//real_17.d 1> log.tmp 2>&1
nocompile//real_17.d:4: no property 'isinfinite' for type 'real'

--------
nocompile: dmd   -c -odobj  nocompile//real_18.d 1> log.tmp 2>&1
nocompile//real_18.d:4: no property 'isnormal' for type 'real'

--------
nocompile: dmd   -c -odobj  nocompile//real_19.d 1> log.tmp 2>&1
nocompile//real_19.d:4: no property 'digits' for type 'real'

--------
nocompile: dmd   -c -odobj  nocompile//real_20.d 1> log.tmp 2>&1
nocompile//real_20.d:4: no property 'mantissa' for type 'real'

--------
nocompile: dmd   -c -odobj  nocompile//real_21.d 1> log.tmp 2>&1
nocompile//real_21.d:4: no property 'maxExp' for type 'real'

--------
nocompile: dmd   -c -odobj  nocompile//return_05.d 1> log.tmp 2>&1
nocompile//return_05.d:9: function dstress.nocompile.return_05.main function expected to return a value of type int

--------
nocompile: dmd   -c -odobj  nocompile//return_06.d 1> log.tmp 2>&1

--------
nocompile: dmd   -c -odobj  nocompile//return_07.d 1> log.tmp 2>&1

--------
nocompile: dmd   -c -odobj  nocompile//short_02.d 1> log.tmp 2>&1
nocompile//short_02.d:4: no property 'sign' for type 'short'

--------
nocompile: dmd   -c -odobj  nocompile//short_03.d 1> log.tmp 2>&1
nocompile//short_03.d:4: .size property is deprecated, use .sizeof

--------
nocompile: dmd   -c -odobj  nocompile//sizeof_05.d 1> log.tmp 2>&1
nocompile//sizeof_05.d:8: function dstress.nocompile.sizeof_05.MyStruct.sizeof .sizeof property cannot be redefined

--------
nocompile: dmd   -c -odobj  nocompile//sizeof_06.d 1> log.tmp 2>&1
nocompile//sizeof_06.d:8: variable dstress.nocompile.sizeof_06.MyStruct.sizeof .sizeof property cannot be redefined

--------
nocompile: dmd   -c -odobj  nocompile//sizeof_07.d 1> log.tmp 2>&1
nocompile//sizeof_07.d:8: variable dstress.nocompile.sizeof_07.MyClass.sizeof .sizeof property cannot be redefined

--------
nocompile: dmd   -c -odobj  nocompile//sizeof_08.d 1> log.tmp 2>&1
nocompile//sizeof_08.d:8: function dstress.nocompile.sizeof_08.MyClass.sizeof .sizeof property cannot be redefined

--------
nocompile: dmd   -c -odobj  nocompile//sizeof_09.d 1> log.tmp 2>&1
nocompile//sizeof_09.d:9: function dstress.nocompile.sizeof_09.MyUnion.sizeof .sizeof property cannot be redefined

--------
nocompile: dmd   -c -odobj  nocompile//sizeof_10.d 1> log.tmp 2>&1
nocompile//sizeof_10.d:9: variable dstress.nocompile.sizeof_10.MyUnion.sizeof .sizeof property cannot be redefined

--------
nocompile: dmd   -c -odobj  nocompile//static_07.d 1> log.tmp 2>&1

--------
nocompile: dmd   -c -odobj  nocompile//static_08.d 1> log.tmp 2>&1
nocompile//static_08.d:5: Need 'this' to access member status

--------
nocompile: dmd   -c -odobj  nocompile//static_09.d 1> log.tmp 2>&1
nocompile//static_09.d: In function `check':
nocompile//static_09.d:5: error: need 'this' to access member doIt

--------
nocompile: dmd   -c -odobj  nocompile//static_10.d 1> log.tmp 2>&1
nocompile//static_10.d:6: 'this' is only allowed in non-static member functions

--------
nocompile: dmd   -c -odobj  nocompile//static_11.d 1> log.tmp 2>&1

--------
nocompile: dmd   -c -odobj  nocompile//static_13.d 1> log.tmp 2>&1

--------
nocompile: dmd   -c -odobj  nocompile//static_19.d 1> log.tmp 2>&1

--------
nocompile: dmd   -c -odobj  nocompile//struct_04.d 1> log.tmp 2>&1
nocompile//struct_04.d:3: constructor struct_04.MyStruct.this constructors only are for class definitions
nocompile//struct_04.d:3: constructor struct_04.MyStruct.this special member functions not allowed for structs

--------
nocompile: dmd   -c -odobj  nocompile//struct_05.d 1> log.tmp 2>&1
nocompile//struct_05.d:3: no identifier for declarator MyStruct
nocompile//struct_05.d:3: semicolon expected, not '{'
nocompile//struct_05.d:3: Declaration expected, not '{'
nocompile//struct_05.d:8: Declaration expected, not 'return'

--------
nocompile: dmd   -c -odobj  nocompile//struct_06.d 1> log.tmp 2>&1
nocompile//struct_06.d:3: function struct_06.MyStruct._dtor destructors only are for class definitions
nocompile//struct_06.d:3: function struct_06.MyStruct._dtor special member functions not allowed for structs

--------
nocompile: dmd   -c -odobj  nocompile//struct_17.d 1> log.tmp 2>&1
anonymous struct __anonymous can only be a part of an aggregate

--------
nocompile: dmd   -c -odobj  nocompile//struct_19.d 1> log.tmp 2>&1
d/dmd/module.c:498: failed assertion `!deferred.dim'
nocompile//struct_19.d:0: internal compiler error: Abort trap
Please submit a full bug report,
with preprocessed source if appropriate.
See <URL:http://gcc.gnu.org/bugs.html> for instructions.

--------
nocompile: dmd   -c -odobj  nocompile//struct_20.d 1> log.tmp 2>&1
d/dmd/module.c:498: failed assertion `!deferred.dim'
nocompile//struct_20.d:0: internal compiler error: Abort trap
Please submit a full bug report,
with preprocessed source if appropriate.
See <URL:http://gcc.gnu.org/bugs.html> for instructions.

--------
nocompile: dmd   -c -odobj  nocompile//super_03.d 1> log.tmp 2>&1
nocompile//super_03.d:5: 'super' is only allowed in non-static member functions
nocompile//super_03.d:5: no property 'x' for type 'int'
nocompile//super_03.d:5: constant super.x is not an lvalue

--------
nocompile: dmd   -c -odobj  nocompile//super_05.d 1> log.tmp 2>&1
d/dmd/expression.c:1322: failed assertion `cd'
nocompile//super_05.d:0: internal compiler error: Abort trap
Please submit a full bug report,
with preprocessed source if appropriate.
See <URL:http://gcc.gnu.org/bugs.html> for instructions.

--------
nocompile: dmd   -c -odobj  nocompile//super_09.d 1> log.tmp 2>&1
nocompile//super_09.d:24: no super class constructor for Object
nocompile//super_09.d:0: internal compiler error: Bus error
Please submit a full bug report,
with preprocessed source if appropriate.
See <URL:http://gcc.gnu.org/bugs.html> for instructions.

--------
nocompile: dmd   -c -odobj  nocompile//switch_08.d 1> log.tmp 2>&1
nocompile//switch_08.d:12: default not in switch statement

--------
nocompile: dmd   -c -odobj  nocompile//switch_09.d 1> log.tmp 2>&1
nocompile//switch_09.d:22: duplicate case "123" in switch statement

--------
nocompile: dmd   -c -odobj  nocompile//switch_10.d 1> log.tmp 2>&1
nocompile//switch_10.d:20: duplicate case "123" in switch statement

--------
nocompile: dmd   -c -odobj  nocompile//switch_11.d 1> log.tmp 2>&1
nocompile//switch_11.d:14: duplicate case 0 in switch statement

--------
nocompile: dmd   -c -odobj  nocompile//switch_12.d 1> log.tmp 2>&1
nocompile//switch_12.d:20: duplicate case "123"3 in switch statement

--------
nocompile: dmd   -c -odobj  nocompile//switch_13.d 1> log.tmp 2>&1
nocompile//switch_13.d:20: duplicate case "123" in switch statement

--------
nocompile: dmd   -c -odobj  nocompile//switch_15.d 1> log.tmp 2>&1
nocompile//switch_15.d:12: 'f' is not of integral type, it is a float

--------
nocompile: dmd   -c -odobj  nocompile//switch_16.d 1> log.tmp 2>&1
nocompile//switch_16.d:14: switch statement already has a default

--------
nocompile: dmd   -c -odobj  nocompile//template_05.d 1> log.tmp 2>&1
nocompile//template_05.d:32: template instance pow!(3,4) does not match any template declaration

--------
nocompile: dmd   -c -odobj  nocompile//template_06.d 1> log.tmp 2>&1
nocompile//template_06.d:23: template instance foo!(int,f) foo is not a template declaration, it is a function
nocompile//template_06.d:23: function expected before (), not 'void'
nocompile//template_06.d:28: template instance dstress.nocompile.template_06.foo!(int) error instantiating

--------
nocompile: dmd   -c -odobj  nocompile//template_09.d 1> log.tmp 2>&1

--------
nocompile: dmd   -c -odobj  nocompile//this_01.d 1> log.tmp 2>&1
nocompile//this_01.d:13: 'this' is only allowed in non-static member functions
nocompile//this_01.d:13: no property 'foobar' for type 'int'

--------
nocompile: dmd   -c -odobj  nocompile//this_02.d 1> log.tmp 2>&1
nocompile//this_02.d:12: found '.' when expecting '('
nocompile//this_02.d:12: found ';' when expecting ')'
nocompile//this_02.d:13: semicolon expected following function declaration

--------
nocompile: dmd   -c -odobj  nocompile//try_05.d 1> log.tmp 2>&1

--------
nocompile: dmd   -c -odobj  nocompile//types_declaration_02.d 1> log.tmp 2>&1
nocompile//types_declaration_02.d:3: multiple declarations must have the same type, not int and int*
nocompile//types_declaration_02.d:4: multiple declarations must have the same type, not int[] and int

--------
nocompile: dmd   -c -odobj  nocompile//ubyte_02.d 1> log.tmp 2>&1
nocompile//ubyte_02.d:4: .size property is deprecated, use .sizeof

--------
nocompile: dmd   -c -odobj  nocompile//ubyte_03.d 1> log.tmp 2>&1
nocompile//ubyte_03.d:4: no property 'sign' for type 'ubyte'

--------
nocompile: dmd   -c -odobj  nocompile//uint_02.d 1> log.tmp 2>&1
nocompile//uint_02.d:4: no property 'sign' for type 'uint'

--------
nocompile: dmd   -c -odobj  nocompile//uint_03.d 1> log.tmp 2>&1
nocompile//uint_03.d:4: .size property is deprecated, use .sizeof

--------
nocompile: dmd   -c -odobj  nocompile//ulong_02.d 1> log.tmp 2>&1
nocompile//ulong_02.d:4: no property 'sign' for type 'ulong'

--------
nocompile: dmd   -c -odobj  nocompile//ulong_03.d 1> log.tmp 2>&1
nocompile//ulong_03.d:4: .size property is deprecated, use .sizeof

--------
nocompile: dmd   -c -odobj  nocompile//union_11.d 1> log.tmp 2>&1
anonymous union __anonymous can only be a part of an aggregate

--------
nocompile: dmd   -c -odobj  nocompile//union_12.d 1> log.tmp 2>&1
nocompile//union_12.d:20: cannot use "s.NamedUnion" as an expression

--------
nocompile: dmd   -c -odobj  nocompile//union_13.d 1> log.tmp 2>&1
nocompile//union_13.d:20: cannot use "s.NamedUnion" as an expression

--------
nocompile: dmd   -c -odobj  nocompile//union_14.d 1> log.tmp 2>&1
nocompile//union_14.d:20: cannot use "s.NamedUnion" as an expression

--------
nocompile: dmd   -c -odobj  nocompile//union_15.d 1> log.tmp 2>&1
nocompile//union_15.d:17: Need 'this' to access member i

--------
nocompile: dmd   -c -odobj  nocompile//unittest_03.d 1> log.tmp 2>&1

--------
nocompile: dmd   -c -odobj  nocompile//unittest_04.d 1> log.tmp 2>&1
anonymous struct __anonymous can only be a part of an aggregate

--------
nocompile: dmd   -c -odobj  nocompile//unittest_05.d 1> log.tmp 2>&1
anonymous union __anonymous can only be a part of an aggregate

--------
nocompile: dmd   -c -odobj  nocompile//unittest_06.d 1> log.tmp 2>&1
nocompile//unittest_06.d:7: enum member expected
nocompile//unittest_06.d:7: enum member expected
nocompile//unittest_06.d:9: unrecognized declaration

--------
nocompile: dmd   -c -odobj  nocompile//ushort_02.d 1> log.tmp 2>&1
nocompile//ushort_02.d:4: no property 'sign' for type 'ushort'

--------
nocompile: dmd   -c -odobj  nocompile//ushort_03.d 1> log.tmp 2>&1
nocompile//ushort_03.d:4: .size property is deprecated, use .sizeof

--------
nocompile: dmd   -c -odobj  nocompile//variadic_argument_01.d 1> log.tmp 2>&1
nocompile//variadic_argument_01.d:7: found ',' when expecting ')'
nocompile//variadic_argument_01.d:7: semicolon expected following function declaration
nocompile//variadic_argument_01.d:7: semicolon expected, not ')'
nocompile//variadic_argument_01.d:7: Declaration expected, not ')'
nocompile//variadic_argument_01.d:9: unrecognized declaration

--------
nocompile: dmd   -c -odobj  nocompile//version_06.d 1> log.tmp 2>&1

--------
nocompile: dmd   -c -odobj  nocompile//version_11.d 1> log.tmp 2>&1
nocompile//version_11.d:8: static assert  (0) is false

--------
nocompile: dmd   -c -odobj  nocompile//version_12.d 1> log.tmp 2>&1
nocompile//version_12.d:1: identifier or integer expected, not )
nocompile//version_12.d:1: found '{' when expecting ')'
nocompile//version_12.d:2: unrecognized declaration

--------
nocompile: dmd   -c -odobj  nocompile//version_13.d 1> log.tmp 2>&1
nocompile//version_13.d:1: identifier or integer expected, not )
nocompile//version_13.d:2: found 'EOF' when expecting ')'

--------
nocompile: dmd   -c -odobj  nocompile//version_14.d 1> log.tmp 2>&1
nocompile//version_14.d:1: identifier or integer expected, not a

--------
nocompile: dmd   -c -odobj  nocompile//version_15.d 1> log.tmp 2>&1
nocompile//version_15.d:1: identifier or integer expected, not a

--------
nocompile: dmd   -c -odobj  nocompile//version_17.d 1> log.tmp 2>&1

--------
nocompile: dmd   -c -odobj  nocompile//version_18.d 1> log.tmp 2>&1

--------
nocompile: dmd   -c -odobj  nocompile//version_19.d 1> log.tmp 2>&1

--------
nocompile: dmd   -c -odobj  nocompile//version_20.d 1> log.tmp 2>&1

--------
nocompile: dmd   -c -odobj  nocompile//version_21.d 1> log.tmp 2>&1

--------
nocompile: dmd   -c -odobj  nocompile//version_22.d 1> log.tmp 2>&1

--------
nocompile: dmd   -c -odobj  nocompile//version_23.d 1> log.tmp 2>&1

--------
nocompile: dmd   -c -odobj  nocompile//version_24.d 1> log.tmp 2>&1

--------
nocompile: dmd   -c -odobj  nocompile//version_25.d 1> log.tmp 2>&1

--------
nocompile: dmd   -c -odobj  nocompile//version_26.d 1> log.tmp 2>&1

--------
nocompile: dmd   -c -odobj  nocompile//version_27.d 1> log.tmp 2>&1

--------
nocompile: dmd   -c -odobj  nocompile//version_28.d 1> log.tmp 2>&1

--------
nocompile: dmd   -c -odobj  nocompile//wchar_01.d 1> log.tmp 2>&1
nocompile//wchar_01.d:4: .size property is deprecated, use .sizeof

--------
nocompile: dmd   -c -odobj  nocompile//wchar_02.d 1> log.tmp 2>&1
nocompile//wchar_02.d:4: no property 'sign' for type 'char'

--------
nocompile: dmd   -c -odobj  nocompile//wchar_04.d 1> log.tmp 2>&1
nocompile//wchar_04.d:13: cannot implicitly convert expression 65536 of type int to wchar

--------
nocompile: dmd   -c -odobj  nocompile//wchar_06.d 1> log.tmp 2>&1
nocompile//wchar_06.d:13: cannot implicitly convert expression -1 of type int to wchar

--------
nocompile: dmd   -c -odobj  nocompile//with_05.d 1> log.tmp 2>&1
nocompile//with_05.d:4: with expressions must be class objects, not 'byte'

--------
nocompile: dmd   -c -odobj  nocompile//with_06.d 1> log.tmp 2>&1
nocompile//with_06.d:4: with expressions must be class objects, not 'char[]'

--------
nocompile: dmd   -c -odobj  nocompile//with_07.d 1> log.tmp 2>&1
nocompile//with_07.d:12: found ':' instead of statement

--------
run: dmd   -odobj  -ofrun//Alternate_Wysiwyg_String_01.d.exe run//Alternate_Wysiwyg_String_01.d 1> log.tmp 2>&1
run//Alternate_Wysiwyg_String_01.d.exe 1> log.tmp 2>&1

--------
run: dmd   -odobj  -ofrun//Alternate_Wysiwyg_String_02.d.exe run//Alternate_Wysiwyg_String_02.d 1> log.tmp 2>&1
run//Alternate_Wysiwyg_String_02.d.exe 1> log.tmp 2>&1

--------
run: dmd   -odobj  -ofrun//Alternate_Wysiwyg_String_03.d.exe run//Alternate_Wysiwyg_String_03.d 1> log.tmp 2>&1
run//Alternate_Wysiwyg_String_03.d.exe 1> log.tmp 2>&1

--------
run: dmd   -odobj  -ofrun//Alternate_Wysiwyg_String_04.d.exe run//Alternate_Wysiwyg_String_04.d 1> log.tmp 2>&1
run//Alternate_Wysiwyg_String_04.d.exe 1> log.tmp 2>&1

--------
run: dmd   -odobj  -ofrun//Alternate_Wysiwyg_String_05.d.exe run//Alternate_Wysiwyg_String_05.d 1> log.tmp 2>&1
run//Alternate_Wysiwyg_String_05.d.exe 1> log.tmp 2>&1

--------
run: dmd   -odobj  -ofrun//Alternate_Wysiwyg_String_06.d.exe run//Alternate_Wysiwyg_String_06.d 1> log.tmp 2>&1
run//Alternate_Wysiwyg_String_06.d.exe 1> log.tmp 2>&1

--------
run: dmd   -odobj  -ofrun//Alternate_Wysiwyg_String_07.d.exe run//Alternate_Wysiwyg_String_07.d 1> log.tmp 2>&1
run//Alternate_Wysiwyg_String_07.d.exe 1> log.tmp 2>&1

--------
run: dmd   -odobj  -ofrun//Alternate_Wysiwyg_String_08.d.exe run//Alternate_Wysiwyg_String_08.d 1> log.tmp 2>&1
run//Alternate_Wysiwyg_String_08.d.exe 1> log.tmp 2>&1

--------
run: dmd   -odobj  -ofrun//Alternate_Wysiwyg_String_09.d.exe run//Alternate_Wysiwyg_String_09.d 1> log.tmp 2>&1
run//Alternate_Wysiwyg_String_09.d.exe 1> log.tmp 2>&1

--------
run: dmd   -odobj  -ofrun//Alternate_Wysiwyg_String_10.d.exe run//Alternate_Wysiwyg_String_10.d 1> log.tmp 2>&1
run//Alternate_Wysiwyg_String_10.d.exe 1> log.tmp 2>&1

--------
run: dmd   -odobj  -ofrun//Alternate_Wysiwyg_String_11.d.exe run//Alternate_Wysiwyg_String_11.d 1> log.tmp 2>&1
run//Alternate_Wysiwyg_String_11.d.exe 1> log.tmp 2>&1

--------
run: dmd   -odobj  -ofrun//Alternate_Wysiwyg_String_12.d.exe run//Alternate_Wysiwyg_String_12.d 1> log.tmp 2>&1
run//Alternate_Wysiwyg_String_12.d.exe 1> log.tmp 2>&1

--------
run: dmd   -odobj  -ofrun//Alternate_Wysiwyg_String_13.d.exe run//Alternate_Wysiwyg_String_13.d 1> log.tmp 2>&1
run//Alternate_Wysiwyg_String_13.d.exe 1> log.tmp 2>&1

--------
run: dmd   -odobj  -ofrun//Alternate_Wysiwyg_String_14.d.exe run//Alternate_Wysiwyg_String_14.d 1> log.tmp 2>&1
run//Alternate_Wysiwyg_String_14.d.exe 1> log.tmp 2>&1

--------
run: dmd   -odobj  -ofrun//Alternate_Wysiwyg_String_15.d.exe run//Alternate_Wysiwyg_String_15.d 1> log.tmp 2>&1
run//Alternate_Wysiwyg_String_15.d.exe 1> log.tmp 2>&1

--------
run: dmd   -odobj  -ofrun//Alternate_Wysiwyg_String_16.d.exe run//Alternate_Wysiwyg_String_16.d 1> log.tmp 2>&1
run//Alternate_Wysiwyg_String_16.d.exe 1> log.tmp 2>&1

--------
run: dmd   -odobj  -ofrun//InExpression_01.d.exe run//InExpression_01.d 1> log.tmp 2>&1
run//InExpression_01.d.exe 1> log.tmp 2>&1

--------
run: dmd   -odobj  -ofrun//InExpression_02.d.exe run//InExpression_02.d 1> log.tmp 2>&1
run//InExpression_02.d.exe 1> log.tmp 2>&1
Error: AssertError Failure run//InExpression_02.d(15)

--------
run: dmd   -odobj  -ofrun//InExpression_03.d.exe run//InExpression_03.d 1> log.tmp 2>&1
run//InExpression_03.d.exe 1> log.tmp 2>&1
Error: AssertError Failure run//InExpression_03.d(19)

--------
run: dmd   -odobj  -ofrun//InExpression_04.d.exe run//InExpression_04.d 1> log.tmp 2>&1
run//InExpression_04.d.exe 1> log.tmp 2>&1

--------
run: dmd   -odobj  -ofrun//InExpression_05.d.exe run//InExpression_05.d 1> log.tmp 2>&1
run//InExpression_05.d.exe 1> log.tmp 2>&1
Error: AssertError Failure run//InExpression_05.d(22)

--------
run: dmd   -odobj  -ofrun//InExpression_06.d.exe run//InExpression_06.d 1> log.tmp 2>&1
run//InExpression_06.d.exe 1> log.tmp 2>&1
Error: AssertError Failure run//InExpression_06.d(28)

--------
run: dmd   -odobj  -ofrun//InExpression_07.d.exe run//InExpression_07.d 1> log.tmp 2>&1
run//InExpression_07.d.exe 1> log.tmp 2>&1

--------
run: dmd   -odobj  -ofrun//InExpression_08.d.exe run//InExpression_08.d 1> log.tmp 2>&1
run//InExpression_08.d.exe 1> log.tmp 2>&1
Error: AssertError Failure run//InExpression_08.d(20)

--------
run: dmd   -odobj  -ofrun//InExpression_09.d.exe run//InExpression_09.d 1> log.tmp 2>&1
run//InExpression_09.d.exe 1> log.tmp 2>&1

--------
run: dmd   -odobj  -ofrun//InExpression_10.d.exe run//InExpression_10.d 1> log.tmp 2>&1
run//InExpression_10.d.exe 1> log.tmp 2>&1

--------
run: dmd   -odobj  -ofrun//InExpression_11.d.exe run//InExpression_11.d 1> log.tmp 2>&1
run//InExpression_11.d.exe 1> log.tmp 2>&1

--------
run: dmd   -odobj  -ofrun//InExpression_12.d.exe run//InExpression_12.d 1> log.tmp 2>&1
run//InExpression_12.d.exe 1> log.tmp 2>&1

--------
run: dmd   -odobj  -ofrun//InExpression_13.d.exe run//InExpression_13.d 1> log.tmp 2>&1
run//InExpression_13.d.exe 1> log.tmp 2>&1

--------
run: dmd   -odobj  -ofrun//InExpression_19.d.exe run//InExpression_19.d 1> log.tmp 2>&1
run//InExpression_19.d.exe 1> log.tmp 2>&1

--------
run: dmd   -odobj  -ofrun//Wysiwyg_String_01.d.exe run//Wysiwyg_String_01.d 1> log.tmp 2>&1
run//Wysiwyg_String_01.d.exe 1> log.tmp 2>&1

--------
run: dmd   -odobj  -ofrun//Wysiwyg_String_02.d.exe run//Wysiwyg_String_02.d 1> log.tmp 2>&1
run//Wysiwyg_String_02.d.exe 1> log.tmp 2>&1

--------
run: dmd   -odobj  -ofrun//Wysiwyg_String_03.d.exe run//Wysiwyg_String_03.d 1> log.tmp 2>&1
run//Wysiwyg_String_03.d.exe 1> log.tmp 2>&1

--------
run: dmd   -odobj  -ofrun//Wysiwyg_String_04.d.exe run//Wysiwyg_String_04.d 1> log.tmp 2>&1
run//Wysiwyg_String_04.d.exe 1> log.tmp 2>&1

--------
run: dmd   -odobj  -ofrun//Wysiwyg_String_05.d.exe run//Wysiwyg_String_05.d 1> log.tmp 2>&1
run//Wysiwyg_String_05.d.exe 1> log.tmp 2>&1

--------
run: dmd   -odobj  -ofrun//Wysiwyg_String_06.d.exe run//Wysiwyg_String_06.d 1> log.tmp 2>&1
run//Wysiwyg_String_06.d.exe 1> log.tmp 2>&1

--------
run: dmd   -odobj  -ofrun//Wysiwyg_String_07.d.exe run//Wysiwyg_String_07.d 1> log.tmp 2>&1
run//Wysiwyg_String_07.d.exe 1> log.tmp 2>&1

--------
run: dmd   -odobj  -ofrun//Wysiwyg_String_08.d.exe run//Wysiwyg_String_08.d 1> log.tmp 2>&1
run//Wysiwyg_String_08.d.exe 1> log.tmp 2>&1

--------
run: dmd   -odobj  -ofrun//Wysiwyg_String_09.d.exe run//Wysiwyg_String_09.d 1> log.tmp 2>&1
run//Wysiwyg_String_09.d.exe 1> log.tmp 2>&1

--------
run: dmd   -odobj  -ofrun//Wysiwyg_String_10.d.exe run//Wysiwyg_String_10.d 1> log.tmp 2>&1
run//Wysiwyg_String_10.d.exe 1> log.tmp 2>&1

--------
run: dmd   -odobj  -ofrun//Wysiwyg_String_11.d.exe run//Wysiwyg_String_11.d 1> log.tmp 2>&1
run//Wysiwyg_String_11.d.exe 1> log.tmp 2>&1

--------
run: dmd   -odobj  -ofrun//Wysiwyg_String_12.d.exe run//Wysiwyg_String_12.d 1> log.tmp 2>&1
run//Wysiwyg_String_12.d.exe 1> log.tmp 2>&1

--------
run: dmd   -odobj  -ofrun//Wysiwyg_String_13.d.exe run//Wysiwyg_String_13.d 1> log.tmp 2>&1
run//Wysiwyg_String_13.d.exe 1> log.tmp 2>&1

--------
run: dmd   -odobj  -ofrun//Wysiwyg_String_14.d.exe run//Wysiwyg_String_14.d 1> log.tmp 2>&1
run//Wysiwyg_String_14.d.exe 1> log.tmp 2>&1

--------
run: dmd   -odobj  -ofrun//Wysiwyg_String_15.d.exe run//Wysiwyg_String_15.d 1> log.tmp 2>&1
run//Wysiwyg_String_15.d.exe 1> log.tmp 2>&1

--------
run: dmd   -odobj  -ofrun//alias_01.d.exe run//alias_01.d 1> log.tmp 2>&1
run//alias_01.d.exe 1> log.tmp 2>&1

--------
run: dmd   -odobj  -ofrun//alias_02.d.exe run//alias_02.d 1> log.tmp 2>&1
run//alias_02.d.exe 1> log.tmp 2>&1

--------
run: dmd   -odobj  -ofrun//alias_03.d.exe run//alias_03.d 1> log.tmp 2>&1
run//alias_03.d.exe 1> log.tmp 2>&1

--------
run: dmd   -odobj  -ofrun//alias_04.d.exe run//alias_04.d 1> log.tmp 2>&1
run//alias_04.d.exe 1> log.tmp 2>&1

--------
run: dmd   -odobj  -ofrun//alias_07.d.exe run//alias_07.d 1> log.tmp 2>&1
run//alias_07.d:15: found 'test' when expecting ';' following 'statement'
run//alias_07.d:15: found '[' when expecting '.' following 'char'
run//alias_07.d:15: found ']' when expecting identifier following 'char.'
run//alias_07.d:15: found 'c' when expecting ')'
run//alias_07.d:15: found ')' when expecting ';' following 'statement'

--------
run: dmd   -odobj  -ofrun//alias_09.d.exe run//alias_09.d 1> log.tmp 2>&1
run//alias_09.d:18: template instance bar!(char[]) does not match any template declaration

--------
run: dmd   -odobj  -ofrun//alias_10.d.exe run//alias_10.d 1> log.tmp 2>&1
run//alias_10.d.exe 1> log.tmp 2>&1

--------
run: dmd   -odobj  -ofrun//alias_11.d.exe run//alias_11.d 1> log.tmp 2>&1
run//alias_11.d.exe 1> log.tmp 2>&1

--------
run: dmd   -odobj  -ofrun//alias_12.d.exe run//alias_12.d 1> log.tmp 2>&1
run//alias_12.d.exe 1> log.tmp 2>&1

--------
run: dmd   -odobj  -ofrun//alias_13.d.exe run//alias_13.d 1> log.tmp 2>&1
run//alias_13.d: In member function `test':
run//alias_13.d:28: error: need 'this' to access member sum

--------
run: dmd   -odobj  -ofrun//alias_14.d.exe run//alias_14.d 1> log.tmp 2>&1
run//alias_14.d.exe 1> log.tmp 2>&1

--------
run: dmd   -odobj  -ofrun//align_06.d.exe run//align_06.d 1> log.tmp 2>&1
run//align_06.d.exe 1> log.tmp 2>&1
Error: AssertError Failure run//align_06.d(17)

--------
run: dmd   -odobj  -ofrun//align_07.d.exe run//align_07.d 1> log.tmp 2>&1
run//align_07.d.exe 1> log.tmp 2>&1

--------
run: dmd   -odobj  -ofrun//array_initialization_02.d.exe run//array_initialization_02.d 1> log.tmp 2>&1
run//array_initialization_02.d.exe 1> log.tmp 2>&1

--------
run: dmd   -odobj  -ofrun//array_initialization_03.d.exe run//array_initialization_03.d 1> log.tmp 2>&1
run//array_initialization_03.d.exe 1> log.tmp 2>&1

--------
run: dmd   -odobj  -ofrun//assert_01.d.exe run//assert_01.d 1> log.tmp 2>&1
run//assert_01.d.exe 1> log.tmp 2>&1

--------
run: dmd   -odobj  -ofrun//assert_02.d.exe run//assert_02.d 1> log.tmp 2>&1
run//assert_02.d.exe 1> log.tmp 2>&1

--------
run: dmd   -odobj  -ofrun//associative_array_02.d.exe run//associative_array_02.d 1> log.tmp 2>&1
run//associative_array_02.d.exe 1> log.tmp 2>&1

--------
run: dmd   -odobj  -ofrun//associative_array_07.d.exe run//associative_array_07.d 1> log.tmp 2>&1
run//associative_array_07.d.exe 1> log.tmp 2>&1

--------
run: dmd   -odobj  -ofrun//auto_01.d.exe run//auto_01.d 1> log.tmp 2>&1
run//auto_01.d.exe 1> log.tmp 2>&1

--------
run: dmd   -odobj  -ofrun//auto_02.d.exe run//auto_02.d 1> log.tmp 2>&1
run//auto_02.d.exe 1> log.tmp 2>&1

--------
run: dmd   -odobj  -ofrun//auto_03.d.exe run//auto_03.d 1> log.tmp 2>&1
run//auto_03.d.exe 1> log.tmp 2>&1

--------
run: dmd   -odobj  -ofrun//auto_04.d.exe run//auto_04.d 1> log.tmp 2>&1
run//auto_04.d.exe 1> log.tmp 2>&1

--------
run: dmd   -odobj  -ofrun//bit_01.d.exe run//bit_01.d 1> log.tmp 2>&1
run//bit_01.d.exe 1> log.tmp 2>&1

--------
run: dmd   -odobj  -ofrun//bit_03.d.exe run//bit_03.d 1> log.tmp 2>&1
run//bit_03.d.exe 1> log.tmp 2>&1

--------
run: dmd   -odobj  -ofrun//bit_04.d.exe run//bit_04.d 1> log.tmp 2>&1
run//bit_04.d.exe 1> log.tmp 2>&1

--------
run: dmd   -odobj  -ofrun//bit_05.d.exe run//bit_05.d 1> log.tmp 2>&1
run//bit_05.d.exe 1> log.tmp 2>&1

--------
run: dmd   -odobj  -ofrun//bit_06.d.exe run//bit_06.d 1> log.tmp 2>&1
run//bit_06.d.exe 1> log.tmp 2>&1

--------
run: dmd   -odobj  -ofrun//break_01.d.exe run//break_01.d 1> log.tmp 2>&1
run//break_01.d.exe 1> log.tmp 2>&1

--------
run: dmd   -odobj  -ofrun//break_02.d.exe run//break_02.d 1> log.tmp 2>&1
run//break_02.d.exe 1> log.tmp 2>&1

--------
run: dmd   -odobj  -ofrun//break_03.d.exe run//break_03.d 1> log.tmp 2>&1
run//break_03.d.exe 1> log.tmp 2>&1

--------
run: dmd   -odobj  -ofrun//break_04.d.exe run//break_04.d 1> log.tmp 2>&1
run//break_04.d.exe 1> log.tmp 2>&1

--------
run: dmd   -odobj  -ofrun//break_05.d.exe run//break_05.d 1> log.tmp 2>&1
run//break_05.d.exe 1> log.tmp 2>&1

--------
run: dmd   -odobj  -ofrun//break_08.d.exe run//break_08.d 1> log.tmp 2>&1
run//break_08.d.exe 1> log.tmp 2>&1

--------
run: dmd   -odobj  -ofrun//break_09.d.exe run//break_09.d 1> log.tmp 2>&1
run//break_09.d.exe 1> log.tmp 2>&1

--------
run: dmd   -odobj  -ofrun//bug_20041103_A.d.exe run//bug_20041103_A.d 1> log.tmp 2>&1
run//bug_20041103_A.d.exe 1> log.tmp 2>&1

--------
run: dmd   -odobj  -ofrun//bug_20041103_B.d.exe run//bug_20041103_B.d 1> log.tmp 2>&1
run//bug_20041103_B.d.exe 1> log.tmp 2>&1

--------
run: dmd   -odobj  -ofrun//bug_20041103_C.d.exe run//bug_20041103_C.d 1> log.tmp 2>&1
run//bug_20041103_C.d:26: constant 65 is not an lvalue

--------
run: dmd   -odobj  -ofrun//bug_20041103_D.d.exe run//bug_20041103_D.d 1> log.tmp 2>&1
run//bug_20041103_D.d.exe 1> log.tmp 2>&1

--------
run: dmd   -odobj  -ofrun//bug_20041103_E.d.exe run//bug_20041103_E.d 1> log.tmp 2>&1
run//bug_20041103_E.d.exe 1> log.tmp 2>&1

--------
run: dmd   -inline -odobj  -ofrun//bug_20041226_A.d.exe run//bug_20041226_A.d 1> log.tmp 2>&1
run//bug_20041226_A.d.exe 1> log.tmp 2>&1

--------
run: dmd   -inline -g -odobj  -ofrun//bug_20041226_B.d.exe run//bug_20041226_B.d 1> log.tmp 2>&1
run//bug_20041226_B.d.exe 1> log.tmp 2>&1

--------
run: dmd   -odobj  -ofrun//bug_20041226_C.d.exe run//bug_20041226_C.d 1> log.tmp 2>&1
run//bug_20041226_C.d.exe 1> log.tmp 2>&1

--------
run: dmd   -inline -odobj  -ofrun//bug_20041226_D.d.exe run//bug_20041226_D.d 1> log.tmp 2>&1
run//bug_20041226_D.d.exe 1> log.tmp 2>&1

--------
run: dmd   -inline -odobj  -ofrun//bug_20041226_E.d.exe run//bug_20041226_E.d 1> log.tmp 2>&1
run//bug_20041226_E.d.exe 1> log.tmp 2>&1

--------
run: dmd   -odobj  -ofrun//bug_20050128_A.d.exe run//bug_20050128_A.d 1> log.tmp 2>&1
run//bug_20050128_A.d.exe 1> log.tmp 2>&1

--------
run: dmd   -odobj  -ofrun//bug_20050128_B.d.exe run//bug_20050128_B.d 1> log.tmp 2>&1
run//bug_20050128_B.d.exe 1> log.tmp 2>&1

--------
run: dmd   -O -odobj  -ofrun//bug_cgcod_1640_A.d.exe run//bug_cgcod_1640_A.d 1> log.tmp 2>&1
run//bug_cgcod_1640_A.d.exe 1> log.tmp 2>&1

--------
run: dmd   -odobj  -ofrun//bug_cgcod_1640_B.d.exe run//bug_cgcod_1640_B.d 1> log.tmp 2>&1
run//bug_cgcod_1640_B.d.exe 1> log.tmp 2>&1

--------
run: dmd   -O -odobj  -ofrun//bug_cgcod_1640_C.d.exe run//bug_cgcod_1640_C.d 1> log.tmp 2>&1
run//bug_cgcod_1640_C.d.exe 1> log.tmp 2>&1

--------
run: dmd   -O -odobj  -ofrun//bug_cgcod_1640_D.d.exe run//bug_cgcod_1640_D.d 1> log.tmp 2>&1
run//bug_cgcod_1640_D.d.exe 1> log.tmp 2>&1

--------
run: dmd   -odobj  -ofrun//bug_cgcod_1640_E.d.exe run//bug_cgcod_1640_E.d 1> log.tmp 2>&1
run//bug_cgcod_1640_E.d.exe 1> log.tmp 2>&1

--------
run: dmd   -O -odobj  -ofrun//bug_cgcod_1640_F.d.exe run//bug_cgcod_1640_F.d 1> log.tmp 2>&1
run//bug_cgcod_1640_F.d.exe 1> log.tmp 2>&1

--------
run: dmd   -odobj  -ofrun//bug_cgcod_1640_G.d.exe run//bug_cgcod_1640_G.d 1> log.tmp 2>&1
run//bug_cgcod_1640_G.d.exe 1> log.tmp 2>&1

--------
run: dmd   -odobj  -ofrun//bug_e2ir_141_A.d.exe run//bug_e2ir_141_A.d 1> log.tmp 2>&1
run//bug_e2ir_141_A.d.exe 1> log.tmp 2>&1
Error: AssertError Failure run//bug_e2ir_141_A.d(31)

--------
run: dmd   -odobj  -ofrun//bug_e2ir_141_B.d.exe run//bug_e2ir_141_B.d 1> log.tmp 2>&1
run//bug_e2ir_141_B.d.exe 1> log.tmp 2>&1
Error: AssertError Failure run//bug_e2ir_141_B.d(27)

--------
run: dmd   -odobj  -ofrun//bug_e2ir_141_C.d.exe run//bug_e2ir_141_C.d 1> log.tmp 2>&1
run//bug_e2ir_141_C.d.exe 1> log.tmp 2>&1

--------
run: dmd   -odobj  -ofrun//bug_e2ir_141_D.d.exe run//bug_e2ir_141_D.d 1> log.tmp 2>&1
run//bug_e2ir_141_D.d.exe 1> log.tmp 2>&1
Error: AssertError Failure run//bug_e2ir_141_D.d(34)

--------
run: dmd   -odobj  -ofrun//bug_e2ir_299_A.d.exe run//bug_e2ir_299_A.d 1> log.tmp 2>&1
run//bug_e2ir_299_A.d: In function `__funclit1':
run//bug_e2ir_299_A.d:15: internal compiler error: in lookup_static_chain, at function.c:5663
Please submit a full bug report,
with preprocessed source if appropriate.
See <URL:http://gcc.gnu.org/bugs.html> for instructions.

--------
run: dmd   -odobj  -ofrun//bug_e2ir_299_B.d.exe run//bug_e2ir_299_B.d 1> log.tmp 2>&1
run//bug_e2ir_299_B.d: In function `__funclit1':
run//bug_e2ir_299_B.d:14: internal compiler error: in lookup_static_chain, at function.c:5663
Please submit a full bug report,
with preprocessed source if appropriate.
See <URL:http://gcc.gnu.org/bugs.html> for instructions.

--------
run: dmd   -g -odobj  -ofrun//bug_elfobj_1251_A.d.exe run//bug_elfobj_1251_A.d 1> log.tmp 2>&1
run//bug_elfobj_1251_A.d.exe 1> log.tmp 2>&1

--------
run: dmd   -odobj  -ofrun//bug_elfobj_1251_B.d.exe run//bug_elfobj_1251_B.d 1> log.tmp 2>&1
run//bug_elfobj_1251_B.d.exe 1> log.tmp 2>&1

--------
run: dmd   -g -odobj  -ofrun//bug_elfobj_1251_C.d.exe run//bug_elfobj_1251_C.d 1> log.tmp 2>&1
run//bug_elfobj_1251_C.d.exe 1> log.tmp 2>&1

--------
run: dmd   -odobj  -ofrun//bug_expression_661_A.d.exe run//bug_expression_661_A.d 1> log.tmp 2>&1
run//bug_expression_661_A.d:12: 'cast(float)(1) / cast(float)(8) - cast(float)(2147483647)' is not of integral type, it is a float
-2147483646
d/dmd/expression.c:682: failed assertion `0'
float 0xb02260
run//bug_expression_661_A.d:0: internal compiler error: Abort trap
Please submit a full bug report,
with preprocessed source if appropriate.
See <URL:http://gcc.gnu.org/bugs.html> for instructions.

--------
run: dmd   -odobj  -ofrun//bug_expression_661_B.d.exe run//bug_expression_661_B.d 1> log.tmp 2>&1
run//bug_expression_661_B.d:12: '0.0' is not of integral type, it is a double
0
d/dmd/expression.c:682: failed assertion `0'
double 0xb022b0
run//bug_expression_661_B.d:0: internal compiler error: Abort trap
Please submit a full bug report,
with preprocessed source if appropriate.
See <URL:http://gcc.gnu.org/bugs.html> for instructions.

--------
run: dmd   -odobj  -ofrun//bug_mangle_61_A.d.exe run//bug_mangle_61_A.d 1> log.tmp 2>&1
run//bug_mangle_61_A.d:19: variable dstress.run.bug_mangle_61_A.comma forward declaration
run//bug_mangle_61_A.d:18: template instance dstress.run.bug_mangle_61_A.test!(char[],comma) error instantiating

--------
run: dmd   -odobj  -ofrun//bug_mangle_61_B.d.exe run//bug_mangle_61_B.d 1> log.tmp 2>&1
run//bug_mangle_61_B.d.exe 1> log.tmp 2>&1

--------
run: dmd   -odobj  -ofrun//bug_mtype_2576_A.d.exe run//bug_mtype_2576_A.d 1> log.tmp 2>&1
run//bug_mtype_2576_A.d.exe 1> log.tmp 2>&1

--------
run: dmd   -odobj  -ofrun//bug_todt_194_A.d.exe run//bug_todt_194_A.d 1> log.tmp 2>&1
run//bug_todt_194_A.d:21: internal compiler error: Bus error
Please submit a full bug report,
with preprocessed source if appropriate.
See <URL:http://gcc.gnu.org/bugs.html> for instructions.

--------
run: dmd   -odobj  -ofrun//bug_todt_194_B.d.exe run//bug_todt_194_B.d 1> log.tmp 2>&1
run//bug_todt_194_B.d:12: MyStruct!().i is used as a type
run//bug_todt_194_B.d:12: new can only create structs, dynamic arrays or class objects, not void's
run//bug_todt_194_B.d:12: incompatible types for ((new void*) == (4)): 'void*' and 'uint'

--------
run: dmd   -odobj  -ofrun//byte_01.d.exe run//byte_01.d 1> log.tmp 2>&1
run//byte_01.d.exe 1> log.tmp 2>&1

--------
run: dmd   -odobj  -ofrun//byte_02.d.exe run//byte_02.d 1> log.tmp 2>&1
run//byte_02.d.exe 1> log.tmp 2>&1

--------
run: dmd   -odobj  -ofrun//byte_03.d.exe run//byte_03.d 1> log.tmp 2>&1
run//byte_03.d.exe 1> log.tmp 2>&1

--------
run: dmd   -odobj  -ofrun//byte_04.d.exe run//byte_04.d 1> log.tmp 2>&1
run//byte_04.d.exe 1> log.tmp 2>&1

--------
run: dmd   -odobj  -ofrun//byte_05.d.exe run//byte_05.d 1> log.tmp 2>&1
run//byte_05.d.exe 1> log.tmp 2>&1

--------
run: dmd   -odobj  -ofrun//byte_06.d.exe run//byte_06.d 1> log.tmp 2>&1
run//byte_06.d.exe 1> log.tmp 2>&1

--------
run: dmd   -odobj  -ofrun//byte_07.d.exe run//byte_07.d 1> log.tmp 2>&1
run//byte_07.d.exe 1> log.tmp 2>&1

--------
run: dmd   -odobj  -ofrun//byte_08.d.exe run//byte_08.d 1> log.tmp 2>&1
run//byte_08.d.exe 1> log.tmp 2>&1

--------
run: dmd   -odobj  -ofrun//byte_11.d.exe run//byte_11.d 1> log.tmp 2>&1
run//byte_11.d.exe 1> log.tmp 2>&1

--------
run: dmd   -odobj  -ofrun//byte_12.d.exe run//byte_12.d 1> log.tmp 2>&1
run//byte_12.d.exe 1> log.tmp 2>&1

--------
run: dmd   -odobj  -ofrun//byte_13.d.exe run//byte_13.d 1> log.tmp 2>&1
run//byte_13.d.exe 1> log.tmp 2>&1

--------
run: dmd   -odobj  -ofrun//byte_14.d.exe run//byte_14.d 1> log.tmp 2>&1
run//byte_14.d.exe 1> log.tmp 2>&1

--------
run: dmd   -odobj  -ofrun//cast_01.d.exe run//cast_01.d 1> log.tmp 2>&1
run//cast_01.d: In function `test':
run//cast_01.d:18: error: conversion to non-scalar type requested

--------
run: dmd   -odobj  -ofrun//cast_02.d.exe run//cast_02.d 1> log.tmp 2>&1
run//cast_02.d: In function `main':
run//cast_02.d:19: error: conversion to non-scalar type requested

--------
run: dmd   -odobj  -ofrun//cast_05.d.exe run//cast_05.d 1> log.tmp 2>&1
run//cast_05.d.exe 1> log.tmp 2>&1

--------
run: dmd   -odobj  -ofrun//cast_06.d.exe run//cast_06.d 1> log.tmp 2>&1
run//cast_06.d.exe 1> log.tmp 2>&1

--------
run: dmd   -odobj  -ofrun//cast_07.d.exe run//cast_07.d 1> log.tmp 2>&1
run//cast_07.d:15: cannot implicitly convert expression 1 << 31 of type int to uint

--------
run: dmd   -odobj  -ofrun//cast_08.d.exe run//cast_08.d 1> log.tmp 2>&1
run//cast_08.d.exe 1> log.tmp 2>&1

--------
run: dmd   -odobj  -ofrun//cast_10.d.exe run//cast_10.d 1> log.tmp 2>&1
run//cast_10.d:23: cast(Parent )(c) is not an lvalue

--------
run: dmd   -odobj  -ofrun//cast_11.d.exe run//cast_11.d 1> log.tmp 2>&1
run//cast_11.d.exe 1> log.tmp 2>&1

--------
run: dmd   -odobj  -ofrun//cast_12.d.exe run//cast_12.d 1> log.tmp 2>&1
run//cast_12.d.exe 1> log.tmp 2>&1

--------
run: dmd   -odobj  -ofrun//cast_13.d.exe run//cast_13.d 1> log.tmp 2>&1
run//cast_13.d.exe 1> log.tmp 2>&1

--------
run: dmd   -odobj  -ofrun//cast_14.d.exe run//cast_14.d 1> log.tmp 2>&1
run//cast_14.d.exe 1> log.tmp 2>&1

--------
run: dmd   -odobj  -ofrun//cast_15.d.exe run//cast_15.d 1> log.tmp 2>&1
run//cast_15.d.exe 1> log.tmp 2>&1

--------
run: dmd   -odobj  -ofrun//cast_16.d.exe run//cast_16.d 1> log.tmp 2>&1
run//cast_16.d.exe 1> log.tmp 2>&1

--------
run: dmd   -odobj  -ofrun//cast_17.d.exe run//cast_17.d 1> log.tmp 2>&1
run//cast_17.d.exe 1> log.tmp 2>&1

--------
run: dmd   -odobj  -ofrun//cast_18.d.exe run//cast_18.d 1> log.tmp 2>&1
run//cast_18.d.exe 1> log.tmp 2>&1

--------
run: dmd   -odobj  -ofrun//char_03.d.exe run//char_03.d 1> log.tmp 2>&1
run//char_03.d.exe 1> log.tmp 2>&1

--------
run: dmd   -odobj  -ofrun//class_01.d.exe run//class_01.d 1> log.tmp 2>&1
run//class_01.d.exe 1> log.tmp 2>&1

--------
run: dmd   -odobj  -ofrun//class_02.d.exe run//class_02.d 1> log.tmp 2>&1
run//class_02.d.exe 1> log.tmp 2>&1

--------
run: dmd   -odobj  -ofrun//class_03.d.exe run//class_03.d 1> log.tmp 2>&1
run//class_03.d.exe 1> log.tmp 2>&1

--------
run: dmd   -odobj  -ofrun//class_06.d.exe run//class_06.d 1> log.tmp 2>&1
run//class_06.d:24: no property 'b' for type 'foo'
run//class_06.d:24: constant bar.b is not an lvalue

--------
run: dmd   -odobj  -ofrun//class_08.d.exe run//class_08.d 1> log.tmp 2>&1
run//class_08.d.exe 1> log.tmp 2>&1

--------
run: dmd   -odobj  -ofrun//class_09.d.exe run//class_09.d 1> log.tmp 2>&1
run//class_09.d.exe 1> log.tmp 2>&1

--------
run: dmd   -odobj  -ofrun//class_10.d.exe run//class_10.d 1> log.tmp 2>&1
run//class_10.d.exe 1> log.tmp 2>&1

--------
run: dmd   -odobj  -ofrun//class_initialization_01.d.exe run//class_initialization_01.d 1> log.tmp 2>&1
run//class_initialization_01.d.exe 1> log.tmp 2>&1

--------
run: dmd   -odobj  -ofrun//class_initialization_02.d.exe run//class_initialization_02.d 1> log.tmp 2>&1
run//class_initialization_02.d.exe 1> log.tmp 2>&1

--------
run: dmd   -debug -odobj  -ofrun//command_line_debug_01.d.exe run//command_line_debug_01.d 1> log.tmp 2>&1
run//command_line_debug_01.d.exe 1> log.tmp 2>&1

--------
run: dmd   -debug=1 -odobj  -ofrun//command_line_debug_02.d.exe run//command_line_debug_02.d 1> log.tmp 2>&1
run//command_line_debug_02.d.exe 1> log.tmp 2>&1

--------
run: dmd   -debug=abc -odobj  -ofrun//command_line_debug_03.d.exe run//command_line_debug_03.d 1> log.tmp 2>&1
run//command_line_debug_03.d.exe 1> log.tmp 2>&1

--------
run: dmd   -debug=123456789 -odobj  -ofrun//command_line_debug_04.d.exe run//command_line_debug_04.d 1> log.tmp 2>&1
run//command_line_debug_04.d.exe 1> log.tmp 2>&1

--------
run: dmd   -debug=A1 -odobj  -ofrun//command_line_debug_08.d.exe run//command_line_debug_08.d 1> log.tmp 2>&1
run//command_line_debug_08.d.exe 1> log.tmp 2>&1

--------
run: dmd   -d -odobj  -ofrun//command_line_deprecated_01.d.exe run//command_line_deprecated_01.d 1> log.tmp 2>&1
run//command_line_deprecated_01.d.exe 1> log.tmp 2>&1

--------
run: dmd   -version=abc -odobj  -ofrun//command_line_version_01.d.exe run//command_line_version_01.d 1> log.tmp 2>&1
run//command_line_version_01.d.exe 1> log.tmp 2>&1

--------
run: dmd   -version=123 -odobj  -ofrun//command_line_version_02.d.exe run//command_line_version_02.d 1> log.tmp 2>&1
run//command_line_version_02.d.exe 1> log.tmp 2>&1

--------
run: dmd   -version=A2 -odobj  -ofrun//command_line_version_03.d.exe run//command_line_version_03.d 1> log.tmp 2>&1
run//command_line_version_03.d.exe 1> log.tmp 2>&1

--------
run: dmd   -odobj  -ofrun//comment_01.d.exe run//comment_01.d 1> log.tmp 2>&1
run//comment_01.d.exe 1> log.tmp 2>&1

--------
run: dmd   -odobj  -ofrun//comment_02.d.exe run//comment_02.d 1> log.tmp 2>&1
run//comment_02.d.exe 1> log.tmp 2>&1

--------
run: dmd   -odobj  -ofrun//comment_03.d.exe run//comment_03.d 1> log.tmp 2>&1
run//comment_03.d.exe 1> log.tmp 2>&1

--------
run: dmd   -odobj  -ofrun//comment_04.d.exe run//comment_04.d 1> log.tmp 2>&1
run//comment_04.d.exe 1> log.tmp 2>&1

--------
run: dmd   -odobj  -ofrun//comment_05.d.exe run//comment_05.d 1> log.tmp 2>&1
run//comment_05.d.exe 1> log.tmp 2>&1

--------
run: dmd   -odobj  -ofrun//comment_06.d.exe run//comment_06.d 1> log.tmp 2>&1
run//comment_06.d.exe 1> log.tmp 2>&1

--------
run: dmd   -odobj  -ofrun//comment_09.d.exe run//comment_09.d 1> log.tmp 2>&1
run//comment_09.d.exe 1> log.tmp 2>&1

--------
run: dmd   -odobj  -ofrun//comment_10.d.exe run//comment_10.d 1> log.tmp 2>&1
run//comment_10.d.exe 1> log.tmp 2>&1

--------
run: dmd   -odobj  -ofrun//comment_11.d.exe run//comment_11.d 1> log.tmp 2>&1
run//comment_11.d.exe 1> log.tmp 2>&1

--------
run: dmd   -odobj  -ofrun//comment_12.d.exe run//comment_12.d 1> log.tmp 2>&1
run//comment_12.d.exe 1> log.tmp 2>&1

--------
run: dmd   -odobj  -ofrun//comment_13.d.exe run//comment_13.d 1> log.tmp 2>&1
run//comment_13.d.exe 1> log.tmp 2>&1

--------
run: dmd   -odobj  -ofrun//compare_01.d.exe run//compare_01.d 1> log.tmp 2>&1
run//compare_01.d.exe 1> log.tmp 2>&1

--------
run: dmd   -odobj  -ofrun//compare_02.d.exe run//compare_02.d 1> log.tmp 2>&1
run//compare_02.d.exe 1> log.tmp 2>&1

--------
run: dmd   -odobj  -ofrun//complex_01.d.exe run//complex_01.d 1> log.tmp 2>&1
run//complex_01.d.exe 1> log.tmp 2>&1

--------
run: dmd   -odobj  -ofrun//const_01.d.exe run//const_01.d 1> log.tmp 2>&1
run//const_01.d:18: non-constant expression b

--------
run: dmd   -odobj  -ofrun//const_05.d.exe run//const_05.d 1> log.tmp 2>&1
run//const_05.d:9: a + 1 is not an expression

--------
run: dmd   -odobj  -ofrun//const_06.d.exe run//const_06.d 1> log.tmp 2>&1
run//const_06.d.exe 1> log.tmp 2>&1

--------
run: dmd   -odobj  -ofrun//const_10.d.exe run//const_10.d 1> log.tmp 2>&1
run//const_10.d.exe 1> log.tmp 2>&1

--------
run: dmd   -odobj  -ofrun//constructor_01.d.exe run//constructor_01.d 1> log.tmp 2>&1
run//constructor_01.d.exe 1> log.tmp 2>&1

--------
run: dmd   -odobj  -ofrun//constructor_02.d.exe run//constructor_02.d 1> log.tmp 2>&1
run//constructor_02.d.exe 1> log.tmp 2>&1

--------
run: dmd   -odobj  -ofrun//constructor_03.d.exe run//constructor_03.d 1> log.tmp 2>&1
run//constructor_03.d.exe 1> log.tmp 2>&1

--------
run: dmd    addon/constructor_04_A.d  -odobj  -ofrun//constructor_04.d.exe run//constructor_04.d 1> log.tmp 2>&1
addon/constructor_04_A.d:20: invalid UTF-8 sequence
addon/constructor_04_A.d:20: invalid UTF-8 sequence
addon/constructor_04_A.d:20: invalid UTF-8 sequence
addon/constructor_04_A.d:20: invalid UTF-8 sequence
addon/constructor_04_A.d:20: invalid UTF-8 sequence
addon/constructor_04_A.d:20: invalid UTF-8 sequence
addon/constructor_04_A.d:20: invalid UTF-8 sequence
addon/constructor_04_A.d:20: invalid UTF-8 sequence
addon/constructor_04_A.d:20: invalid UTF-8 sequence
addon/constructor_04_A.d:20: invalid UTF-8 sequence
addon/constructor_04_A.d:20: invalid UTF-8 sequence
addon/constructor_04_A.d:20: invalid UTF-8 sequence
addon/constructor_04_A.d:20: invalid UTF-8 sequence
addon/constructor_04_A.d:20: invalid UTF-8 sequence
addon/constructor_04_A.d:20: invalid UTF-8 sequence
addon/constructor_04_A.d:20: invalid UTF-8 sequence
addon/constructor_04_A.d:20: invalid UTF-8 sequence
addon/constructor_04_A.d:20: invalid UTF-8 sequence

--------
run: dmd   addon/constructor_06_A.d  -odobj  -ofrun//constructor_06.d.exe run//constructor_06.d 1> log.tmp 2>&1
addon/constructor_06_A.d:23: invalid UTF-8 sequence
addon/constructor_06_A.d:24: invalid UTF-8 sequence
addon/constructor_06_A.d:24: invalid UTF-8 sequence
addon/constructor_06_A.d:24: invalid UTF-8 sequence
addon/constructor_06_A.d:24: invalid UTF-8 sequence
addon/constructor_06_A.d:24: invalid UTF-8 sequence
addon/constructor_06_A.d:23: invalid UTF-8 sequence
addon/constructor_06_A.d:24: invalid UTF-8 sequence
addon/constructor_06_A.d:24: invalid UTF-8 sequence
addon/constructor_06_A.d:24: invalid UTF-8 sequence
addon/constructor_06_A.d:24: invalid UTF-8 sequence
addon/constructor_06_A.d:24: invalid UTF-8 sequence

--------
run: dmd   -odobj  -ofrun//constructor_07.d.exe run//constructor_07.d 1> log.tmp 2>&1
run//constructor_07.d.exe 1> log.tmp 2>&1

--------
run: dmd   -odobj  -ofrun//constructor_08.d.exe run//constructor_08.d 1> log.tmp 2>&1
run//constructor_08.d:18: found '{' when expecting '('
run//constructor_08.d:18: basic type expected, not }
run//constructor_08.d:18: found '}' when expecting ')'
run//constructor_08.d:19: semicolon expected following function declaration

--------
run: dmd   -odobj  -ofrun//creal_01.d.exe run//creal_01.d 1> log.tmp 2>&1
run//creal_01.d.exe 1> log.tmp 2>&1

--------
run: dmd   -odobj  -ofrun//creal_02.d.exe run//creal_02.d 1> log.tmp 2>&1
run//creal_02.d.exe 1> log.tmp 2>&1

--------
run: dmd   -odobj  -ofrun//creal_03.d.exe run//creal_03.d 1> log.tmp 2>&1
run//creal_03.d.exe 1> log.tmp 2>&1

--------
run: dmd   -odobj  -ofrun//creal_04.d.exe run//creal_04.d 1> log.tmp 2>&1
run//creal_04.d.exe 1> log.tmp 2>&1

--------
run: dmd   -odobj  -ofrun//creal_05.d.exe run//creal_05.d 1> log.tmp 2>&1
run//creal_05.d.exe 1> log.tmp 2>&1

--------
run: dmd   -odobj  -ofrun//creal_06.d.exe run//creal_06.d 1> log.tmp 2>&1
run//creal_06.d.exe 1> log.tmp 2>&1

--------
run: dmd   -odobj  -ofrun//creal_07.d.exe run//creal_07.d 1> log.tmp 2>&1
run//creal_07.d.exe 1> log.tmp 2>&1

--------
run: dmd   -odobj  -ofrun//creal_08.d.exe run//creal_08.d 1> log.tmp 2>&1
run//creal_08.d.exe 1> log.tmp 2>&1

--------
run: dmd   -odobj  -ofrun//creal_09.d.exe run//creal_09.d 1> log.tmp 2>&1
run//creal_09.d.exe 1> log.tmp 2>&1

--------
run: dmd   -odobj  -ofrun//creal_10.d.exe run//creal_10.d 1> log.tmp 2>&1
run//creal_10.d.exe 1> log.tmp 2>&1

--------
run: dmd   -odobj  -ofrun//creal_11.d.exe run//creal_11.d 1> log.tmp 2>&1
run//creal_11.d.exe 1> log.tmp 2>&1

--------
run: dmd   -odobj  -ofrun//creal_12.d.exe run//creal_12.d 1> log.tmp 2>&1
run//creal_12.d.exe 1> log.tmp 2>&1

--------
run: dmd   -odobj  -ofrun//creal_13.d.exe run//creal_13.d 1> log.tmp 2>&1
run//creal_13.d.exe 1> log.tmp 2>&1
Error: AssertError Failure run//creal_13.d(4)

--------
run: dmd   -odobj  -ofrun//creal_14.d.exe run//creal_14.d 1> log.tmp 2>&1
run//creal_14.d.exe 1> log.tmp 2>&1

--------
run: dmd   -odobj  -ofrun//creal_15.d.exe run//creal_15.d 1> log.tmp 2>&1
run//creal_15.d.exe 1> log.tmp 2>&1
Error: AssertError Failure run//creal_15.d(4)

--------
run: dmd   -odobj  -ofrun//creal_16.d.exe run//creal_16.d 1> log.tmp 2>&1
run//creal_16.d.exe 1> log.tmp 2>&1

--------
run: dmd   -odobj  -ofrun//creal_17.d.exe run//creal_17.d 1> log.tmp 2>&1
run//creal_17.d.exe 1> log.tmp 2>&1

--------
run: dmd   -odobj  -ofrun//creal_18.d.exe run//creal_18.d 1> log.tmp 2>&1
run//creal_18.d.exe 1> log.tmp 2>&1

--------
run: dmd   -odobj  -ofrun//creal_19.d.exe run//creal_19.d 1> log.tmp 2>&1
run//creal_19.d.exe 1> log.tmp 2>&1

--------
run: dmd   -odobj  -ofrun//creal_20.d.exe run//creal_20.d 1> log.tmp 2>&1
run//creal_20.d.exe 1> log.tmp 2>&1

--------
run: dmd   -odobj  -ofrun//dchar_03.d.exe run//dchar_03.d 1> log.tmp 2>&1
run//dchar_03.d.exe 1> log.tmp 2>&1

--------
run: dmd   -odobj  -ofrun//dchar_05.d.exe run//dchar_05.d 1> log.tmp 2>&1
run//dchar_05.d.exe 1> log.tmp 2>&1

--------
run: dmd   -odobj  -ofrun//dchar_07.d.exe run//dchar_07.d 1> log.tmp 2>&1
run//dchar_07.d.exe 1> log.tmp 2>&1

--------
run: dmd   -odobj  -ofrun//dchar_08.d.exe run//dchar_08.d 1> log.tmp 2>&1
run//dchar_08.d.exe 1> log.tmp 2>&1

--------
run: dmd   -odobj  -ofrun//dchar_09.d.exe run//dchar_09.d 1> log.tmp 2>&1
run//dchar_09.d.exe 1> log.tmp 2>&1

--------
run: dmd   -debug -odobj  -ofrun//debug_01.d.exe run//debug_01.d 1> log.tmp 2>&1
run//debug_01.d.exe 1> log.tmp 2>&1

--------
run: dmd   -debug=2 -odobj  -ofrun//debug_02.d.exe run//debug_02.d 1> log.tmp 2>&1
run//debug_02.d.exe 1> log.tmp 2>&1

--------
run: dmd   -debug=a -odobj  -ofrun//debug_03.d.exe run//debug_03.d 1> log.tmp 2>&1
run//debug_03.d.exe 1> log.tmp 2>&1

--------
run: dmd   -odobj  -ofrun//default_argument_01.d.exe run//default_argument_01.d 1> log.tmp 2>&1
run//default_argument_01.d.exe 1> log.tmp 2>&1

--------
run: dmd   -odobj  -ofrun//default_argument_02.d.exe run//default_argument_02.d 1> log.tmp 2>&1
run//default_argument_02.d.exe 1> log.tmp 2>&1

--------
run: dmd   -odobj  -ofrun//default_argument_03.d.exe run//default_argument_03.d 1> log.tmp 2>&1
run//default_argument_03.d.exe 1> log.tmp 2>&1

--------
run: dmd   -odobj  -ofrun//default_argument_04.d.exe run//default_argument_04.d 1> log.tmp 2>&1
run//default_argument_04.d.exe 1> log.tmp 2>&1

--------
run: dmd   -odobj  -ofrun//default_argument_06.d.exe run//default_argument_06.d 1> log.tmp 2>&1
run//default_argument_06.d.exe 1> log.tmp 2>&1

--------
run: dmd   -odobj  -ofrun//default_argument_07.d.exe run//default_argument_07.d 1> log.tmp 2>&1
run//default_argument_07.d.exe 1> log.tmp 2>&1

--------
run: dmd   -odobj  -ofrun//delegate_01.d.exe run//delegate_01.d 1> log.tmp 2>&1
run//delegate_01.d.exe 1> log.tmp 2>&1

--------
run: dmd   -odobj  -ofrun//delegate_04.d.exe run//delegate_04.d 1> log.tmp 2>&1
run//delegate_04.d.exe 1> log.tmp 2>&1

--------
run: dmd   -odobj  -ofrun//delegate_06.d.exe run//delegate_06.d 1> log.tmp 2>&1
run//delegate_06.d.exe 1> log.tmp 2>&1

--------
run: dmd   -odobj  -ofrun//delegate_12.d.exe run//delegate_12.d 1> log.tmp 2>&1
run//delegate_12.d.exe 1> log.tmp 2>&1

--------
run: dmd   -odobj  -ofrun//deprecated_09.d.exe run//deprecated_09.d 1> log.tmp 2>&1
run//deprecated_09.d.exe 1> log.tmp 2>&1

--------
run: dmd   -odobj  -ofrun//deprecated_10.d.exe run//deprecated_10.d 1> log.tmp 2>&1
run//deprecated_10.d.exe 1> log.tmp 2>&1

--------
run: dmd   -odobj  -ofrun//deprecated_12.d.exe run//deprecated_12.d 1> log.tmp 2>&1
run//deprecated_12.d.exe 1> log.tmp 2>&1

--------
run: dmd   -d -odobj  -ofrun//deprecated_13.d.exe run//deprecated_13.d 1> log.tmp 2>&1
run//deprecated_13.d.exe 1> log.tmp 2>&1

--------
run: dmd   -odobj  -ofrun//destructor_01.d.exe run//destructor_01.d 1> log.tmp 2>&1
run//destructor_01.d.exe 1> log.tmp 2>&1

--------
run: dmd   -odobj  -ofrun//destructor_03.d.exe run//destructor_03.d 1> log.tmp 2>&1
run//destructor_03.d.exe 1> log.tmp 2>&1
Error: AssertError Failure run//destructor_03.d(31)

--------
run: dmd   -odobj  -ofrun//destructor_04.d.exe run//destructor_04.d 1> log.tmp 2>&1
run//destructor_04.d.exe 1> log.tmp 2>&1

--------
run: dmd   -odobj  -ofrun//do_while_01.d.exe run//do_while_01.d 1> log.tmp 2>&1
run//do_while_01.d.exe 1> log.tmp 2>&1

--------
run: dmd   -odobj  -ofrun//do_while_02.d.exe run//do_while_02.d 1> log.tmp 2>&1
run//do_while_02.d.exe 1> log.tmp 2>&1

--------
run: dmd   -odobj  -ofrun//do_while_03.d.exe run//do_while_03.d 1> log.tmp 2>&1
run//do_while_03.d.exe 1> log.tmp 2>&1

--------
run: dmd   -odobj  -ofrun//double_01.d.exe run//double_01.d 1> log.tmp 2>&1
run//double_01.d.exe 1> log.tmp 2>&1

--------
run: dmd   -odobj  -ofrun//double_02.d.exe run//double_02.d 1> log.tmp 2>&1
run//double_02.d.exe 1> log.tmp 2>&1

--------
run: dmd   -odobj  -ofrun//double_03.d.exe run//double_03.d 1> log.tmp 2>&1
run//double_03.d.exe 1> log.tmp 2>&1

--------
run: dmd   -odobj  -ofrun//double_04.d.exe run//double_04.d 1> log.tmp 2>&1
run//double_04.d.exe 1> log.tmp 2>&1

--------
run: dmd   -odobj  -ofrun//double_05.d.exe run//double_05.d 1> log.tmp 2>&1
run//double_05.d.exe 1> log.tmp 2>&1

--------
run: dmd   -odobj  -ofrun//double_06.d.exe run//double_06.d 1> log.tmp 2>&1
run//double_06.d.exe 1> log.tmp 2>&1

--------
run: dmd   -odobj  -ofrun//double_07.d.exe run//double_07.d 1> log.tmp 2>&1
run//double_07.d.exe 1> log.tmp 2>&1

--------
run: dmd   -odobj  -ofrun//double_08.d.exe run//double_08.d 1> log.tmp 2>&1
run//double_08.d.exe 1> log.tmp 2>&1

--------
run: dmd   -odobj  -ofrun//double_09.d.exe run//double_09.d 1> log.tmp 2>&1
run//double_09.d.exe 1> log.tmp 2>&1

--------
run: dmd   -odobj  -ofrun//double_10.d.exe run//double_10.d 1> log.tmp 2>&1
run//double_10.d.exe 1> log.tmp 2>&1

--------
run: dmd   -odobj  -ofrun//double_11.d.exe run//double_11.d 1> log.tmp 2>&1
run//double_11.d.exe 1> log.tmp 2>&1

--------
run: dmd   -odobj  -ofrun//double_12.d.exe run//double_12.d 1> log.tmp 2>&1
run//double_12.d.exe 1> log.tmp 2>&1

--------
run: dmd   -odobj  -ofrun//double_13.d.exe run//double_13.d 1> log.tmp 2>&1
run//double_13.d.exe 1> log.tmp 2>&1

--------
run: dmd   -odobj  -ofrun//double_quoted_string_01.d.exe run//double_quoted_string_01.d 1> log.tmp 2>&1
run//double_quoted_string_01.d.exe 1> log.tmp 2>&1

--------
run: dmd   -odobj  -ofrun//double_quoted_string_02.d.exe run//double_quoted_string_02.d 1> log.tmp 2>&1
run//double_quoted_string_02.d.exe 1> log.tmp 2>&1

--------
run: dmd   -odobj  -ofrun//double_quoted_string_03.d.exe run//double_quoted_string_03.d 1> log.tmp 2>&1
run//double_quoted_string_03.d.exe 1> log.tmp 2>&1

--------
run: dmd   -odobj  -ofrun//double_quoted_string_04.d.exe run//double_quoted_string_04.d 1> log.tmp 2>&1
run//double_quoted_string_04.d.exe 1> log.tmp 2>&1

--------
run: dmd   -odobj  -ofrun//double_quoted_string_05.d.exe run//double_quoted_string_05.d 1> log.tmp 2>&1
run//double_quoted_string_05.d.exe 1> log.tmp 2>&1

--------
run: dmd   -odobj  -ofrun//double_quoted_string_06.d.exe run//double_quoted_string_06.d 1> log.tmp 2>&1
run//double_quoted_string_06.d.exe 1> log.tmp 2>&1

--------
run: dmd   -odobj  -ofrun//double_quoted_string_07.d.exe run//double_quoted_string_07.d 1> log.tmp 2>&1
run//double_quoted_string_07.d.exe 1> log.tmp 2>&1

--------
run: dmd   -odobj  -ofrun//double_quoted_string_08.d.exe run//double_quoted_string_08.d 1> log.tmp 2>&1
run//double_quoted_string_08.d.exe 1> log.tmp 2>&1

--------
run: dmd   -odobj  -ofrun//double_quoted_string_09.d.exe run//double_quoted_string_09.d 1> log.tmp 2>&1
run//double_quoted_string_09.d.exe 1> log.tmp 2>&1

--------
run: dmd   -odobj  -ofrun//double_quoted_string_10.d.exe run//double_quoted_string_10.d 1> log.tmp 2>&1
run//double_quoted_string_10.d.exe 1> log.tmp 2>&1

--------
run: dmd   -odobj  -ofrun//double_quoted_string_11.d.exe run//double_quoted_string_11.d 1> log.tmp 2>&1
run//double_quoted_string_11.d.exe 1> log.tmp 2>&1

--------
run: dmd   -odobj  -ofrun//double_quoted_string_17.d.exe run//double_quoted_string_17.d 1> log.tmp 2>&1
run//double_quoted_string_17.d.exe 1> log.tmp 2>&1

--------
run: dmd   -odobj  -ofrun//double_quoted_string_18.d.exe run//double_quoted_string_18.d 1> log.tmp 2>&1
run//double_quoted_string_18.d.exe 1> log.tmp 2>&1

--------
run: dmd   -odobj  -ofrun//dup_01.d.exe run//dup_01.d 1> log.tmp 2>&1
run//dup_01.d.exe 1> log.tmp 2>&1

--------
run: dmd   -odobj  -ofrun//dup_02.d.exe run//dup_02.d 1> log.tmp 2>&1
run//dup_02.d.exe 1> log.tmp 2>&1

--------
run: dmd   -odobj  -ofrun//dup_03.d.exe run//dup_03.d 1> log.tmp 2>&1
run//dup_03.d.exe 1> log.tmp 2>&1

--------
run: dmd   -odobj  -ofrun//dup_04.d.exe run//dup_04.d 1> log.tmp 2>&1
run//dup_04.d.exe 1> log.tmp 2>&1

--------
run: dmd   -odobj  -ofrun//encoding_utf_16be.d.exe run//encoding_utf_16be.d 1> log.tmp 2>&1
run//encoding_utf_16be.d.exe 1> log.tmp 2>&1

--------
run: dmd   -odobj  -ofrun//encoding_utf_16be_bom.d.exe run//encoding_utf_16be_bom.d 1> log.tmp 2>&1
run//encoding_utf_16be_bom.d.exe 1> log.tmp 2>&1

--------
run: dmd   -odobj  -ofrun//encoding_utf_16le.d.exe run//encoding_utf_16le.d 1> log.tmp 2>&1
run//encoding_utf_16le.d.exe 1> log.tmp 2>&1

--------
run: dmd   -odobj  -ofrun//encoding_utf_16le_bom.d.exe run//encoding_utf_16le_bom.d 1> log.tmp 2>&1
run//encoding_utf_16le_bom.d.exe 1> log.tmp 2>&1

--------
run: dmd   -odobj  -ofrun//encoding_utf_32be.d.exe run//encoding_utf_32be.d 1> log.tmp 2>&1
run//encoding_utf_32be.d.exe 1> log.tmp 2>&1

--------
run: dmd   -odobj  -ofrun//encoding_utf_32be_bom.d.exe run//encoding_utf_32be_bom.d 1> log.tmp 2>&1
run//encoding_utf_32be_bom.d.exe 1> log.tmp 2>&1

--------
run: dmd   -odobj  -ofrun//encoding_utf_32le.d.exe run//encoding_utf_32le.d 1> log.tmp 2>&1
run//encoding_utf_32le.d.exe 1> log.tmp 2>&1

--------
run: dmd   -odobj  -ofrun//encoding_utf_32le_bom.d.exe run//encoding_utf_32le_bom.d 1> log.tmp 2>&1
run//encoding_utf_32le_bom.d.exe 1> log.tmp 2>&1

--------
run: dmd   -odobj  -ofrun//encoding_utf_8.d.exe run//encoding_utf_8.d 1> log.tmp 2>&1
run//encoding_utf_8.d.exe 1> log.tmp 2>&1

--------
run: dmd   -odobj  -ofrun//encoding_utf_8_bom.d.exe run//encoding_utf_8_bom.d 1> log.tmp 2>&1
run//encoding_utf_8_bom.d.exe 1> log.tmp 2>&1

--------
run: dmd   -odobj  -ofrun//enum_01.d.exe run//enum_01.d 1> log.tmp 2>&1
run//enum_01.d.exe 1> log.tmp 2>&1

--------
run: dmd   -odobj  -ofrun//enum_02.d.exe run//enum_02.d 1> log.tmp 2>&1
run//enum_02.d.exe 1> log.tmp 2>&1

--------
run: dmd   -odobj  -ofrun//enum_03.d.exe run//enum_03.d 1> log.tmp 2>&1
run//enum_03.d.exe 1> log.tmp 2>&1

--------
run: dmd   -odobj  -ofrun//enum_04.d.exe run//enum_04.d 1> log.tmp 2>&1
run//enum_04.d.exe 1> log.tmp 2>&1

--------
run: dmd   -odobj  -ofrun//enum_07.d.exe run//enum_07.d 1> log.tmp 2>&1
run//enum_07.d.exe 1> log.tmp 2>&1

--------
run: dmd   -odobj  -ofrun//enum_08.d.exe run//enum_08.d 1> log.tmp 2>&1
run//enum_08.d.exe 1> log.tmp 2>&1

--------
run: dmd   -odobj  -ofrun//enum_09.d.exe run//enum_09.d 1> log.tmp 2>&1
run//enum_09.d.exe 1> log.tmp 2>&1

--------
run: dmd   -odobj  -ofrun//enum_10.d.exe run//enum_10.d 1> log.tmp 2>&1
enum Enum is forward referenced
enum Enum is forward referenced
run//enum_10.d:12: enum Enum is forward referenced
d/dmd/mtype.c:3093: failed assertion `sym->memtype'
run//enum_10.d:0: internal compiler error: Abort trap
Please submit a full bug report,
with preprocessed source if appropriate.
See <URL:http://gcc.gnu.org/bugs.html> for instructions.

--------
run: dmd   -odobj  -ofrun//enum_11.d.exe run//enum_11.d 1> log.tmp 2>&1
run//enum_11.d.exe 1> log.tmp 2>&1

--------
run: dmd   -odobj  -ofrun//eol_01.d.exe run//eol_01.d 1> log.tmp 2>&1
run//eol_01.d.exe 1> log.tmp 2>&1

--------
run: dmd   -odobj  -ofrun//eol_02.d.exe run//eol_02.d 1> log.tmp 2>&1
run//eol_02.d.exe 1> log.tmp 2>&1

--------
run: dmd   -odobj  -ofrun//eol_03.d.exe run//eol_03.d 1> log.tmp 2>&1
run//eol_03.d.exe 1> log.tmp 2>&1

--------
run: dmd   -odobj  -ofrun//escape_hex_01.d.exe run//escape_hex_01.d 1> log.tmp 2>&1
run//escape_hex_01.d.exe 1> log.tmp 2>&1

--------
run: dmd   -odobj  -ofrun//escape_hex_string_01.d.exe run//escape_hex_string_01.d 1> log.tmp 2>&1
run//escape_hex_string_01.d.exe 1> log.tmp 2>&1

--------
run: dmd   -odobj  -ofrun//escape_hex_string_02.d.exe run//escape_hex_string_02.d 1> log.tmp 2>&1
run//escape_hex_string_02.d.exe 1> log.tmp 2>&1

--------
run: dmd   -odobj  -ofrun//escape_octal_01.d.exe run//escape_octal_01.d 1> log.tmp 2>&1
run//escape_octal_01.d.exe 1> log.tmp 2>&1

--------
run: dmd   -odobj  -ofrun//escape_unicode16_01.d.exe run//escape_unicode16_01.d 1> log.tmp 2>&1
run//escape_unicode16_01.d.exe 1> log.tmp 2>&1

--------
run: dmd   -odobj  -ofrun//escape_unicode16_02.d.exe run//escape_unicode16_02.d 1> log.tmp 2>&1
run//escape_unicode16_02.d.exe 1> log.tmp 2>&1

--------
run: dmd   -odobj  -ofrun//escape_unicode16_07.d.exe run//escape_unicode16_07.d 1> log.tmp 2>&1
run//escape_unicode16_07.d.exe 1> log.tmp 2>&1

--------
run: dmd   -odobj  -ofrun//escape_unicode32_01.d.exe run//escape_unicode32_01.d 1> log.tmp 2>&1
run//escape_unicode32_01.d.exe 1> log.tmp 2>&1

--------
run: dmd   -odobj  -ofrun//escape_unicode32_02.d.exe run//escape_unicode32_02.d 1> log.tmp 2>&1
run//escape_unicode32_02.d.exe 1> log.tmp 2>&1

--------
run: dmd   -odobj  -ofrun//escape_unicode32_03.d.exe run//escape_unicode32_03.d 1> log.tmp 2>&1
run//escape_unicode32_03.d.exe 1> log.tmp 2>&1

--------
run: dmd   -odobj  -ofrun//final_02.d.exe run//final_02.d 1> log.tmp 2>&1
run//final_02.d.exe 1> log.tmp 2>&1

--------
run: dmd   -odobj  -ofrun//final_03.d.exe run//final_03.d 1> log.tmp 2>&1
run//final_03.d.exe 1> log.tmp 2>&1

--------
run: dmd   -odobj  -ofrun//final_05.d.exe run//final_05.d 1> log.tmp 2>&1
run//final_05.d.exe 1> log.tmp 2>&1

--------
run: dmd   -odobj  -ofrun//final_06.d.exe run//final_06.d 1> log.tmp 2>&1
run//final_06.d.exe 1> log.tmp 2>&1

--------
run: dmd   -odobj  -ofrun//finally_01.d.exe run//finally_01.d 1> log.tmp 2>&1
run//finally_01.d.exe 1> log.tmp 2>&1

--------
run: dmd   -odobj  -ofrun//float_01.d.exe run//float_01.d 1> log.tmp 2>&1
run//float_01.d.exe 1> log.tmp 2>&1

--------
run: dmd   -odobj  -ofrun//float_02.d.exe run//float_02.d 1> log.tmp 2>&1
run//float_02.d.exe 1> log.tmp 2>&1

--------
run: dmd   -odobj  -ofrun//float_03.d.exe run//float_03.d 1> log.tmp 2>&1
run//float_03.d.exe 1> log.tmp 2>&1

--------
run: dmd   -odobj  -ofrun//float_04.d.exe run//float_04.d 1> log.tmp 2>&1
run//float_04.d.exe 1> log.tmp 2>&1

--------
run: dmd   -odobj  -ofrun//float_05.d.exe run//float_05.d 1> log.tmp 2>&1
run//float_05.d.exe 1> log.tmp 2>&1

--------
run: dmd   -odobj  -ofrun//float_06.d.exe run//float_06.d 1> log.tmp 2>&1
run//float_06.d.exe 1> log.tmp 2>&1

--------
run: dmd   -odobj  -ofrun//float_07.d.exe run//float_07.d 1> log.tmp 2>&1
run//float_07.d.exe 1> log.tmp 2>&1

--------
run: dmd   -odobj  -ofrun//float_08.d.exe run//float_08.d 1> log.tmp 2>&1
run//float_08.d.exe 1> log.tmp 2>&1

--------
run: dmd   -odobj  -ofrun//float_09.d.exe run//float_09.d 1> log.tmp 2>&1
run//float_09.d.exe 1> log.tmp 2>&1

--------
run: dmd   -odobj  -ofrun//float_10.d.exe run//float_10.d 1> log.tmp 2>&1
run//float_10.d.exe 1> log.tmp 2>&1

--------
run: dmd   -odobj  -ofrun//float_11.d.exe run//float_11.d 1> log.tmp 2>&1
run//float_11.d.exe 1> log.tmp 2>&1

--------
run: dmd   -odobj  -ofrun//float_12.d.exe run//float_12.d 1> log.tmp 2>&1
run//float_12.d.exe 1> log.tmp 2>&1

--------
run: dmd   -odobj  -ofrun//float_13.d.exe run//float_13.d 1> log.tmp 2>&1
run//float_13.d.exe 1> log.tmp 2>&1

--------
run: dmd   -odobj  -ofrun//float_litaeral_dec_01.d.exe run//float_litaeral_dec_01.d 1> log.tmp 2>&1
run//float_litaeral_dec_01.d.exe 1> log.tmp 2>&1

--------
run: dmd   -odobj  -ofrun//float_litaeral_dec_03.d.exe run//float_litaeral_dec_03.d 1> log.tmp 2>&1
run//float_litaeral_dec_03.d.exe 1> log.tmp 2>&1

--------
run: dmd   -odobj  -ofrun//float_litaeral_dec_05.d.exe run//float_litaeral_dec_05.d 1> log.tmp 2>&1
run//float_litaeral_dec_05.d.exe 1> log.tmp 2>&1

--------
run: dmd   -odobj  -ofrun//float_litaeral_dec_10.d.exe run//float_litaeral_dec_10.d 1> log.tmp 2>&1
run//float_litaeral_dec_10.d.exe 1> log.tmp 2>&1

--------
run: dmd   -odobj  -ofrun//float_litaeral_dec_11.d.exe run//float_litaeral_dec_11.d 1> log.tmp 2>&1
run//float_litaeral_dec_11.d.exe 1> log.tmp 2>&1

--------
run: dmd   -odobj  -ofrun//for_01.d.exe run//for_01.d 1> log.tmp 2>&1
run//for_01.d.exe 1> log.tmp 2>&1

--------
run: dmd   -odobj  -ofrun//for_02.d.exe run//for_02.d 1> log.tmp 2>&1
run//for_02.d.exe 1> log.tmp 2>&1

--------
run: dmd   -odobj  -ofrun//foreach_01.d.exe run//foreach_01.d 1> log.tmp 2>&1
run//foreach_01.d.exe 1> log.tmp 2>&1

--------
run: dmd   -odobj  -ofrun//foreach_02.d.exe run//foreach_02.d 1> log.tmp 2>&1
run//foreach_02.d.exe 1> log.tmp 2>&1

--------
run: dmd   -odobj  -ofrun//foreach_03.d.exe run//foreach_03.d 1> log.tmp 2>&1
run//foreach_03.d.exe 1> log.tmp 2>&1

--------
run: dmd   -odobj  -ofrun//foreach_04.d.exe run//foreach_04.d 1> log.tmp 2>&1
run//foreach_04.d.exe 1> log.tmp 2>&1

--------
run: dmd   -odobj  -ofrun//foreach_05.d.exe run//foreach_05.d 1> log.tmp 2>&1
run//foreach_05.d.exe 1> log.tmp 2>&1

--------
run: dmd   -odobj  -ofrun//foreach_06.d.exe run//foreach_06.d 1> log.tmp 2>&1
run//foreach_06.d.exe 1> log.tmp 2>&1

--------
run: dmd   -odobj  -ofrun//foreach_07.d.exe run//foreach_07.d 1> log.tmp 2>&1
run//foreach_07.d.exe 1> log.tmp 2>&1

--------
run: dmd   -odobj  -ofrun//foreach_08.d.exe run//foreach_08.d 1> log.tmp 2>&1
run//foreach_08.d.exe 1> log.tmp 2>&1

--------
run: dmd   -odobj  -ofrun//foreach_09.d.exe run//foreach_09.d 1> log.tmp 2>&1
run//foreach_09.d.exe 1> log.tmp 2>&1

--------
run: dmd   -odobj  -ofrun//foreach_10.d.exe run//foreach_10.d 1> log.tmp 2>&1
run//foreach_10.d.exe 1> log.tmp 2>&1

--------
run: dmd   -odobj  -ofrun//foreach_11.d.exe run//foreach_11.d 1> log.tmp 2>&1
run//foreach_11.d.exe 1> log.tmp 2>&1

--------
run: dmd   -odobj  -ofrun//foreach_12.d.exe run//foreach_12.d 1> log.tmp 2>&1
run//foreach_12.d.exe 1> log.tmp 2>&1

--------
run: dmd   -odobj  -ofrun//foreach_13.d.exe run//foreach_13.d 1> log.tmp 2>&1
run//foreach_13.d.exe 1> log.tmp 2>&1

--------
run: dmd   -odobj  -ofrun//foreach_15.d.exe run//foreach_15.d 1> log.tmp 2>&1
run//foreach_15.d.exe 1> log.tmp 2>&1

--------
run: dmd   -odobj  -ofrun//foreach_16.d.exe run//foreach_16.d 1> log.tmp 2>&1
run//foreach_16.d.exe 1> log.tmp 2>&1
Error: AssertError Failure run//foreach_16.d(12)

--------
run: dmd   -odobj  -ofrun//foreach_23.d.exe run//foreach_23.d 1> log.tmp 2>&1
run//foreach_23.d.exe 1> log.tmp 2>&1

--------
run: dmd   -odobj  -ofrun//foreach_24.d.exe run//foreach_24.d 1> log.tmp 2>&1
run//foreach_24.d.exe 1> log.tmp 2>&1

--------
run: dmd   -odobj  -ofrun//forward_reference_07.d.exe run//forward_reference_07.d 1> log.tmp 2>&1
enum MyEnum is forward referenced
enum MyEnum is forward referenced
run//forward_reference_07.d:12: enum MyEnum is forward referenced
d/dmd/mtype.c:3093: failed assertion `sym->memtype'
run//forward_reference_07.d:0: internal compiler error: Abort trap
Please submit a full bug report,
with preprocessed source if appropriate.
See <URL:http://gcc.gnu.org/bugs.html> for instructions.

--------
run: dmd   -odobj  -ofrun//forward_reference_08.d.exe run//forward_reference_08.d 1> log.tmp 2>&1
enum MyEnum is forward referenced
enum MyEnum is forward referenced
run//forward_reference_08.d:12: enum MyEnum is forward referenced
d/dmd/mtype.c:3093: failed assertion `sym->memtype'
run//forward_reference_08.d:0: internal compiler error: Abort trap
Please submit a full bug report,
with preprocessed source if appropriate.
See <URL:http://gcc.gnu.org/bugs.html> for instructions.

--------
run: dmd   -odobj  -ofrun//forward_reference_09.d.exe run//forward_reference_09.d 1> log.tmp 2>&1
enum MyEnum is forward referenced
enum MyEnum is forward referenced
run//forward_reference_09.d:12: enum MyEnum is forward referenced
d/dmd/mtype.c:3093: failed assertion `sym->memtype'
run//forward_reference_09.d:0: internal compiler error: Abort trap
Please submit a full bug report,
with preprocessed source if appropriate.
See <URL:http://gcc.gnu.org/bugs.html> for instructions.

--------
run: dmd   -odobj  -ofrun//forward_reference_10.d.exe run//forward_reference_10.d 1> log.tmp 2>&1
enum MyEnum is forward referenced

--------
run: dmd   -odobj  -ofrun//forward_reference_11.d.exe run//forward_reference_11.d 1> log.tmp 2>&1
run//forward_reference_11.d.exe 1> log.tmp 2>&1

--------
run: dmd   -odobj  -ofrun//function_01.d.exe run//function_01.d 1> log.tmp 2>&1
run//function_01.d.exe 1> log.tmp 2>&1

--------
run: dmd   -odobj  -ofrun//goto_01.d.exe run//goto_01.d 1> log.tmp 2>&1
run//goto_01.d.exe 1> log.tmp 2>&1

--------
run: dmd   -odobj  -ofrun//goto_02.d.exe run//goto_02.d 1> log.tmp 2>&1
run//goto_02.d.exe 1> log.tmp 2>&1

--------
run: dmd   -odobj  -ofrun//goto_03.d.exe run//goto_03.d 1> log.tmp 2>&1
run//goto_03.d.exe 1> log.tmp 2>&1

--------
run: dmd   -odobj  -ofrun//goto_05.d.exe run//goto_05.d 1> log.tmp 2>&1
run//goto_05.d:15: case 2 not found

--------
run: dmd   -odobj  -ofrun//goto_07.d.exe run//goto_07.d 1> log.tmp 2>&1
run//goto_07.d: In function `main':
run//goto_07.d:16: error: undefined label label

--------
run: dmd   -odobj  -ofrun//goto_08.d.exe run//goto_08.d 1> log.tmp 2>&1
run//goto_08.d.exe 1> log.tmp 2>&1

--------
run: dmd   -odobj  -ofrun//goto_09.d.exe run//goto_09.d 1> log.tmp 2>&1
run//goto_09.d:7: function dstress.run.goto_09.main function expected to return a value of type int

--------
run: dmd   -odobj  -ofrun//goto_10.d.exe run//goto_10.d 1> log.tmp 2>&1
run//goto_10.d.exe 1> log.tmp 2>&1

--------
run: dmd   -odobj  -ofrun//goto_11.d.exe run//goto_11.d 1> log.tmp 2>&1
run//goto_11.d.exe 1> log.tmp 2>&1

--------
run: dmd   -odobj  -ofrun//html_comment_01.html.exe run//html_comment_01.html 1> log.tmp 2>&1
run//html_comment_01.html.exe 1> log.tmp 2>&1

--------
run: dmd   -odobj  -ofrun//html_comment_02.html.exe run//html_comment_02.html 1> log.tmp 2>&1
run//html_comment_02.html:7: expression expected, not '>'
run//html_comment_02.html:8: found 'return' when expecting ';' following 'statement'

--------
run: dmd   -odobj  -ofrun//html_comment_03.html.exe run//html_comment_03.html 1> log.tmp 2>&1
run//html_comment_03.html.exe 1> log.tmp 2>&1

--------
run: dmd   -odobj  -ofrun//html_comment_04.html.exe run//html_comment_04.html 1> log.tmp 2>&1
run//html_comment_04.html:7: expression expected, not '>'
run//html_comment_04.html:8: found 'return' when expecting ';' following 'statement'

--------
run: dmd   -odobj  -ofrun//html_encoding_utf_16be.html.exe run//html_encoding_utf_16be.html 1> log.tmp 2>&1
run//html_encoding_utf_16be.html.exe 1> log.tmp 2>&1

--------
run: dmd   -odobj  -ofrun//html_encoding_utf_16be_bom.html.exe run//html_encoding_utf_16be_bom.html 1> log.tmp 2>&1
run//html_encoding_utf_16be_bom.html.exe 1> log.tmp 2>&1

--------
run: dmd   -odobj  -ofrun//html_encoding_utf_16le.html.exe run//html_encoding_utf_16le.html 1> log.tmp 2>&1
run//html_encoding_utf_16le.html.exe 1> log.tmp 2>&1

--------
run: dmd   -odobj  -ofrun//html_encoding_utf_16le_bom.html.exe run//html_encoding_utf_16le_bom.html 1> log.tmp 2>&1
run//html_encoding_utf_16le_bom.html.exe 1> log.tmp 2>&1

--------
run: dmd   -odobj  -ofrun//html_encoding_utf_32be.html.exe run//html_encoding_utf_32be.html 1> log.tmp 2>&1
run//html_encoding_utf_32be.html.exe 1> log.tmp 2>&1

--------
run: dmd   -odobj  -ofrun//html_encoding_utf_32be_bom.html.exe run//html_encoding_utf_32be_bom.html 1> log.tmp 2>&1
run//html_encoding_utf_32be_bom.html.exe 1> log.tmp 2>&1

--------
run: dmd   -odobj  -ofrun//html_encoding_utf_32le.html.exe run//html_encoding_utf_32le.html 1> log.tmp 2>&1
run//html_encoding_utf_32le.html.exe 1> log.tmp 2>&1

--------
run: dmd   -odobj  -ofrun//html_encoding_utf_32le_bom.html.exe run//html_encoding_utf_32le_bom.html 1> log.tmp 2>&1
run//html_encoding_utf_32le_bom.html.exe 1> log.tmp 2>&1

--------
run: dmd   -odobj  -ofrun//html_encoding_utf_8.html.exe run//html_encoding_utf_8.html 1> log.tmp 2>&1
run//html_encoding_utf_8.html.exe 1> log.tmp 2>&1

--------
run: dmd   -odobj  -ofrun//html_encoding_utf_8_bom.html.exe run//html_encoding_utf_8_bom.html 1> log.tmp 2>&1
run//html_encoding_utf_8_bom.html.exe 1> log.tmp 2>&1

--------
run: dmd   -odobj  -ofrun//html_entity_01.html.exe run//html_entity_01.html 1> log.tmp 2>&1
run//html_entity_01.html.exe 1> log.tmp 2>&1

--------
run: dmd   -odobj  -ofrun//html_entity_02.html.exe run//html_entity_02.html 1> log.tmp 2>&1
run//html_entity_02.html.exe 1> log.tmp 2>&1

--------
run: dmd   -odobj  -ofrun//html_entity_03.html.exe run//html_entity_03.html 1> log.tmp 2>&1
run//html_entity_03.html.exe 1> log.tmp 2>&1

--------
run: dmd   -odobj  -ofrun//html_entity_04.html.exe run//html_entity_04.html 1> log.tmp 2>&1
run//html_entity_04.html.exe 1> log.tmp 2>&1

--------
run: dmd   -odobj  -ofrun//html_entity_05.html.exe run//html_entity_05.html 1> log.tmp 2>&1
run//html_entity_05.html.exe 1> log.tmp 2>&1

--------
run: dmd   -odobj  -ofrun//html_entity_06.html.exe run//html_entity_06.html 1> log.tmp 2>&1
run//html_entity_06.html.exe 1> log.tmp 2>&1

--------
run: dmd   -odobj  -ofrun//html_entity_07.html.exe run//html_entity_07.html 1> log.tmp 2>&1
run//html_entity_07.html.exe 1> log.tmp 2>&1

--------
run: dmd   -odobj  -ofrun//html_entity_08.html.exe run//html_entity_08.html 1> log.tmp 2>&1
run//html_entity_08.html.exe 1> log.tmp 2>&1

--------
run: dmd   -odobj  -ofrun//html_entity_09.html.exe run//html_entity_09.html 1> log.tmp 2>&1
run//html_entity_09.html.exe 1> log.tmp 2>&1

--------
run: dmd   -odobj  -ofrun//html_entity_amsa.html.exe run//html_entity_amsa.html 1> log.tmp 2>&1
run//html_entity_amsa.html.exe 1> log.tmp 2>&1

--------
run: dmd   -odobj  -ofrun//html_entity_amsb.html.exe run//html_entity_amsb.html 1> log.tmp 2>&1
run//html_entity_amsb.html.exe 1> log.tmp 2>&1

--------
run: dmd   -odobj  -ofrun//html_entity_amsc.html.exe run//html_entity_amsc.html 1> log.tmp 2>&1
run//html_entity_amsc.html.exe 1> log.tmp 2>&1

--------
run: dmd   -odobj  -ofrun//html_entity_amsn.html.exe run//html_entity_amsn.html 1> log.tmp 2>&1
run//html_entity_amsn.html.exe 1> log.tmp 2>&1

--------
run: dmd   -odobj  -ofrun//html_entity_amso.html.exe run//html_entity_amso.html 1> log.tmp 2>&1
run//html_entity_amso.html.exe 1> log.tmp 2>&1

--------
run: dmd   -odobj  -ofrun//html_entity_amsr.html.exe run//html_entity_amsr.html 1> log.tmp 2>&1
run//html_entity_amsr.html.exe 1> log.tmp 2>&1

--------
run: dmd   -odobj  -ofrun//html_entity_box.html.exe run//html_entity_box.html 1> log.tmp 2>&1
run//html_entity_box.html.exe 1> log.tmp 2>&1

--------
run: dmd   -odobj  -ofrun//html_entity_cyr1.html.exe run//html_entity_cyr1.html 1> log.tmp 2>&1
run//html_entity_cyr1.html.exe 1> log.tmp 2>&1

--------
run: dmd   -odobj  -ofrun//html_entity_cyr2.html.exe run//html_entity_cyr2.html 1> log.tmp 2>&1
run//html_entity_cyr2.html.exe 1> log.tmp 2>&1

--------
run: dmd   -odobj  -ofrun//html_entity_dia.html.exe run//html_entity_dia.html 1> log.tmp 2>&1
run//html_entity_dia.html.exe 1> log.tmp 2>&1

--------
run: dmd   -odobj  -ofrun//html_entity_grk1.html.exe run//html_entity_grk1.html 1> log.tmp 2>&1
run//html_entity_grk1.html.exe 1> log.tmp 2>&1

--------
run: dmd   -odobj  -ofrun//html_entity_grk2.html.exe run//html_entity_grk2.html 1> log.tmp 2>&1
run//html_entity_grk2.html.exe 1> log.tmp 2>&1

--------
run: dmd   -odobj  -ofrun//html_entity_grk3.html.exe run//html_entity_grk3.html 1> log.tmp 2>&1
run//html_entity_grk3.html.exe 1> log.tmp 2>&1

--------
run: dmd   -odobj  -ofrun//html_entity_lat1.html.exe run//html_entity_lat1.html 1> log.tmp 2>&1
run//html_entity_lat1.html.exe 1> log.tmp 2>&1

--------
run: dmd   -odobj  -ofrun//html_entity_lat2.html.exe run//html_entity_lat2.html 1> log.tmp 2>&1
run//html_entity_lat2.html.exe 1> log.tmp 2>&1

--------
run: dmd   -odobj  -ofrun//html_entity_num.html.exe run//html_entity_num.html 1> log.tmp 2>&1
run//html_entity_num.html.exe 1> log.tmp 2>&1

--------
run: dmd   -odobj  -ofrun//html_entity_pub.html.exe run//html_entity_pub.html 1> log.tmp 2>&1
run//html_entity_pub.html.exe 1> log.tmp 2>&1

--------
run: dmd   -odobj  -ofrun//html_entity_tech.html.exe run//html_entity_tech.html 1> log.tmp 2>&1
run//html_entity_tech.html.exe 1> log.tmp 2>&1

--------
run: dmd   -odobj  -ofrun//html_htm_01.htm.exe run//html_htm_01.htm 1> log.tmp 2>&1
run//html_htm_01.htm.exe 1> log.tmp 2>&1

--------
run: dmd   -odobj  -ofrun//html_htm_02.HTM.exe run//html_htm_02.HTM 1> log.tmp 2>&1
run//html_htm_02.HTM:0: internal compiler error: Bus error
Please submit a full bug report,
with preprocessed source if appropriate.
See <URL:http://gcc.gnu.org/bugs.html> for instructions.

--------
run: dmd   -odobj  -ofrun//html_html_01.html.exe run//html_html_01.html 1> log.tmp 2>&1
run//html_html_01.html.exe 1> log.tmp 2>&1

--------
run: dmd   -odobj  -ofrun//html_html_02.HTML.exe run//html_html_02.HTML 1> log.tmp 2>&1
run//html_html_02.HTML:0: internal compiler error: Bus error
Please submit a full bug report,
with preprocessed source if appropriate.
See <URL:http://gcc.gnu.org/bugs.html> for instructions.

--------
run: dmd   -odobj  -ofrun//html_line_ending_dos.html.exe run//html_line_ending_dos.html 1> log.tmp 2>&1
run//html_line_ending_dos.html.exe 1> log.tmp 2>&1

--------
run: dmd   -odobj  -ofrun//html_line_ending_linux.html.exe run//html_line_ending_linux.html 1> log.tmp 2>&1
run//html_line_ending_linux.html.exe 1> log.tmp 2>&1

--------
run: dmd   -odobj  -ofrun//html_line_ending_mac.html.exe run//html_line_ending_mac.html 1> log.tmp 2>&1
run//html_line_ending_mac.html.exe 1> log.tmp 2>&1

--------
run: dmd   -odobj  -ofrun//html_line_ending_unicode.html.exe run//html_line_ending_unicode.html 1> log.tmp 2>&1
run//html_line_ending_unicode.html.exe 1> log.tmp 2>&1

--------
run: dmd   -odobj  -ofrun//html_tag_case_01.html.exe run//html_tag_case_01.html 1> log.tmp 2>&1
run//html_tag_case_01.html.exe 1> log.tmp 2>&1

--------
run: dmd   -odobj  -ofrun//html_tag_case_02.html.exe run//html_tag_case_02.html 1> log.tmp 2>&1
run//html_tag_case_02.html.exe 1> log.tmp 2>&1

--------
run: dmd   -odobj  -ofrun//html_tag_case_03.html.exe run//html_tag_case_03.html 1> log.tmp 2>&1
run//html_tag_case_03.html.exe 1> log.tmp 2>&1

--------
run: dmd   -odobj  -ofrun//html_tag_space_01.html.exe run//html_tag_space_01.html 1> log.tmp 2>&1
/usr/bin/ld: Undefined symbols:
__Dmain
collect2: ld returned 1 exit status

--------
run: dmd   -odobj  -ofrun//html_tag_space_02.html.exe run//html_tag_space_02.html 1> log.tmp 2>&1
/usr/bin/ld: Undefined symbols:
__Dmain
collect2: ld returned 1 exit status

--------
run: dmd   -odobj  -ofrun//if_01.d.exe run//if_01.d 1> log.tmp 2>&1
run//if_01.d.exe 1> log.tmp 2>&1

--------
run: dmd   -odobj  -ofrun//if_02.d.exe run//if_02.d 1> log.tmp 2>&1
run//if_02.d.exe 1> log.tmp 2>&1

--------
run: dmd   -odobj  -ofrun//if_03.d.exe run//if_03.d 1> log.tmp 2>&1
run//if_03.d.exe 1> log.tmp 2>&1

--------
run: dmd   -odobj  -ofrun//if_04.d.exe run//if_04.d 1> log.tmp 2>&1
run//if_04.d.exe 1> log.tmp 2>&1

--------
run: dmd   -odobj  -ofrun//if_05.d.exe run//if_05.d 1> log.tmp 2>&1
run//if_05.d.exe 1> log.tmp 2>&1

--------
run: dmd   -odobj  -ofrun//if_06.d.exe run//if_06.d 1> log.tmp 2>&1
run//if_06.d.exe 1> log.tmp 2>&1

--------
run: dmd   -odobj  -ofrun//in_01.d.exe run//in_01.d 1> log.tmp 2>&1
run//in_01.d.exe 1> log.tmp 2>&1

--------
run: dmd   -odobj  -ofrun//in_02.d.exe run//in_02.d 1> log.tmp 2>&1
run//in_02.d.exe 1> log.tmp 2>&1

--------
run: dmd   -odobj  -ofrun//in_03.d.exe run//in_03.d 1> log.tmp 2>&1
run//in_03.d.exe 1> log.tmp 2>&1

--------
run: dmd   -odobj  -ofrun//in_out_body_01.d.exe run//in_out_body_01.d 1> log.tmp 2>&1
run//in_out_body_01.d.exe 1> log.tmp 2>&1

--------
run: dmd   -odobj  -ofrun//in_out_body_02.d.exe run//in_out_body_02.d 1> log.tmp 2>&1
run//in_out_body_02.d:18: found 'inner' when expecting ';' following 'statement'
run//in_out_body_02.d:18: expression expected, not ')'
run//in_out_body_02.d:18: expression expected, not '{'
run//in_out_body_02.d:19: found 'assert' when expecting ')'
run//in_out_body_02.d:20: Declaration expected, not 'out'
run//in_out_body_02.d:22: unrecognized declaration

--------
run: dmd   -odobj  -ofrun//in_out_body_03.d.exe run//in_out_body_03.d 1> log.tmp 2>&1
run//in_out_body_03.d:18: found 'inner' when expecting ';' following 'statement'
run//in_out_body_03.d:18: expression expected, not ')'
run//in_out_body_03.d:18: expression expected, not '{'
run//in_out_body_03.d:19: found 'assert' when expecting ')'
run//in_out_body_03.d:20: Declaration expected, not 'out'
run//in_out_body_03.d:22: unrecognized declaration

--------
run: dmd   -odobj  -ofrun//in_out_body_04.d.exe run//in_out_body_04.d 1> log.tmp 2>&1
run//in_out_body_04.d.exe 1> log.tmp 2>&1

--------
run: dmd   -odobj  -ofrun//int_01.d.exe run//int_01.d 1> log.tmp 2>&1
run//int_01.d.exe 1> log.tmp 2>&1

--------
run: dmd   -odobj  -ofrun//int_02.d.exe run//int_02.d 1> log.tmp 2>&1
run//int_02.d.exe 1> log.tmp 2>&1

--------
run: dmd   -odobj  -ofrun//int_03.d.exe run//int_03.d 1> log.tmp 2>&1
run//int_03.d.exe 1> log.tmp 2>&1

--------
run: dmd   -odobj  -ofrun//int_04.d.exe run//int_04.d 1> log.tmp 2>&1
run//int_04.d.exe 1> log.tmp 2>&1

--------
run: dmd   -odobj  -ofrun//int_07.d.exe run//int_07.d 1> log.tmp 2>&1
run//int_07.d.exe 1> log.tmp 2>&1

--------
run: dmd   -odobj  -ofrun//integer_literal_binary_01.d.exe run//integer_literal_binary_01.d 1> log.tmp 2>&1
run//integer_literal_binary_01.d.exe 1> log.tmp 2>&1

--------
run: dmd   -odobj  -ofrun//integer_literal_binary_02.d.exe run//integer_literal_binary_02.d 1> log.tmp 2>&1
run//integer_literal_binary_02.d.exe 1> log.tmp 2>&1

--------
run: dmd   -odobj  -ofrun//integer_literal_binary_03.d.exe run//integer_literal_binary_03.d 1> log.tmp 2>&1
run//integer_literal_binary_03.d.exe 1> log.tmp 2>&1

--------
run: dmd   -odobj  -ofrun//integer_literal_binary_04.d.exe run//integer_literal_binary_04.d 1> log.tmp 2>&1
run//integer_literal_binary_04.d.exe 1> log.tmp 2>&1

--------
run: dmd   -odobj  -ofrun//integer_literal_binary_05.d.exe run//integer_literal_binary_05.d 1> log.tmp 2>&1
run//integer_literal_binary_05.d.exe 1> log.tmp 2>&1

--------
run: dmd   -odobj  -ofrun//integer_literal_binary_06.d.exe run//integer_literal_binary_06.d 1> log.tmp 2>&1
run//integer_literal_binary_06.d.exe 1> log.tmp 2>&1

--------
run: dmd   -odobj  -ofrun//integer_literal_binary_07.d.exe run//integer_literal_binary_07.d 1> log.tmp 2>&1
run//integer_literal_binary_07.d.exe 1> log.tmp 2>&1

--------
run: dmd   -odobj  -ofrun//integer_literal_binary_08.d.exe run//integer_literal_binary_08.d 1> log.tmp 2>&1
run//integer_literal_binary_08.d.exe 1> log.tmp 2>&1

--------
run: dmd   -odobj  -ofrun//integer_literal_dec_05.d.exe run//integer_literal_dec_05.d 1> log.tmp 2>&1
run//integer_literal_dec_05.d.exe 1> log.tmp 2>&1

--------
run: dmd   -odobj  -ofrun//integer_literal_hex_01.d.exe run//integer_literal_hex_01.d 1> log.tmp 2>&1
run//integer_literal_hex_01.d.exe 1> log.tmp 2>&1

--------
run: dmd   -odobj  -ofrun//integer_literal_hex_02.d.exe run//integer_literal_hex_02.d 1> log.tmp 2>&1
run//integer_literal_hex_02.d.exe 1> log.tmp 2>&1

--------
run: dmd   -odobj  -ofrun//integer_literal_hex_03.d.exe run//integer_literal_hex_03.d 1> log.tmp 2>&1
run//integer_literal_hex_03.d.exe 1> log.tmp 2>&1

--------
run: dmd   -odobj  -ofrun//integer_literal_hex_04.d.exe run//integer_literal_hex_04.d 1> log.tmp 2>&1
run//integer_literal_hex_04.d.exe 1> log.tmp 2>&1

--------
run: dmd   -odobj  -ofrun//integer_literal_hex_05.d.exe run//integer_literal_hex_05.d 1> log.tmp 2>&1
run//integer_literal_hex_05.d.exe 1> log.tmp 2>&1

--------
run: dmd   -odobj  -ofrun//integer_literal_hex_06.d.exe run//integer_literal_hex_06.d 1> log.tmp 2>&1
run//integer_literal_hex_06.d.exe 1> log.tmp 2>&1

--------
run: dmd   -odobj  -ofrun//integer_literal_hex_07.d.exe run//integer_literal_hex_07.d 1> log.tmp 2>&1
run//integer_literal_hex_07.d.exe 1> log.tmp 2>&1

--------
run: dmd   -odobj  -ofrun//integer_literal_hex_08.d.exe run//integer_literal_hex_08.d 1> log.tmp 2>&1
run//integer_literal_hex_08.d.exe 1> log.tmp 2>&1

--------
run: dmd   -odobj  -ofrun//interface_01.d.exe run//interface_01.d 1> log.tmp 2>&1
run//interface_01.d.exe 1> log.tmp 2>&1

--------
run: dmd   -odobj  -ofrun//interface_02.d.exe run//interface_02.d 1> log.tmp 2>&1
run//interface_02.d.exe 1> log.tmp 2>&1

--------
run: dmd   -odobj  -ofrun//interface_04.d.exe run//interface_04.d 1> log.tmp 2>&1
run//interface_04.d.exe 1> log.tmp 2>&1

--------
run: dmd   -odobj  -ofrun//interface_05.d.exe run//interface_05.d 1> log.tmp 2>&1
run//interface_05.d:21: class dstress.run.interface_05.Child interface function MyInterface.test isn't implemented

--------
run: dmd   -odobj  -ofrun//interface_06.d.exe run//interface_06.d 1> log.tmp 2>&1
run//interface_06.d.exe 1> log.tmp 2>&1

--------
run: dmd   -odobj  -ofrun//interface_07.d.exe run//interface_07.d 1> log.tmp 2>&1
run//interface_07.d.exe 1> log.tmp 2>&1

--------
run: dmd   -odobj  -ofrun//interface_10.d.exe run//interface_10.d 1> log.tmp 2>&1
run//interface_10.d:5: invalid UTF-8 sequence

--------
run: dmd   -odobj  -ofrun//interface_11.d.exe run//interface_11.d 1> log.tmp 2>&1
run//interface_11.d:5: invalid UTF-8 sequence

--------
run: dmd   -odobj  -ofrun//invariant_01.d.exe run//invariant_01.d 1> log.tmp 2>&1
run//invariant_01.d.exe 1> log.tmp 2>&1

--------
run: dmd   -odobj  -ofrun//invariant_02.d.exe run//invariant_02.d 1> log.tmp 2>&1
run//invariant_02.d.exe 1> log.tmp 2>&1

--------
run: dmd   -odobj  -ofrun//invariant_10.d.exe run//invariant_10.d 1> log.tmp 2>&1
run//invariant_10.d.exe 1> log.tmp 2>&1

--------
run: dmd   -odobj  -ofrun//invariant_11.d.exe run//invariant_11.d 1> log.tmp 2>&1
run//invariant_11.d.exe 1> log.tmp 2>&1

--------
run: dmd   -odobj  -ofrun//invariant_12.d.exe run//invariant_12.d 1> log.tmp 2>&1
run//invariant_12.d.exe 1> log.tmp 2>&1

--------
run: dmd   -odobj  -ofrun//invariant_13.d.exe run//invariant_13.d 1> log.tmp 2>&1
run//invariant_13.d.exe 1> log.tmp 2>&1

--------
run: dmd   -odobj  -ofrun//invariant_14.d.exe run//invariant_14.d 1> log.tmp 2>&1
run//invariant_14.d.exe 1> log.tmp 2>&1
Error: AssertError Failure run//invariant_14.d(35)

--------
run: dmd   -odobj  -ofrun//invariant_15.d.exe run//invariant_15.d 1> log.tmp 2>&1
run//invariant_15.d.exe 1> log.tmp 2>&1
Error: AssertError Failure run//invariant_15.d(37)

--------
run: dmd   -odobj  -ofrun//invariant_18.d.exe run//invariant_18.d 1> log.tmp 2>&1
run//invariant_18.d.exe 1> log.tmp 2>&1
Error: AssertError Failure run//invariant_18.d(24)

--------
run: dmd   -odobj  -ofrun//invariant_19.d.exe run//invariant_19.d 1> log.tmp 2>&1
run//invariant_19.d.exe 1> log.tmp 2>&1

--------
run: dmd   -odobj  -ofrun//invariant_20.d.exe run//invariant_20.d 1> log.tmp 2>&1
run//invariant_20.d.exe 1> log.tmp 2>&1

--------
run: dmd   -odobj  -ofrun//invariant_21.d.exe run//invariant_21.d 1> log.tmp 2>&1
run//invariant_21.d.exe 1> log.tmp 2>&1

--------
run: dmd   -odobj  -ofrun//invariant_22.d.exe run//invariant_22.d 1> log.tmp 2>&1
run//invariant_22.d.exe 1> log.tmp 2>&1

--------
run: dmd   -odobj  -ofrun//invariant_23.d.exe run//invariant_23.d 1> log.tmp 2>&1
run//invariant_23.d.exe 1> log.tmp 2>&1
Error: AssertError Failure run//invariant_23.d(23)

--------
run: dmd   -odobj  -ofrun//invariant_24.d.exe run//invariant_24.d 1> log.tmp 2>&1
run//invariant_24.d.exe 1> log.tmp 2>&1

--------
run: dmd   -odobj  -ofrun//invariant_25.d.exe run//invariant_25.d 1> log.tmp 2>&1
run//invariant_25.d:18: identifier 'InvariantException' is not defined
run//invariant_25.d:18: InvariantException is used as a type
Error: can only catch class objects, not 'void'

--------
run: dmd   -odobj  -ofrun//keys_01.d.exe run//keys_01.d 1> log.tmp 2>&1
run//keys_01.d.exe 1> log.tmp 2>&1

--------
run: dmd   -odobj  -ofrun//label_01.d.exe run//label_01.d 1> log.tmp 2>&1
run//label_01.d.exe 1> log.tmp 2>&1

--------
run: dmd   -odobj  -ofrun//label_02.d.exe run//label_02.d 1> log.tmp 2>&1
run//label_02.d:0: internal compiler error: Bus error
Please submit a full bug report,
with preprocessed source if appropriate.
See <URL:http://gcc.gnu.org/bugs.html> for instructions.

--------
run: dmd   -odobj  -ofrun//label_03.d.exe run//label_03.d 1> log.tmp 2>&1
run//label_03.d.exe 1> log.tmp 2>&1

--------
run: dmd   -odobj  -ofrun//length_01.d.exe run//length_01.d 1> log.tmp 2>&1
run//length_01.d.exe 1> log.tmp 2>&1

--------
run: dmd   -odobj  -ofrun//length_02.d.exe run//length_02.d 1> log.tmp 2>&1
run//length_02.d.exe 1> log.tmp 2>&1

--------
run: dmd   -odobj  -ofrun//line_ending_dos.d.exe run//line_ending_dos.d 1> log.tmp 2>&1
run//line_ending_dos.d.exe 1> log.tmp 2>&1

--------
run: dmd   -odobj  -ofrun//line_ending_linux.d.exe run//line_ending_linux.d 1> log.tmp 2>&1
run//line_ending_linux.d.exe 1> log.tmp 2>&1

--------
run: dmd   -odobj  -ofrun//line_ending_mac.d.exe run//line_ending_mac.d 1> log.tmp 2>&1
/usr/bin/ld: Undefined symbols:
__Dmain
collect2: ld returned 1 exit status

--------
run: dmd   -odobj  -ofrun//line_ending_unicode.d.exe run//line_ending_unicode.d 1> log.tmp 2>&1
run//line_ending_unicode.d:1: invalid UTF-8 sequence
run//line_ending_unicode.d:1: invalid UTF-8 sequence
run//line_ending_unicode.d:1: invalid UTF-8 sequence
run//line_ending_unicode.d:1: invalid UTF-8 sequence
run//line_ending_unicode.d:1: invalid UTF-8 sequence
run//line_ending_unicode.d:1: invalid UTF-8 sequence
run//line_ending_unicode.d:1: invalid UTF-8 sequence
run//line_ending_unicode.d:1: invalid UTF-8 sequence
run//line_ending_unicode.d:1: invalid UTF-8 sequence
run//line_ending_unicode.d:1: invalid UTF-8 sequence
run//line_ending_unicode.d:1: invalid UTF-8 sequence
run//line_ending_unicode.d:1: invalid UTF-8 sequence
run//line_ending_unicode.d:1: invalid UTF-8 sequence
run//line_ending_unicode.d:1: invalid UTF-8 sequence
run//line_ending_unicode.d:1: invalid UTF-8 sequence
run//line_ending_unicode.d:1: invalid UTF-8 sequence
run//line_ending_unicode.d:1: invalid UTF-8 sequence
run//line_ending_unicode.d:1: invalid UTF-8 sequence
run//line_ending_unicode.d:1: invalid UTF-8 sequence
run//line_ending_unicode.d:1: invalid UTF-8 sequence
run//line_ending_unicode.d:1: invalid UTF-8 sequence

--------
run: dmd   -odobj  -ofrun//line_token_02.d.exe run//line_token_02.d 1> log.tmp 2>&1
run//line_token_02.d.exe 1> log.tmp 2>&1

--------
run: dmd   -odobj  -ofrun//line_token_03.d.exe run//line_token_03.d 1> log.tmp 2>&1
run//line_token_03.d.exe 1> log.tmp 2>&1
Error: AssertError Failure (31)

--------
run: dmd   -odobj  -ofrun//line_token_04.d.exe run//line_token_04.d 1> log.tmp 2>&1
run//line_token_04.d.exe 1> log.tmp 2>&1
Error: ArrayBoundsError a(31)

--------
run: dmd   -odobj  -ofrun//long_01.d.exe run//long_01.d 1> log.tmp 2>&1
run//long_01.d.exe 1> log.tmp 2>&1
Error: AssertError Failure run//long_01.d(6)

--------
run: dmd   -odobj  -ofrun//long_char_1025.d.exe run//long_char_1025.d 1> log.tmp 2>&1
run//long_char_1025.d.exe 1> log.tmp 2>&1

--------
run: dmd   -odobj  -ofrun//long_char_2049.d.exe run//long_char_2049.d 1> log.tmp 2>&1
run//long_char_2049.d.exe 1> log.tmp 2>&1

--------
run: dmd   -odobj  -ofrun//long_char_65536.d.exe run//long_char_65536.d 1> log.tmp 2>&1
run//long_char_65536.d.exe 1> log.tmp 2>&1

--------
run: dmd   -odobj  -ofrun//long_char_65537.d.exe run//long_char_65537.d 1> log.tmp 2>&1
run//long_char_65537.d.exe 1> log.tmp 2>&1

--------
run: dmd   -odobj  -ofrun//main_02.d.exe run//main_02.d 1> log.tmp 2>&1
run//main_02.d.exe 1> log.tmp 2>&1

--------
run: dmd   -odobj  -ofrun//main_03.d.exe run//main_03.d 1> log.tmp 2>&1
run//main_03.d.exe 1> log.tmp 2>&1

--------
run: dmd   -odobj  -ofrun//many_functions_01.d.exe run//many_functions_01.d 1> log.tmp 2>&1
run//many_functions_01.d.exe 1> log.tmp 2>&1

--------
run: dmd   -odobj  -ofrun//mixin_02.d.exe run//mixin_02.d 1> log.tmp 2>&1
run//mixin_02.d.exe 1> log.tmp 2>&1

--------
run: dmd   -odobj  -ofrun//mixin_03.d.exe run//mixin_03.d 1> log.tmp 2>&1
run//mixin_03.d.exe 1> log.tmp 2>&1

--------
run: dmd   -odobj  -ofrun//module_01.d.exe run//module_01.d 1> log.tmp 2>&1
run//module_01.d:13: undefined identifier dstress
run//module_01.d:13: no property 'run' for type 'int'
run//module_01.d:13: no property 'module_01' for type 'int'
run//module_01.d:13: no property 'i' for type 'int'
run//module_01.d:14: undefined identifier stress
run//module_01.d:14: no property 'run' for type 'int'
run//module_01.d:14: no property 'module_01' for type 'int'
run//module_01.d:14: no property 'i' for type 'int'
run//module_01.d:14: constant 1 is not an lvalue
run//module_01.d:15: undefined identifier dstress
run//module_01.d:15: no property 'run' for type 'int'
run//module_01.d:15: no property 'module_01' for type 'int'
run//module_01.d:15: no property 'i' for type 'int'

--------
run: dmd   -odobj  -ofrun//module_02.d.exe run//module_02.d 1> log.tmp 2>&1
run//module_02.d.exe 1> log.tmp 2>&1

--------
run: dmd   -I. -odobj  -ofrun//module_04.d.exe run//module_04.d 1> log.tmp 2>&1
run//module_04.d:15: undefined identifier run
run//module_04.d:15: no property 'module_04' for type 'int'
run//module_04.d:15: no property 'i' for type 'int'
run//module_04.d:16: undefined identifier run
run//module_04.d:16: no property 'module_04' for type 'int'
run//module_04.d:16: no property 'i' for type 'int'
run//module_04.d:16: constant 1 is not an lvalue
run//module_04.d:17: undefined identifier run
run//module_04.d:17: no property 'module_04' for type 'int'
run//module_04.d:17: no property 'i' for type 'int'

--------
run: dmd   -odobj  -ofrun//nested_function_01.d.exe run//nested_function_01.d 1> log.tmp 2>&1
run//nested_function_01.d.exe 1> log.tmp 2>&1

--------
run: dmd   -inline -odobj  -ofrun//nested_function_02.d.exe run//nested_function_02.d 1> log.tmp 2>&1
run//nested_function_02.d.exe 1> log.tmp 2>&1

--------
run: dmd   -odobj  -ofrun//nested_function_03.d.exe run//nested_function_03.d 1> log.tmp 2>&1
run//nested_function_03.d.exe 1> log.tmp 2>&1

--------
run: dmd   -odobj  -ofrun//nested_function_04.d.exe run//nested_function_04.d 1> log.tmp 2>&1
run//nested_function_04.d.exe 1> log.tmp 2>&1

--------
run: dmd   -odobj  -ofrun//nested_function_05.d.exe run//nested_function_05.d 1> log.tmp 2>&1
/var/tmp//ccgWYfv2.s:150:FATAL:Symbol __Dmain already defined.

--------
run: dmd   -odobj  -ofrun//nested_function_06.d.exe run//nested_function_06.d 1> log.tmp 2>&1
run//nested_function_06.d:15: function dstress.run.nested_function_06.check.main parameters must be main() or main(char[][] args)

--------
run: dmd   -odobj  -ofrun//odd_bug_01.d.exe run//odd_bug_01.d 1> log.tmp 2>&1
run//odd_bug_01.d.exe 1> log.tmp 2>&1

--------
run: dmd   -odobj  -ofrun//odd_bug_02.d.exe run//odd_bug_02.d 1> log.tmp 2>&1
run//odd_bug_02.d.exe 1> log.tmp 2>&1

--------
run: dmd   -odobj  -ofrun//offsetof_01.d.exe run//offsetof_01.d 1> log.tmp 2>&1
run//offsetof_01.d:15: no property 'offsetof' for type 'int'
run//offsetof_01.d:16: no property 'offsetof' for type 'int'
run//offsetof_01.d:17: no property 'offsetof' for type 'int'
run//offsetof_01.d:17: no property 'offsetof' for type 'int'

--------
run: dmd   -odobj  -ofrun//offsetof_02.d.exe run//offsetof_02.d 1> log.tmp 2>&1
run//offsetof_02.d.exe 1> log.tmp 2>&1

--------
run: dmd   -odobj  -ofrun//offsetof_07.d.exe run//offsetof_07.d 1> log.tmp 2>&1
run//offsetof_07.d.exe 1> log.tmp 2>&1

--------
run: dmd   -odobj  -ofrun//opCast_01.d.exe run//opCast_01.d 1> log.tmp 2>&1
run//opCast_01.d:24: cannot implicitly convert expression new Child .opCast() of type int to Parent

--------
run: dmd   -odobj  -ofrun//opCast_02.d.exe run//opCast_02.d 1> log.tmp 2>&1
gdc: Internal error: Illegal instruction (program cc1d)
Please submit a full bug report.
See <URL:http://gcc.gnu.org/bugs.html> for instructions.

--------
run: dmd   -odobj  -ofrun//opCast_03.d.exe run//opCast_03.d 1> log.tmp 2>&1
run//opCast_03.d.exe 1> log.tmp 2>&1

--------
run: dmd   -odobj  -ofrun//opCatAssign_01.d.exe run//opCatAssign_01.d 1> log.tmp 2>&1
run//opCatAssign_01.d.exe 1> log.tmp 2>&1

--------
run: dmd   -odobj  -ofrun//opCatAssign_02.d.exe run//opCatAssign_02.d 1> log.tmp 2>&1
run//opCatAssign_02.d.exe 1> log.tmp 2>&1

--------
run: dmd   -odobj  -ofrun//opCatAssign_03.d.exe run//opCatAssign_03.d 1> log.tmp 2>&1
run//opCatAssign_03.d.exe 1> log.tmp 2>&1

--------
run: dmd   -odobj  -ofrun//opCatAssign_04.d.exe run//opCatAssign_04.d 1> log.tmp 2>&1
run//opCatAssign_04.d:15: sorry; can't append to array of bit

--------
run: dmd   -odobj  -ofrun//opCatAssign_05.d.exe run//opCatAssign_05.d 1> log.tmp 2>&1
run//opCatAssign_05.d:14: sorry; can't append to array of bit

--------
run: dmd   -odobj  -ofrun//opCat_01.d.exe run//opCat_01.d 1> log.tmp 2>&1
run//opCat_01.d:6: incompatible types for ((a) ~ ("d")): 'dchar[]' and 'char[]'
run//opCat_01.d:6: Can only concatenate arrays, not (dchar[] ~ char[])
run//opCat_01.d:6: incompatible types for ((a ~ "d") ~ (b)): 'int' and 'dchar[]'
run//opCat_01.d:6: Can only concatenate arrays, not (int ~ dchar[])
run//opCat_01.d:6: cannot implicitly convert expression a ~ "d" ~ b of type int to dchar[]

--------
run: dmd   -odobj  -ofrun//opCat_02.d.exe run//opCat_02.d 1> log.tmp 2>&1
run//opCat_02.d.exe 1> log.tmp 2>&1

--------
run: dmd   -odobj  -ofrun//opCat_03.d.exe run//opCat_03.d 1> log.tmp 2>&1
run//opCat_03.d:6: incompatible types for ((a) ~ ("d")): 'wchar[]' and 'char[]'
run//opCat_03.d:6: Can only concatenate arrays, not (wchar[] ~ char[])
run//opCat_03.d:6: incompatible types for ((a ~ "d") ~ (b)): 'int' and 'wchar[]'
run//opCat_03.d:6: Can only concatenate arrays, not (int ~ wchar[])
run//opCat_03.d:6: cannot implicitly convert expression a ~ "d" ~ b of type int to wchar[]

--------
run: dmd   -odobj  -ofrun//opCmp_01.d.exe run//opCmp_01.d 1> log.tmp 2>&1
run//opCmp_01.d:13: function dstress.run.opCmp_01.MyStruct.opCmp must be declared as extern (D) int opCmp(MyStruct*)

--------
run: dmd   -odobj  -ofrun//opIdentity_01.d.exe run//opIdentity_01.d 1> log.tmp 2>&1
run//opIdentity_01.d.exe 1> log.tmp 2>&1
Error: AssertError Failure run//opIdentity_01.d(44)

--------
run: dmd   -odobj  -ofrun//opIdentity_02.d.exe run//opIdentity_02.d 1> log.tmp 2>&1
run//opIdentity_02.d.exe 1> log.tmp 2>&1

--------
run: dmd   -odobj  -ofrun//opNeg_01.d.exe run//opNeg_01.d 1> log.tmp 2>&1
run//opNeg_01.d.exe 1> log.tmp 2>&1

--------
run: dmd   -odobj  -ofrun//opNeg_02.d.exe run//opNeg_02.d 1> log.tmp 2>&1
run//opNeg_02.d.exe 1> log.tmp 2>&1

--------
run: dmd   -odobj  -ofrun//opPos_01.d.exe run//opPos_01.d 1> log.tmp 2>&1
run//opPos_01.d.exe 1> log.tmp 2>&1

--------
run: dmd   -odobj  -ofrun//opPos_02.d.exe run//opPos_02.d 1> log.tmp 2>&1
run//opPos_02.d.exe 1> log.tmp 2>&1

--------
run: dmd   -odobj  -ofrun//out_01.d.exe run//out_01.d 1> log.tmp 2>&1
run//out_01.d.exe 1> log.tmp 2>&1

--------
run: dmd   -odobj  -ofrun//out_02.d.exe run//out_02.d 1> log.tmp 2>&1
run//out_02.d.exe 1> log.tmp 2>&1

--------
run: dmd   -odobj  -ofrun//out_03.d.exe run//out_03.d 1> log.tmp 2>&1
run//out_03.d.exe 1> log.tmp 2>&1

--------
run: dmd   -odobj  -ofrun//out_04.d.exe run//out_04.d 1> log.tmp 2>&1
run//out_04.d.exe 1> log.tmp 2>&1

--------
run: dmd   -odobj  -ofrun//out_05.d.exe run//out_05.d 1> log.tmp 2>&1
run//out_05.d.exe 1> log.tmp 2>&1

--------
run: dmd   -odobj  -ofrun//out_06.d.exe run//out_06.d 1> log.tmp 2>&1
run//out_06.d.exe 1> log.tmp 2>&1

--------
run: dmd   -odobj  -ofrun//overload_01.d.exe run//overload_01.d 1> log.tmp 2>&1
run//overload_01.d.exe 1> log.tmp 2>&1

--------
run: dmd   -odobj  -ofrun//overload_02.d.exe run//overload_02.d 1> log.tmp 2>&1
run//overload_02.d.exe 1> log.tmp 2>&1

--------
run: dmd   -odobj  -ofrun//overload_03.d.exe run//overload_03.d 1> log.tmp 2>&1
run//overload_03.d.exe 1> log.tmp 2>&1

--------
run: dmd   -odobj  -ofrun//overload_04.d.exe run//overload_04.d 1> log.tmp 2>&1
run//overload_04.d.exe 1> log.tmp 2>&1

--------
run: dmd   -odobj  -ofrun//overload_05.d.exe run//overload_05.d 1> log.tmp 2>&1
run//overload_05.d.exe 1> log.tmp 2>&1

--------
run: dmd   -odobj  -ofrun//overload_06.d.exe run//overload_06.d 1> log.tmp 2>&1
run//overload_06.d:16: declaration foo is already defined

--------
run: dmd   -odobj  -ofrun//overload_07.d.exe run//overload_07.d 1> log.tmp 2>&1
run//overload_07.d:27: 'this' is only allowed in non-static member functions

--------
run: dmd   -odobj  -ofrun//overload_08.d.exe run//overload_08.d 1> log.tmp 2>&1
run//overload_08.d:27: function dstress.run.overload_08.test overloads int(real a,real b) and int(real a,uint b) both match argument list for test

--------
run: dmd   -odobj  -ofrun//overload_09.d.exe run//overload_09.d 1> log.tmp 2>&1
run//overload_09.d:27: function dstress.run.overload_09.test overloads int(real a,real b) and int(real a,uint b) both match argument list for test

--------
run: dmd   -odobj  -ofrun//overload_10.d.exe run//overload_10.d 1> log.tmp 2>&1
run//overload_10.d:27: function dstress.run.overload_10.test overloads int(real a,real b) and int(real a,uint b) both match argument list for test

--------
run: dmd   -odobj  -ofrun//overload_13.d.exe run//overload_13.d 1> log.tmp 2>&1
run//overload_13.d:25: function dstress.run.overload_13.B.test (int val) does not match argument types ()
run//overload_13.d:25: Error: expected 1 arguments, not 0


--------
run: dmd   -odobj  -ofrun//overload_14.d.exe run//overload_14.d 1> log.tmp 2>&1
run//overload_14.d:21: function dstress.run.overload_14.MyClass.check () does not match argument types (int)
run//overload_14.d:21: Error: expected 0 arguments, not 1


--------
run: dmd   -odobj  -ofrun//overload_15.d.exe run//overload_15.d 1> log.tmp 2>&1
run//overload_15.d.exe 1> log.tmp 2>&1

--------
run: dmd   -odobj  -ofrun//overload_16.d.exe run//overload_16.d 1> log.tmp 2>&1
run//overload_16.d:23: function dstress.run.overload_16.check (int x) does not match argument types ()
run//overload_16.d:23: Error: expected 1 arguments, not 0


--------
run: dmd   -odobj  -ofrun//override_01.d.exe run//override_01.d 1> log.tmp 2>&1
run//override_01.d.exe 1> log.tmp 2>&1

--------
run: dmd   -odobj  -ofrun//pragma_01.d.exe run//pragma_01.d 1> log.tmp 2>&1
compiling pragma

run//pragma_01.d.exe 1> log.tmp 2>&1

--------
run: dmd   -odobj  -ofrun//pragma_02.d.exe run//pragma_02.d 1> log.tmp 2>&1
compiling pragma

run//pragma_02.d.exe 1> log.tmp 2>&1

--------
run: dmd   -odobj  -ofrun//pragma_05.d.exe run//pragma_05.d 1> log.tmp 2>&1
compiling pragma
run//pragma_05.d.exe 1> log.tmp 2>&1

--------
run: dmd   -odobj  -ofrun//pragma_06.d.exe run//pragma_06.d 1> log.tmp 2>&1
compiling pragma
run//pragma_06.d.exe 1> log.tmp 2>&1

--------
run: dmd   -odobj  -ofrun//private_01.d.exe run//private_01.d 1> log.tmp 2>&1
run//private_01.d.exe 1> log.tmp 2>&1

--------
run: dmd   -odobj  -ofrun//private_02.d.exe run//private_02.d 1> log.tmp 2>&1
run//private_02.d:21: found '.' when expecting ';' following 'return statement'
run//private_02.d:26: found '.' when expecting ')'
run//private_02.d:26: found 'test' when expecting ';' following 'statement'
run//private_02.d:26: expression expected, not ')'

--------
run: dmd   -odobj  -ofrun//private_03.d.exe run//private_03.d 1> log.tmp 2>&1
run//private_03.d:23: class dstress.compile.private_03.Outer.Inner member this is not accessible
run//private_03.d:24: class dstress.compile.private_03.Outer.Inner member i is not accessible

--------
run: dmd   -odobj  -ofrun//ptr_01.d.exe run//ptr_01.d 1> log.tmp 2>&1
run//ptr_01.d.exe 1> log.tmp 2>&1

--------
run: dmd   -odobj  -ofrun//ptr_02.d.exe run//ptr_02.d 1> log.tmp 2>&1
run//ptr_02.d.exe 1> log.tmp 2>&1

--------
run: dmd   -odobj  -ofrun//ptr_03.d.exe run//ptr_03.d 1> log.tmp 2>&1
run//ptr_03.d.exe 1> log.tmp 2>&1

--------
run: dmd   -odobj  -ofrun//ptr_04.d.exe run//ptr_04.d 1> log.tmp 2>&1
run//ptr_04.d.exe 1> log.tmp 2>&1
Error: AssertError Failure run//ptr_04.d(10)

--------
run: dmd   -odobj  -ofrun//real_01.d.exe run//real_01.d 1> log.tmp 2>&1
run//real_01.d.exe 1> log.tmp 2>&1

--------
run: dmd   -odobj  -ofrun//real_02.d.exe run//real_02.d 1> log.tmp 2>&1
run//real_02.d.exe 1> log.tmp 2>&1

--------
run: dmd   -odobj  -ofrun//real_03.d.exe run//real_03.d 1> log.tmp 2>&1
run//real_03.d.exe 1> log.tmp 2>&1
Error: AssertError Failure run//real_03.d(6)

--------
run: dmd   -odobj  -ofrun//real_04.d.exe run//real_04.d 1> log.tmp 2>&1
run//real_04.d.exe 1> log.tmp 2>&1

--------
run: dmd   -odobj  -ofrun//real_05.d.exe run//real_05.d 1> log.tmp 2>&1
run//real_05.d.exe 1> log.tmp 2>&1

--------
run: dmd   -odobj  -ofrun//real_06.d.exe run//real_06.d 1> log.tmp 2>&1
run//real_06.d.exe 1> log.tmp 2>&1

--------
run: dmd   -odobj  -ofrun//real_07.d.exe run//real_07.d 1> log.tmp 2>&1
run//real_07.d.exe 1> log.tmp 2>&1

--------
run: dmd   -odobj  -ofrun//real_08.d.exe run//real_08.d 1> log.tmp 2>&1
run//real_08.d.exe 1> log.tmp 2>&1

--------
run: dmd   -odobj  -ofrun//real_09.d.exe run//real_09.d 1> log.tmp 2>&1
run//real_09.d.exe 1> log.tmp 2>&1

--------
run: dmd   -odobj  -ofrun//real_10.d.exe run//real_10.d 1> log.tmp 2>&1
run//real_10.d.exe 1> log.tmp 2>&1

--------
run: dmd   -odobj  -ofrun//real_11.d.exe run//real_11.d 1> log.tmp 2>&1
run//real_11.d.exe 1> log.tmp 2>&1

--------
run: dmd   -odobj  -ofrun//real_12.d.exe run//real_12.d 1> log.tmp 2>&1
run//real_12.d.exe 1> log.tmp 2>&1

--------
run: dmd   -odobj  -ofrun//real_13.d.exe run//real_13.d 1> log.tmp 2>&1
run//real_13.d.exe 1> log.tmp 2>&1

--------
run: dmd   -odobj  -ofrun//rehash_01.d.exe run//rehash_01.d 1> log.tmp 2>&1
run//rehash_01.d.exe 1> log.tmp 2>&1

--------
run: dmd   -odobj  -ofrun//return_01.d.exe run//return_01.d 1> log.tmp 2>&1
run//return_01.d:13: cannot implicitly convert expression dummy() of type int to void

--------
run: dmd   -odobj  -ofrun//return_02.d.exe run//return_02.d 1> log.tmp 2>&1
run//return_02.d.exe 1> log.tmp 2>&1

--------
run: dmd   -odobj  -ofrun//return_03.d.exe run//return_03.d 1> log.tmp 2>&1
run//return_03.d.exe 1> log.tmp 2>&1

--------
run: dmd   -odobj  -ofrun//return_04.d.exe run//return_04.d 1> log.tmp 2>&1
run//return_04.d.exe 1> log.tmp 2>&1

--------
run: dmd   -odobj  -ofrun//reverse_01.d.exe run//reverse_01.d 1> log.tmp 2>&1
run//reverse_01.d.exe 1> log.tmp 2>&1

--------
run: dmd   -odobj  -ofrun//reverse_02.d.exe run//reverse_02.d 1> log.tmp 2>&1
run//reverse_02.d.exe 1> log.tmp 2>&1

--------
run: dmd   -odobj  -ofrun//reverse_03.d.exe run//reverse_03.d 1> log.tmp 2>&1
run//reverse_03.d.exe 1> log.tmp 2>&1

--------
run: dmd   -odobj  -ofrun//reverse_04.d.exe run//reverse_04.d 1> log.tmp 2>&1
run//reverse_04.d.exe 1> log.tmp 2>&1

--------
run: dmd   -odobj  -ofrun//scope_01.d.exe run//scope_01.d 1> log.tmp 2>&1
run//scope_01.d.exe 1> log.tmp 2>&1
Error: AssertError Failure run//scope_01.d(30)

--------
run: dmd   -odobj  -ofrun//short_01.d.exe run//short_01.d 1> log.tmp 2>&1
run//short_01.d.exe 1> log.tmp 2>&1

--------
run: dmd   -odobj  -ofrun//sizeof_01.d.exe run//sizeof_01.d 1> log.tmp 2>&1
run//sizeof_01.d.exe 1> log.tmp 2>&1

--------
run: dmd   -odobj  -ofrun//sizeof_02.d.exe run//sizeof_02.d 1> log.tmp 2>&1
run//sizeof_02.d.exe 1> log.tmp 2>&1

--------
run: dmd   -odobj  -ofrun//sizeof_03.d.exe run//sizeof_03.d 1> log.tmp 2>&1
run//sizeof_03.d.exe 1> log.tmp 2>&1

--------
run: dmd   -odobj  -ofrun//sizeof_04.d.exe run//sizeof_04.d 1> log.tmp 2>&1
run//sizeof_04.d.exe 1> log.tmp 2>&1

--------
run: dmd   -odobj  -ofrun//sizeof_11.d.exe run//sizeof_11.d 1> log.tmp 2>&1
run//sizeof_11.d.exe 1> log.tmp 2>&1

--------
run: dmd   -odobj  -ofrun//slice_01.d.exe run//slice_01.d 1> log.tmp 2>&1
run//slice_01.d.exe 1> log.tmp 2>&1

--------
run: dmd   -odobj  -ofrun//slice_02.d.exe run//slice_02.d 1> log.tmp 2>&1
run//slice_02.d.exe 1> log.tmp 2>&1

--------
run: dmd   -odobj  -ofrun//slice_03.d.exe run//slice_03.d 1> log.tmp 2>&1
run//slice_03.d.exe 1> log.tmp 2>&1

--------
run: dmd   -odobj  -ofrun//slice_04.d.exe run//slice_04.d 1> log.tmp 2>&1
run//slice_04.d.exe 1> log.tmp 2>&1

--------
run: dmd   -odobj  -ofrun//slice_05.d.exe run//slice_05.d 1> log.tmp 2>&1
run//slice_05.d.exe 1> log.tmp 2>&1

--------
run: dmd   -odobj  -ofrun//slice_07.d.exe run//slice_07.d 1> log.tmp 2>&1
run//slice_07.d.exe 1> log.tmp 2>&1

--------
run: dmd   -odobj  -ofrun//slice_09.d.exe run//slice_09.d 1> log.tmp 2>&1
run//slice_09.d.exe 1> log.tmp 2>&1

--------
run: dmd   -odobj  -ofrun//sort_01.d.exe run//sort_01.d 1> log.tmp 2>&1
run//sort_01.d:11: no property 'sort' for type 'bit[]'
run//sort_01.d:11: cannot implicitly convert expression 1 of type int to bit[]

--------
run: dmd   -odobj  -ofrun//sort_02.d.exe run//sort_02.d 1> log.tmp 2>&1
run//sort_02.d.exe 1> log.tmp 2>&1

--------
run: dmd   -odobj  -ofrun//sort_03.d.exe run//sort_03.d 1> log.tmp 2>&1
run//sort_03.d.exe 1> log.tmp 2>&1
Error: AssertError Failure run//sort_03.d(30)

--------
run: dmd   -odobj  -ofrun//sort_04.d.exe run//sort_04.d 1> log.tmp 2>&1
run//sort_04.d.exe 1> log.tmp 2>&1
Error: AssertError Failure run//sort_04.d(30)

--------
run: dmd   -odobj  -ofrun//sort_05.d.exe run//sort_05.d 1> log.tmp 2>&1
run//sort_05.d.exe 1> log.tmp 2>&1
Error: AssertError Failure run//sort_05.d(30)

--------
run: dmd   -odobj  -ofrun//sort_06.d.exe run//sort_06.d 1> log.tmp 2>&1
run//sort_06.d.exe 1> log.tmp 2>&1

--------
run: dmd   -odobj  -ofrun//sort_07.d.exe run//sort_07.d 1> log.tmp 2>&1
run//sort_07.d.exe 1> log.tmp 2>&1

--------
run: dmd   -odobj  -ofrun//sort_08.d.exe run//sort_08.d 1> log.tmp 2>&1
run//sort_08.d.exe 1> log.tmp 2>&1

--------
run: dmd   -odobj  -ofrun//sort_09.d.exe run//sort_09.d 1> log.tmp 2>&1
run//sort_09.d.exe 1> log.tmp 2>&1

--------
run: dmd   -odobj  -ofrun//sort_10.d.exe run//sort_10.d 1> log.tmp 2>&1
run//sort_10.d.exe 1> log.tmp 2>&1

--------
run: dmd   -odobj  -ofrun//sort_11.d.exe run//sort_11.d 1> log.tmp 2>&1
run//sort_11.d.exe 1> log.tmp 2>&1

--------
run: dmd   -odobj  -ofrun//sort_12.d.exe run//sort_12.d 1> log.tmp 2>&1
run//sort_12.d.exe 1> log.tmp 2>&1

--------
run: dmd   -odobj  -ofrun//static_01.d.exe run//static_01.d 1> log.tmp 2>&1
run//static_01.d.exe 1> log.tmp 2>&1

--------
run: dmd   -odobj  -ofrun//static_02.d.exe run//static_02.d 1> log.tmp 2>&1
run//static_02.d.exe 1> log.tmp 2>&1

--------
run: dmd   -odobj  -ofrun//static_03.d.exe run//static_03.d 1> log.tmp 2>&1
run//static_03.d.exe 1> log.tmp 2>&1

--------
run: dmd   -odobj  -ofrun//static_04.d.exe run//static_04.d 1> log.tmp 2>&1
run//static_04.d.exe 1> log.tmp 2>&1

--------
run: dmd   -odobj  -ofrun//static_05.d.exe run//static_05.d 1> log.tmp 2>&1
run//static_05.d.exe 1> log.tmp 2>&1

--------
run: dmd   -odobj  -ofrun//static_06.d.exe run//static_06.d 1> log.tmp 2>&1
run//static_06.d.exe 1> log.tmp 2>&1

--------
run: dmd   -odobj  -ofrun//static_12.d.exe run//static_12.d 1> log.tmp 2>&1
run//static_12.d.exe 1> log.tmp 2>&1

--------
run: dmd   -odobj  -ofrun//static_14.d.exe run//static_14.d 1> log.tmp 2>&1
run//static_14.d.exe 1> log.tmp 2>&1

--------
run: dmd   -odobj  -ofrun//static_15.d.exe run//static_15.d 1> log.tmp 2>&1
run//static_15.d.exe 1> log.tmp 2>&1

--------
run: dmd   -odobj  -ofrun//static_16.d.exe run//static_16.d 1> log.tmp 2>&1
run//static_16.d.exe 1> log.tmp 2>&1
Error: AssertError Failure run//static_16.d(22)

--------
run: dmd   -odobj  -ofrun//static_17.d.exe run//static_17.d 1> log.tmp 2>&1
run//static_17.d.exe 1> log.tmp 2>&1

--------
run: dmd   -d -odobj  -ofrun//static_18.d.exe run//static_18.d 1> log.tmp 2>&1
run//static_18.d.exe 1> log.tmp 2>&1

--------
run: dmd   -odobj  -ofrun//static_20.d.exe run//static_20.d 1> log.tmp 2>&1
run//static_20.d.exe 1> log.tmp 2>&1

--------
run: dmd   -odobj  -ofrun//static_21.d.exe run//static_21.d 1> log.tmp 2>&1
run//static_21.d.exe 1> log.tmp 2>&1

--------
run: dmd   -odobj  -ofrun//static_22.d.exe run//static_22.d 1> log.tmp 2>&1
run//static_22.d.exe 1> log.tmp 2>&1

--------
run: dmd   -odobj  -ofrun//static_23.d.exe run//static_23.d 1> log.tmp 2>&1
run//static_23.d.exe 1> log.tmp 2>&1

--------
run: dmd   -odobj  -ofrun//static_24.d.exe run//static_24.d 1> log.tmp 2>&1
run//static_24.d.exe 1> log.tmp 2>&1

--------
run: dmd   -odobj  -ofrun//static_25.d.exe run//static_25.d 1> log.tmp 2>&1
run//static_25.d.exe 1> log.tmp 2>&1

--------
run: dmd   -odobj  -ofrun//static_26.d.exe run//static_26.d 1> log.tmp 2>&1
run//static_26.d.exe 1> log.tmp 2>&1

--------
run: dmd   -odobj  -ofrun//static_27.d.exe run//static_27.d 1> log.tmp 2>&1
run//static_27.d.exe 1> log.tmp 2>&1

--------
run: dmd   -odobj  -ofrun//static_28.d.exe run//static_28.d 1> log.tmp 2>&1
run//static_28.d.exe 1> log.tmp 2>&1

--------
run: dmd   -odobj  -ofrun//struct_01.d.exe run//struct_01.d 1> log.tmp 2>&1
run//struct_01.d.exe 1> log.tmp 2>&1

--------
run: dmd   -odobj  -ofrun//struct_02.d.exe run//struct_02.d 1> log.tmp 2>&1
run//struct_02.d.exe 1> log.tmp 2>&1

--------
run: dmd   -odobj  -ofrun//struct_03.d.exe run//struct_03.d 1> log.tmp 2>&1
run//struct_03.d.exe 1> log.tmp 2>&1

--------
run: dmd   -odobj  -ofrun//struct_08.d.exe run//struct_08.d 1> log.tmp 2>&1
run//struct_08.d.exe 1> log.tmp 2>&1

--------
run: dmd   -odobj  -ofrun//struct_10.d.exe run//struct_10.d 1> log.tmp 2>&1
run//struct_10.d.exe 1> log.tmp 2>&1

--------
run: dmd   -odobj  -ofrun//struct_12.d.exe run//struct_12.d 1> log.tmp 2>&1
run//struct_12.d.exe 1> log.tmp 2>&1

--------
run: dmd   -odobj  -ofrun//struct_13.d.exe run//struct_13.d 1> log.tmp 2>&1
run//struct_13.d.exe 1> log.tmp 2>&1

--------
run: dmd   -odobj  -ofrun//struct_14.d.exe run//struct_14.d 1> log.tmp 2>&1
run//struct_14.d.exe 1> log.tmp 2>&1

--------
run: dmd   -O -odobj  -ofrun//struct_15.d.exe run//struct_15.d 1> log.tmp 2>&1
run//struct_15.d.exe 1> log.tmp 2>&1

--------
run: dmd   -odobj  -ofrun//struct_initialization_01.d.exe run//struct_initialization_01.d 1> log.tmp 2>&1
run//struct_initialization_01.d.exe 1> log.tmp 2>&1

--------
run: dmd   -odobj  -ofrun//struct_initialization_02.d.exe run//struct_initialization_02.d 1> log.tmp 2>&1
run//struct_initialization_02.d.exe 1> log.tmp 2>&1

--------
run: dmd   -odobj  -ofrun//struct_initialization_03.d.exe run//struct_initialization_03.d 1> log.tmp 2>&1
run//struct_initialization_03.d.exe 1> log.tmp 2>&1

--------
run: dmd   -odobj  -ofrun//struct_initialization_04.d.exe run//struct_initialization_04.d 1> log.tmp 2>&1
run//struct_initialization_04.d.exe 1> log.tmp 2>&1

--------
run: dmd   -odobj  -ofrun//struct_initialization_05.d.exe run//struct_initialization_05.d 1> log.tmp 2>&1
run//struct_initialization_05.d.exe 1> log.tmp 2>&1

--------
run: dmd   -odobj  -ofrun//super_01.d.exe run//super_01.d 1> log.tmp 2>&1
run//super_01.d.exe 1> log.tmp 2>&1

--------
run: dmd   -odobj  -ofrun//super_02.d.exe run//super_02.d 1> log.tmp 2>&1
run//super_02.d.exe 1> log.tmp 2>&1

--------
run: dmd   -odobj  -ofrun//super_04.d.exe run//super_04.d 1> log.tmp 2>&1
run//super_04.d.exe 1> log.tmp 2>&1

--------
run: dmd   -odobj  -ofrun//super_06.d.exe run//super_06.d 1> log.tmp 2>&1
run//super_06.d:14: no super class constructor for Object
run//super_06.d:0: internal compiler error: Bus error
Please submit a full bug report,
with preprocessed source if appropriate.
See <URL:http://gcc.gnu.org/bugs.html> for instructions.

--------
run: dmd   -odobj  -ofrun//super_07.d.exe run//super_07.d 1> log.tmp 2>&1
run//super_07.d:17: no super class constructor for Parent
run//super_07.d:0: internal compiler error: Bus error
Please submit a full bug report,
with preprocessed source if appropriate.
See <URL:http://gcc.gnu.org/bugs.html> for instructions.

--------
run: dmd   -odobj  -ofrun//super_08.d.exe run//super_08.d 1> log.tmp 2>&1
run//super_08.d:22: no super class constructor for Object
run//super_08.d:0: internal compiler error: Bus error
Please submit a full bug report,
with preprocessed source if appropriate.
See <URL:http://gcc.gnu.org/bugs.html> for instructions.

--------
run: dmd   -odobj  -ofrun//super_10.d.exe run//super_10.d 1> log.tmp 2>&1
run//super_10.d:14: no super class constructor for Object
run//super_10.d:0: internal compiler error: Bus error
Please submit a full bug report,
with preprocessed source if appropriate.
See <URL:http://gcc.gnu.org/bugs.html> for instructions.

--------
run: dmd   -odobj  -ofrun//switch_01.d.exe run//switch_01.d 1> log.tmp 2>&1
run//switch_01.d.exe 1> log.tmp 2>&1

--------
run: dmd   -odobj  -ofrun//switch_02.d.exe run//switch_02.d 1> log.tmp 2>&1
run//switch_02.d.exe 1> log.tmp 2>&1

--------
run: dmd   -odobj  -ofrun//switch_03.d.exe run//switch_03.d 1> log.tmp 2>&1
run//switch_03.d.exe 1> log.tmp 2>&1

--------
run: dmd   -odobj  -ofrun//switch_04.d.exe run//switch_04.d 1> log.tmp 2>&1
run//switch_04.d.exe 1> log.tmp 2>&1

--------
run: dmd   -odobj  -ofrun//switch_05.d.exe run//switch_05.d 1> log.tmp 2>&1
run//switch_05.d.exe 1> log.tmp 2>&1

--------
run: dmd   -odobj  -ofrun//switch_06.d.exe run//switch_06.d 1> log.tmp 2>&1
run//switch_06.d.exe 1> log.tmp 2>&1

--------
run: dmd   -odobj  -ofrun//switch_07.d.exe run//switch_07.d 1> log.tmp 2>&1
run//switch_07.d.exe 1> log.tmp 2>&1

--------
run: dmd   -odobj  -ofrun//switch_14.d.exe run//switch_14.d 1> log.tmp 2>&1
run//switch_14.d.exe 1> log.tmp 2>&1

--------
run: dmd   -odobj  -ofrun//template_01.d.exe run//template_01.d 1> log.tmp 2>&1
run//template_01.d.exe 1> log.tmp 2>&1

--------
run: dmd   -odobj  -ofrun//template_03.d.exe run//template_03.d 1> log.tmp 2>&1
run//template_03.d.exe 1> log.tmp 2>&1

--------
run: dmd   -odobj  -ofrun//template_04.d.exe run//template_04.d 1> log.tmp 2>&1
run//template_04.d.exe 1> log.tmp 2>&1

--------
run: dmd   -odobj  -ofrun//template_07.d.exe run//template_07.d 1> log.tmp 2>&1
run//template_07.d:15: cannot implicitly convert expression this of type A to A

--------
run: dmd   -odobj  -ofrun//template_08.d.exe run//template_08.d 1> log.tmp 2>&1
run//template_08.d: In member function `_ctor':
run//template_08.d:16: internal compiler error: in expand_expr, at expr.c:6768
Please submit a full bug report,
with preprocessed source if appropriate.
See <URL:http://gcc.gnu.org/bugs.html> for instructions.

--------
run: dmd   -odobj  -ofrun//template_10.d.exe run//template_10.d 1> log.tmp 2>&1
run//template_10.d.exe 1> log.tmp 2>&1
Error: AssertError Failure run//template_10.d(18)

--------
run: dmd   -odobj  -ofrun//template_11.d.exe run//template_11.d 1> log.tmp 2>&1
run//template_11.d.exe 1> log.tmp 2>&1

--------
run: dmd   -odobj  -ofrun//template_12.d.exe run//template_12.d 1> log.tmp 2>&1
run//template_12.d.exe 1> log.tmp 2>&1
Error: AssertError Failure run//template_12.d(15)

--------
run: dmd   -odobj  -ofrun//template_class_01.d.exe run//template_class_01.d 1> log.tmp 2>&1
run//template_class_01.d.exe 1> log.tmp 2>&1

--------
run: dmd   -odobj  -ofrun//template_class_02.d.exe run//template_class_02.d 1> log.tmp 2>&1
run//template_class_02.d.exe 1> log.tmp 2>&1

--------
run: dmd   -odobj  -ofrun//template_class_03.d.exe run//template_class_03.d 1> log.tmp 2>&1
run//template_class_03.d:18: template instance MyClass!(long) MyClass is not a template declaration, it is a class
run//template_class_03.d:22: template instance dstress.run.template_class_03.MyClass!(int,long) error instantiating

--------
run: dmd   -odobj  -ofrun//template_class_04.d.exe run//template_class_04.d 1> log.tmp 2>&1
run//template_class_04.d:15: template instance Parent!() forward reference to template
run//template_class_04.d:15: Parent!() is used as a type
run//template_class_04.d:15: class dstress.run.template_class_04.Child base type must be class or interface, not void

--------
run: dmd   -odobj  -ofrun//template_class_05.d.exe run//template_class_05.d 1> log.tmp 2>&1
run//template_class_05.d:15: template instance Parent!() forward reference to template
run//template_class_05.d:15: Parent!() is used as a type
run//template_class_05.d:15: class dstress.run.template_class_05.Child base type must be class or interface, not void

--------
run: dmd   -odobj  -ofrun//template_class_06.d.exe run//template_class_06.d 1> log.tmp 2>&1
run//template_class_06.d.exe 1> log.tmp 2>&1

--------
run: dmd   -odobj  -ofrun//template_struct_01.d.exe run//template_struct_01.d 1> log.tmp 2>&1
run//template_struct_01.d.exe 1> log.tmp 2>&1

--------
run: dmd   -odobj  -ofrun//this_03.d.exe run//this_03.d 1> log.tmp 2>&1
run//this_03.d.exe 1> log.tmp 2>&1

--------
run: dmd   -odobj  -ofrun//throw_01.d.exe run//throw_01.d 1> log.tmp 2>&1
run//throw_01.d.exe 1> log.tmp 2>&1

--------
run: dmd   -odobj  -ofrun//throw_02.d.exe run//throw_02.d 1> log.tmp 2>&1
run//throw_02.d:17: can only throw class objects, not type Alias

--------
run: dmd   -odobj  -ofrun//throw_03.d.exe run//throw_03.d 1> log.tmp 2>&1
run//throw_03.d.exe 1> log.tmp 2>&1

--------
run: dmd   -odobj  -ofrun//try_01.d.exe run//try_01.d 1> log.tmp 2>&1
run//try_01.d.exe 1> log.tmp 2>&1

--------
run: dmd   -odobj  -ofrun//try_02.d.exe run//try_02.d 1> log.tmp 2>&1
run//try_02.d.exe 1> log.tmp 2>&1

--------
run: dmd   -odobj  -ofrun//try_03.d.exe run//try_03.d 1> log.tmp 2>&1
run//try_03.d.exe 1> log.tmp 2>&1

--------
run: dmd   -odobj  -ofrun//try_04.d.exe run//try_04.d 1> log.tmp 2>&1
run//try_04.d.exe 1> log.tmp 2>&1

--------
run: dmd   -odobj  -ofrun//try_06.d.exe run//try_06.d 1> log.tmp 2>&1
run//try_06.d.exe 1> log.tmp 2>&1

--------
run: dmd   -odobj  -ofrun//try_07.d.exe run//try_07.d 1> log.tmp 2>&1
run//try_07.d.exe 1> log.tmp 2>&1

--------
run: dmd   -odobj  -ofrun//try_08.d.exe run//try_08.d 1> log.tmp 2>&1
run//try_08.d.exe 1> log.tmp 2>&1

--------
run: dmd   -odobj  -ofrun//typedef_01.d.exe run//typedef_01.d 1> log.tmp 2>&1
run//typedef_01.d.exe 1> log.tmp 2>&1

--------
run: dmd   -odobj  -ofrun//typedef_02.d.exe run//typedef_02.d 1> log.tmp 2>&1
run//typedef_02.d.exe 1> log.tmp 2>&1

--------
run: dmd   -odobj  -ofrun//typedef_03.d.exe run//typedef_03.d 1> log.tmp 2>&1
run//typedef_03.d.exe 1> log.tmp 2>&1
Error: AssertError Failure run//typedef_03.d(19)

--------
run: dmd   -odobj  -ofrun//typedef_04.d.exe run//typedef_04.d 1> log.tmp 2>&1
run//typedef_04.d.exe 1> log.tmp 2>&1

--------
run: dmd   -odobj  -ofrun//typeid_01.d.exe run//typeid_01.d 1> log.tmp 2>&1
run//typeid_01.d.exe 1> log.tmp 2>&1

--------
run: dmd   -odobj  -ofrun//typeid_02.d.exe run//typeid_02.d 1> log.tmp 2>&1
run//typeid_02.d.exe 1> log.tmp 2>&1

--------
run: dmd   -odobj  -ofrun//typeid_03.d.exe run//typeid_03.d 1> log.tmp 2>&1
run//typeid_03.d.exe 1> log.tmp 2>&1

--------
run: dmd   -odobj  -ofrun//typeid_04.d.exe run//typeid_04.d 1> log.tmp 2>&1
/usr/bin/ld: Undefined symbols:
__init_11TypeInfo_Af
collect2: ld returned 1 exit status

--------
run: dmd   -odobj  -ofrun//typeid_05.d.exe run//typeid_05.d 1> log.tmp 2>&1
/usr/bin/ld: Undefined symbols:
__init_11TypeInfo_Aq
collect2: ld returned 1 exit status

--------
run: dmd   -odobj  -ofrun//typeid_06.d.exe run//typeid_06.d 1> log.tmp 2>&1
/usr/bin/ld: Undefined symbols:
__init_11TypeInfo_Ao
collect2: ld returned 1 exit status

--------
run: dmd   -odobj  -ofrun//typeid_07.d.exe run//typeid_07.d 1> log.tmp 2>&1
/usr/bin/ld: Undefined symbols:
__init_11TypeInfo_Ad
collect2: ld returned 1 exit status

--------
run: dmd   -odobj  -ofrun//typeid_08.d.exe run//typeid_08.d 1> log.tmp 2>&1
/usr/bin/ld: Undefined symbols:
__init_11TypeInfo_Ar
collect2: ld returned 1 exit status

--------
run: dmd   -odobj  -ofrun//typeid_09.d.exe run//typeid_09.d 1> log.tmp 2>&1
/usr/bin/ld: Undefined symbols:
__init_11TypeInfo_Ap
collect2: ld returned 1 exit status

--------
run: dmd   -odobj  -ofrun//typeid_10.d.exe run//typeid_10.d 1> log.tmp 2>&1
/usr/bin/ld: Undefined symbols:
__init_11TypeInfo_Ae
collect2: ld returned 1 exit status

--------
run: dmd   -odobj  -ofrun//typeid_11.d.exe run//typeid_11.d 1> log.tmp 2>&1
/usr/bin/ld: Undefined symbols:
__init_11TypeInfo_Ac
collect2: ld returned 1 exit status

--------
run: dmd   -odobj  -ofrun//typeid_12.d.exe run//typeid_12.d 1> log.tmp 2>&1
/usr/bin/ld: Undefined symbols:
__init_11TypeInfo_Aj
collect2: ld returned 1 exit status

--------
run: dmd   -odobj  -ofrun//typeid_13.d.exe run//typeid_13.d 1> log.tmp 2>&1
/usr/bin/ld: Undefined symbols:
__init_10TypeInfo_v
collect2: ld returned 1 exit status

--------
run: dmd   -odobj  -ofrun//typeid_14.d.exe run//typeid_14.d 1> log.tmp 2>&1
/usr/bin/ld: Undefined symbols:
__init_11TypeInfo_Av
collect2: ld returned 1 exit status

--------
run: dmd   -odobj  -ofrun//typeid_15.d.exe run//typeid_15.d 1> log.tmp 2>&1
run//typeid_15.d.exe 1> log.tmp 2>&1

--------
run: dmd   -odobj  -ofrun//typeid_16.d.exe run//typeid_16.d 1> log.tmp 2>&1
run//typeid_16.d.exe 1> log.tmp 2>&1

--------
run: dmd   -odobj  -ofrun//typeid_17.d.exe run//typeid_17.d 1> log.tmp 2>&1
/usr/bin/ld: Undefined symbols:
__init_11TypeInfo_Ab
collect2: ld returned 1 exit status

--------
run: dmd   -odobj  -ofrun//typeid_18.d.exe run//typeid_18.d 1> log.tmp 2>&1
run//typeid_18.d.exe 1> log.tmp 2>&1

--------
run: dmd   -odobj  -ofrun//typeid_19.d.exe run//typeid_19.d 1> log.tmp 2>&1
run//typeid_19.d.exe 1> log.tmp 2>&1

--------
run: dmd   -odobj  -ofrun//typeid_20.d.exe run//typeid_20.d 1> log.tmp 2>&1
run//typeid_20.d.exe 1> log.tmp 2>&1

--------
run: dmd   -odobj  -ofrun//typeid_21.d.exe run//typeid_21.d 1> log.tmp 2>&1
run//typeid_21.d.exe 1> log.tmp 2>&1

--------
run: dmd   -odobj  -ofrun//typeid_22.d.exe run//typeid_22.d 1> log.tmp 2>&1
run//typeid_22.d.exe 1> log.tmp 2>&1

--------
run: dmd   -odobj  -ofrun//typeid_23.d.exe run//typeid_23.d 1> log.tmp 2>&1
run//typeid_23.d.exe 1> log.tmp 2>&1

--------
run: dmd   -odobj  -ofrun//typeid_24.d.exe run//typeid_24.d 1> log.tmp 2>&1
run//typeid_24.d.exe 1> log.tmp 2>&1

--------
run: dmd   -odobj  -ofrun//typeid_25.d.exe run//typeid_25.d 1> log.tmp 2>&1
run//typeid_25.d.exe 1> log.tmp 2>&1

--------
run: dmd   -odobj  -ofrun//typeid_26.d.exe run//typeid_26.d 1> log.tmp 2>&1
run//typeid_26.d.exe 1> log.tmp 2>&1

--------
run: dmd   -odobj  -ofrun//typeid_27.d.exe run//typeid_27.d 1> log.tmp 2>&1
run//typeid_27.d.exe 1> log.tmp 2>&1

--------
run: dmd   -odobj  -ofrun//typeid_28.d.exe run//typeid_28.d 1> log.tmp 2>&1
run//typeid_28.d.exe 1> log.tmp 2>&1

--------
run: dmd   -odobj  -ofrun//typeid_29.d.exe run//typeid_29.d 1> log.tmp 2>&1
run//typeid_29.d.exe 1> log.tmp 2>&1

--------
run: dmd   -odobj  -ofrun//typeid_30.d.exe run//typeid_30.d 1> log.tmp 2>&1
run//typeid_30.d.exe 1> log.tmp 2>&1

--------
run: dmd   -odobj  -ofrun//typeid_31.d.exe run//typeid_31.d 1> log.tmp 2>&1
run//typeid_31.d.exe 1> log.tmp 2>&1

--------
run: dmd   -odobj  -ofrun//typeid_32.d.exe run//typeid_32.d 1> log.tmp 2>&1
run//typeid_32.d.exe 1> log.tmp 2>&1

--------
run: dmd   -odobj  -ofrun//typeid_33.d.exe run//typeid_33.d 1> log.tmp 2>&1
run//typeid_33.d.exe 1> log.tmp 2>&1

--------
run: dmd   -odobj  -ofrun//typeid_34.d.exe run//typeid_34.d 1> log.tmp 2>&1
run//typeid_34.d.exe 1> log.tmp 2>&1

--------
run: dmd   -odobj  -ofrun//typeid_35.d.exe run//typeid_35.d 1> log.tmp 2>&1
run//typeid_35.d.exe 1> log.tmp 2>&1

--------
run: dmd   -odobj  -ofrun//typeid_36.d.exe run//typeid_36.d 1> log.tmp 2>&1
run//typeid_36.d.exe 1> log.tmp 2>&1

--------
run: dmd   -odobj  -ofrun//typeid_37.d.exe run//typeid_37.d 1> log.tmp 2>&1
run//typeid_37.d.exe 1> log.tmp 2>&1

--------
run: dmd   -odobj  -ofrun//typeid_38.d.exe run//typeid_38.d 1> log.tmp 2>&1
run//typeid_38.d.exe 1> log.tmp 2>&1

--------
run: dmd   -odobj  -ofrun//typeid_39.d.exe run//typeid_39.d 1> log.tmp 2>&1
run//typeid_39.d.exe 1> log.tmp 2>&1

--------
run: dmd   -odobj  -ofrun//typeid_40.d.exe run//typeid_40.d 1> log.tmp 2>&1
run//typeid_40.d.exe 1> log.tmp 2>&1

--------
run: dmd   -odobj  -ofrun//typeid_41.d.exe run//typeid_41.d 1> log.tmp 2>&1
run//typeid_41.d.exe 1> log.tmp 2>&1

--------
run: dmd   -odobj  -ofrun//typeid_42.d.exe run//typeid_42.d 1> log.tmp 2>&1
run//typeid_42.d.exe 1> log.tmp 2>&1

--------
run: dmd   -odobj  -ofrun//typeid_43.d.exe run//typeid_43.d 1> log.tmp 2>&1
run//typeid_43.d.exe 1> log.tmp 2>&1

--------
run: dmd   -odobj  -ofrun//typeid_44.d.exe run//typeid_44.d 1> log.tmp 2>&1
run//typeid_44.d.exe 1> log.tmp 2>&1

--------
run: dmd   -odobj  -ofrun//typeid_45.d.exe run//typeid_45.d 1> log.tmp 2>&1
run//typeid_45.d.exe 1> log.tmp 2>&1

--------
run: dmd   -odobj  -ofrun//typeid_46.d.exe run//typeid_46.d 1> log.tmp 2>&1
run//typeid_46.d.exe 1> log.tmp 2>&1

--------
run: dmd   -odobj  -ofrun//typeid_47.d.exe run//typeid_47.d 1> log.tmp 2>&1
run//typeid_47.d.exe 1> log.tmp 2>&1

--------
run: dmd   -odobj  -ofrun//typeid_48.d.exe run//typeid_48.d 1> log.tmp 2>&1
run//typeid_48.d.exe 1> log.tmp 2>&1

--------
run: dmd   -odobj  -ofrun//typeid_49.d.exe run//typeid_49.d 1> log.tmp 2>&1
run//typeid_49.d.exe 1> log.tmp 2>&1

--------
run: dmd   -odobj  -ofrun//typeid_50.d.exe run//typeid_50.d 1> log.tmp 2>&1
run//typeid_50.d.exe 1> log.tmp 2>&1

--------
run: dmd   -odobj  -ofrun//typeid_51.d.exe run//typeid_51.d 1> log.tmp 2>&1
run//typeid_51.d.exe 1> log.tmp 2>&1

--------
run: dmd   -odobj  -ofrun//typeid_52.d.exe run//typeid_52.d 1> log.tmp 2>&1
run//typeid_52.d.exe 1> log.tmp 2>&1

--------
run: dmd   -odobj  -ofrun//typeid_53.d.exe run//typeid_53.d 1> log.tmp 2>&1
run//typeid_53.d.exe 1> log.tmp 2>&1

--------
run: dmd   -odobj  -ofrun//typeid_54.d.exe run//typeid_54.d 1> log.tmp 2>&1
run//typeid_54.d.exe 1> log.tmp 2>&1

--------
run: dmd   -odobj  -ofrun//typeid_55.d.exe run//typeid_55.d 1> log.tmp 2>&1
run//typeid_55.d.exe 1> log.tmp 2>&1

--------
run: dmd   -odobj  -ofrun//typeid_56.d.exe run//typeid_56.d 1> log.tmp 2>&1
run//typeid_56.d.exe 1> log.tmp 2>&1

--------
run: dmd   -odobj  -ofrun//typeid_57.d.exe run//typeid_57.d 1> log.tmp 2>&1
run//typeid_57.d.exe 1> log.tmp 2>&1

--------
run: dmd   -odobj  -ofrun//typeid_58.d.exe run//typeid_58.d 1> log.tmp 2>&1
run//typeid_58.d.exe 1> log.tmp 2>&1

--------
run: dmd   -odobj  -ofrun//typeid_59.d.exe run//typeid_59.d 1> log.tmp 2>&1
run//typeid_59.d.exe 1> log.tmp 2>&1

--------
run: dmd   -odobj  -ofrun//typeid_60.d.exe run//typeid_60.d 1> log.tmp 2>&1
run//typeid_60.d.exe 1> log.tmp 2>&1

--------
run: dmd   -odobj  -ofrun//typeid_61.d.exe run//typeid_61.d 1> log.tmp 2>&1
run//typeid_61.d.exe 1> log.tmp 2>&1

--------
run: dmd   -odobj  -ofrun//typeid_62.d.exe run//typeid_62.d 1> log.tmp 2>&1
run//typeid_62.d.exe 1> log.tmp 2>&1

--------
run: dmd   -odobj  -ofrun//typeid_63.d.exe run//typeid_63.d 1> log.tmp 2>&1
run//typeid_63.d.exe 1> log.tmp 2>&1

--------
run: dmd   -odobj  -ofrun//typeid_64.d.exe run//typeid_64.d 1> log.tmp 2>&1
run//typeid_64.d.exe 1> log.tmp 2>&1

--------
run: dmd   -odobj  -ofrun//typeid_65.d.exe run//typeid_65.d 1> log.tmp 2>&1
run//typeid_65.d.exe 1> log.tmp 2>&1

--------
run: dmd   -odobj  -ofrun//typeid_66.d.exe run//typeid_66.d 1> log.tmp 2>&1
run//typeid_66.d.exe 1> log.tmp 2>&1

--------
run: dmd   -odobj  -ofrun//typeid_67.d.exe run//typeid_67.d 1> log.tmp 2>&1
run//typeid_67.d.exe 1> log.tmp 2>&1

--------
run: dmd   -odobj  -ofrun//typeid_68.d.exe run//typeid_68.d 1> log.tmp 2>&1
run//typeid_68.d.exe 1> log.tmp 2>&1

--------
run: dmd   -odobj  -ofrun//typeid_69.d.exe run//typeid_69.d 1> log.tmp 2>&1
run//typeid_69.d.exe 1> log.tmp 2>&1

--------
run: dmd   -odobj  -ofrun//typeid_70.d.exe run//typeid_70.d 1> log.tmp 2>&1
run//typeid_70.d.exe 1> log.tmp 2>&1

--------
run: dmd   -odobj  -ofrun//typeid_71.d.exe run//typeid_71.d 1> log.tmp 2>&1
run//typeid_71.d.exe 1> log.tmp 2>&1

--------
run: dmd   -odobj  -ofrun//typeid_72.d.exe run//typeid_72.d 1> log.tmp 2>&1
run//typeid_72.d.exe 1> log.tmp 2>&1

--------
run: dmd   -odobj  -ofrun//typeid_73.d.exe run//typeid_73.d 1> log.tmp 2>&1
run//typeid_73.d.exe 1> log.tmp 2>&1

--------
run: dmd   -odobj  -ofrun//typeid_74.d.exe run//typeid_74.d 1> log.tmp 2>&1
run//typeid_74.d.exe 1> log.tmp 2>&1

--------
run: dmd   -odobj  -ofrun//typeid_75.d.exe run//typeid_75.d 1> log.tmp 2>&1
run//typeid_75.d.exe 1> log.tmp 2>&1

--------
run: dmd   -odobj  -ofrun//typeid_76.d.exe run//typeid_76.d 1> log.tmp 2>&1
run//typeid_76.d.exe 1> log.tmp 2>&1

--------
run: dmd   -odobj  -ofrun//typeid_77.d.exe run//typeid_77.d 1> log.tmp 2>&1
run//typeid_77.d.exe 1> log.tmp 2>&1

--------
run: dmd   -odobj  -ofrun//typeid_78.d.exe run//typeid_78.d 1> log.tmp 2>&1
run//typeid_78.d.exe 1> log.tmp 2>&1

--------
run: dmd   -odobj  -ofrun//typeid_79.d.exe run//typeid_79.d 1> log.tmp 2>&1
run//typeid_79.d.exe 1> log.tmp 2>&1

--------
run: dmd   -odobj  -ofrun//typeid_80.d.exe run//typeid_80.d 1> log.tmp 2>&1
run//typeid_80.d.exe 1> log.tmp 2>&1

--------
run: dmd   -odobj  -ofrun//typeid_81.d.exe run//typeid_81.d 1> log.tmp 2>&1
run//typeid_81.d.exe 1> log.tmp 2>&1

--------
run: dmd   -odobj  -ofrun//typeid_82.d.exe run//typeid_82.d 1> log.tmp 2>&1
run//typeid_82.d.exe 1> log.tmp 2>&1

--------
run: dmd   -odobj  -ofrun//typeid_83.d.exe run//typeid_83.d 1> log.tmp 2>&1
run//typeid_83.d.exe 1> log.tmp 2>&1

--------
run: dmd   -odobj  -ofrun//typeof_01.d.exe run//typeof_01.d 1> log.tmp 2>&1
run//typeof_01.d.exe 1> log.tmp 2>&1

--------
run: dmd   -odobj  -ofrun//typeof_02.d.exe run//typeof_02.d 1> log.tmp 2>&1
run//typeof_02.d.exe 1> log.tmp 2>&1

--------
run: dmd   -odobj  -ofrun//typeof_03.d.exe run//typeof_03.d 1> log.tmp 2>&1
run//typeof_03.d.exe 1> log.tmp 2>&1

--------
run: dmd   -odobj  -ofrun//typeof_04.d.exe run//typeof_04.d 1> log.tmp 2>&1
run//typeof_04.d.exe 1> log.tmp 2>&1

--------
run: dmd   -odobj  -ofrun//types_declaration_01.d.exe run//types_declaration_01.d 1> log.tmp 2>&1
run//types_declaration_01.d.exe 1> log.tmp 2>&1

--------
run: dmd   -odobj  -ofrun//types_defining_01.d.exe run//types_defining_01.d 1> log.tmp 2>&1
run//types_defining_01.d.exe 1> log.tmp 2>&1

--------
run: dmd   -odobj  -ofrun//ubyte_01.d.exe run//ubyte_01.d 1> log.tmp 2>&1
run//ubyte_01.d.exe 1> log.tmp 2>&1

--------
run: dmd   -odobj  -ofrun//ubyte_04.d.exe run//ubyte_04.d 1> log.tmp 2>&1
run//ubyte_04.d.exe 1> log.tmp 2>&1

--------
run: dmd   -odobj  -ofrun//ubyte_05.d.exe run//ubyte_05.d 1> log.tmp 2>&1
run//ubyte_05.d.exe 1> log.tmp 2>&1

--------
run: dmd   -odobj  -ofrun//ubyte_06.d.exe run//ubyte_06.d 1> log.tmp 2>&1
run//ubyte_06.d.exe 1> log.tmp 2>&1

--------
run: dmd   -odobj  -ofrun//ubyte_07.d.exe run//ubyte_07.d 1> log.tmp 2>&1
run//ubyte_07.d.exe 1> log.tmp 2>&1

--------
run: dmd   -odobj  -ofrun//uint_01.d.exe run//uint_01.d 1> log.tmp 2>&1
run//uint_01.d.exe 1> log.tmp 2>&1

--------
run: dmd   -odobj  -ofrun//unicode_01.d.exe run//unicode_01.d 1> log.tmp 2>&1
run//unicode_01.d.exe 1> log.tmp 2>&1

--------
run: dmd   -odobj  -ofrun//unicode_02.d.exe run//unicode_02.d 1> log.tmp 2>&1
run//unicode_02.d.exe 1> log.tmp 2>&1

--------
run: dmd   -odobj  -ofrun//unicode_03.d.exe run//unicode_03.d 1> log.tmp 2>&1
run//unicode_03.d:5: invalid UTF-8 sequence

--------
run: dmd   -odobj  -ofrun//unicode_04.d.exe run//unicode_04.d 1> log.tmp 2>&1
run//unicode_04.d:5: invalid UTF-8 sequence

--------
run: dmd   -odobj  -ofrun//unicode_05.d.exe run//unicode_05.d 1> log.tmp 2>&1
run//unicode_05.d:5: invalid UTF-8 sequence

--------
run: dmd   -odobj  -ofrun//unicode_06.d.exe run//unicode_06.d 1> log.tmp 2>&1
run//unicode_06.d:5: invalid UTF-8 sequence

--------
run: dmd   -odobj  -ofrun//unicode_07.d.exe run//unicode_07.d 1> log.tmp 2>&1
run//unicode_07.d:5: invalid UTF-8 sequence

--------
run: dmd   -odobj  -ofrun//union_01.d.exe run//union_01.d 1> log.tmp 2>&1
run//union_01.d.exe 1> log.tmp 2>&1

--------
run: dmd   -odobj  -ofrun//union_02.d.exe run//union_02.d 1> log.tmp 2>&1
run//union_02.d.exe 1> log.tmp 2>&1

--------
run: dmd   -odobj  -ofrun//union_03.d.exe run//union_03.d 1> log.tmp 2>&1
run//union_03.d.exe 1> log.tmp 2>&1

--------
run: dmd   -odobj  -ofrun//union_04.d.exe run//union_04.d 1> log.tmp 2>&1
run//union_04.d.exe 1> log.tmp 2>&1

--------
run: dmd   -odobj  -ofrun//union_05.d.exe run//union_05.d 1> log.tmp 2>&1
run//union_05.d.exe 1> log.tmp 2>&1

--------
run: dmd   -odobj  -ofrun//union_06.d.exe run//union_06.d 1> log.tmp 2>&1
run//union_06.d.exe 1> log.tmp 2>&1

--------
run: dmd   -odobj  -ofrun//union_07.d.exe run//union_07.d 1> log.tmp 2>&1
run//union_07.d.exe 1> log.tmp 2>&1

--------
run: dmd   -unittest -odobj  -ofrun//unittest_01.d.exe run//unittest_01.d 1> log.tmp 2>&1
run//unittest_01.d.exe 1> log.tmp 2>&1

--------
run: dmd   -odobj  -ofrun//ushort_01.d.exe run//ushort_01.d 1> log.tmp 2>&1
run//ushort_01.d.exe 1> log.tmp 2>&1

--------
run: dmd   -odobj  -ofrun//ushort_04.d.exe run//ushort_04.d 1> log.tmp 2>&1
run//ushort_04.d.exe 1> log.tmp 2>&1

--------
run: dmd   -odobj  -ofrun//ushort_05.d.exe run//ushort_05.d 1> log.tmp 2>&1
run//ushort_05.d.exe 1> log.tmp 2>&1

--------
run: dmd   -odobj  -ofrun//ushort_06.d.exe run//ushort_06.d 1> log.tmp 2>&1
run//ushort_06.d.exe 1> log.tmp 2>&1

--------
run: dmd   -odobj  -ofrun//values_01.d.exe run//values_01.d 1> log.tmp 2>&1
run//values_01.d.exe 1> log.tmp 2>&1

--------
run: dmd   -odobj  -ofrun//version_01.d.exe run//version_01.d 1> log.tmp 2>&1
run//version_01.d.exe 1> log.tmp 2>&1

--------
run: dmd   -odobj  -ofrun//version_02.d.exe run//version_02.d 1> log.tmp 2>&1
run//version_02.d.exe 1> log.tmp 2>&1
Error: AssertError Failure run//version_02.d(30)

--------
run: dmd   -odobj  -ofrun//version_03.d.exe run//version_03.d 1> log.tmp 2>&1
run//version_03.d.exe 1> log.tmp 2>&1

--------
run: dmd   -odobj  -ofrun//version_04.d.exe run//version_04.d 1> log.tmp 2>&1
run//version_04.d.exe 1> log.tmp 2>&1

--------
run: dmd   -odobj  -ofrun//version_05.d.exe run//version_05.d 1> log.tmp 2>&1
run//version_05.d.exe 1> log.tmp 2>&1

--------
run: dmd   -odobj  -ofrun//version_07.d.exe run//version_07.d 1> log.tmp 2>&1
run//version_07.d.exe 1> log.tmp 2>&1

--------
run: dmd   -odobj  -ofrun//version_08.d.exe run//version_08.d 1> log.tmp 2>&1
run//version_08.d.exe 1> log.tmp 2>&1

--------
run: dmd   -odobj  -ofrun//version_29.d.exe run//version_29.d 1> log.tmp 2>&1
run//version_29.d.exe 1> log.tmp 2>&1

--------
run: dmd   -odobj  -ofrun//wchar_03.d.exe run//wchar_03.d 1> log.tmp 2>&1
run//wchar_03.d.exe 1> log.tmp 2>&1

--------
run: dmd   -odobj  -ofrun//wchar_05.d.exe run//wchar_05.d 1> log.tmp 2>&1
run//wchar_05.d.exe 1> log.tmp 2>&1

--------
run: dmd   -odobj  -ofrun//wchar_07.d.exe run//wchar_07.d 1> log.tmp 2>&1
run//wchar_07.d.exe 1> log.tmp 2>&1

--------
run: dmd   -odobj  -ofrun//wchar_08.d.exe run//wchar_08.d 1> log.tmp 2>&1
run//wchar_08.d.exe 1> log.tmp 2>&1

--------
run: dmd   -odobj  -ofrun//wchar_09.d.exe run//wchar_09.d 1> log.tmp 2>&1
run//wchar_09.d.exe 1> log.tmp 2>&1

--------
run: dmd   -odobj  -ofrun//while_01.d.exe run//while_01.d 1> log.tmp 2>&1
run//while_01.d.exe 1> log.tmp 2>&1

--------
run: dmd   -odobj  -ofrun//while_02.d.exe run//while_02.d 1> log.tmp 2>&1
run//while_02.d.exe 1> log.tmp 2>&1

--------
run: dmd   -odobj  -ofrun//while_03.d.exe run//while_03.d 1> log.tmp 2>&1
run//while_03.d.exe 1> log.tmp 2>&1

--------
run: dmd   -odobj  -ofrun//with_01.d.exe run//with_01.d 1> log.tmp 2>&1
run//with_01.d.exe 1> log.tmp 2>&1

--------
run: dmd   -odobj  -ofrun//with_02.d.exe run//with_02.d 1> log.tmp 2>&1
run//with_02.d.exe 1> log.tmp 2>&1

--------
run: dmd   -odobj  -ofrun//with_03.d.exe run//with_03.d 1> log.tmp 2>&1
run//with_03.d.exe 1> log.tmp 2>&1

--------
run: dmd   -odobj  -ofrun//with_04.d.exe run//with_04.d 1> log.tmp 2>&1
run//with_04.d.exe 1> log.tmp 2>&1

--------
run: dmd   -odobj  -ofrun//with_08.d.exe run//with_08.d 1> log.tmp 2>&1
run//with_08.d.exe 1> log.tmp 2>&1

--------
run: dmd   -odobj  -ofrun//with_09.d.exe run//with_09.d 1> log.tmp 2>&1
run//with_09.d.exe 1> log.tmp 2>&1

--------
run: dmd   -odobj  -ofrun//with_10.d.exe run//with_10.d 1> log.tmp 2>&1
run//with_10.d.exe 1> log.tmp 2>&1

--------
run: dmd   -odobj  -ofrun//with_11.d.exe run//with_11.d 1> log.tmp 2>&1
run//with_11.d:18: variable dstress.run.with_11.main.__withSym reference to auto class must be auto

--------
run: dmd   -odobj  -ofrun//xhtml_tag_01.html.exe run//xhtml_tag_01.html 1> log.tmp 2>&1
run//xhtml_tag_01.html.exe 1> log.tmp 2>&1

--------
norun: dmd   -odobj  -ofnorun//slice_06.d.exe norun//slice_06.d 1> log.tmp 2>&1
norun//slice_06.d.exe 1> log.tmp 2>&1
Error: ArrayBoundsError norun//slice_06.d(13)

--------
norun: dmd   -odobj  -ofnorun//slice_08.d.exe norun//slice_08.d 1> log.tmp 2>&1
norun//slice_08.d.exe 1> log.tmp 2>&1
Error: ArrayBoundsError norun//slice_08.d(13)

--------
dmd: no input files
dmd: no input files
gdc: .d: linker input file unused because linking not done
gdc: .d: linker input file unused because linking not done
gdc: .o: No such file or directory
gdc: no input files
..d:0: error: invalid file name '..d'
..d:0: error: invalid file name '..d'
Error: Error reading file 'dstress/complex/linking/a.d'

Error: Error reading file 'dstress/complex/linking/a.d'

sh: line 1: ./complex/linking/linking_01: No such file or directory
